This file contains any messages produced by compilers while
running configure, to aid debugging if configure makes a mistake.

It was created by gsmmap configure 0.0.0.1205-07ce6, which was
generated by GNU Autoconf 2.69.  Invocation command line was

  $ ./configure 

## --------- ##
## Platform. ##
## --------- ##

hostname = ubuntu
uname -m = x86_64
uname -r = 3.13.0-24-generic
uname -s = Linux
uname -v = #47-Ubuntu SMP Fri May 2 23:30:00 UTC 2014

/usr/bin/uname -p = unknown
/bin/uname -X     = unknown

/bin/arch              = unknown
/usr/bin/arch -k       = unknown
/usr/convex/getsysinfo = unknown
/usr/bin/hostinfo      = unknown
/bin/machine           = unknown
/usr/bin/oslevel       = unknown
/bin/universe          = unknown

PATH: /usr/local/sbin
PATH: /usr/local/bin
PATH: /usr/sbin
PATH: /usr/bin
PATH: /sbin
PATH: /bin
PATH: /usr/games
PATH: /usr/local/games
PATH: /home/phd/toolchain/install/bin


## ----------- ##
## Core tests. ##
## ----------- ##

configure:1944: checking for a BSD-compatible install
configure:2012: result: /usr/bin/install -c
configure:2023: checking whether build environment is sane
configure:2078: result: yes
configure:2229: checking for a thread-safe mkdir -p
configure:2268: result: /bin/mkdir -p
configure:2275: checking for gawk
configure:2305: result: no
configure:2275: checking for mawk
configure:2291: found /usr/bin/mawk
configure:2302: result: mawk
configure:2313: checking whether make sets $(MAKE)
configure:2335: result: yes
configure:2364: checking whether make supports nested variables
configure:2381: result: yes
configure:2518: checking whether make supports nested variables
configure:2535: result: yes
configure:2547: checking whether make sets $(MAKE)
configure:2569: result: yes
configure:2626: checking for gcc
configure:2642: found /usr/bin/gcc
configure:2653: result: gcc
configure:2882: checking for C compiler version
configure:2891: gcc --version >&5
gcc (Ubuntu 4.8.2-19ubuntu1) 4.8.2
Copyright (C) 2013 Free Software Foundation, Inc.
This is free software; see the source for copying conditions.  There is NO
warranty; not even for MERCHANTABILITY or FITNESS FOR A PARTICULAR PURPOSE.

configure:2902: $? = 0
configure:2891: gcc -v >&5
Using built-in specs.
COLLECT_GCC=gcc
COLLECT_LTO_WRAPPER=/usr/lib/gcc/x86_64-linux-gnu/4.8/lto-wrapper
Target: x86_64-linux-gnu
Configured with: ../src/configure -v --with-pkgversion='Ubuntu 4.8.2-19ubuntu1' --with-bugurl=file:///usr/share/doc/gcc-4.8/README.Bugs --enable-languages=c,c++,java,go,d,fortran,objc,obj-c++ --prefix=/usr --program-suffix=-4.8 --enable-shared --enable-linker-build-id --libexecdir=/usr/lib --without-included-gettext --enable-threads=posix --with-gxx-include-dir=/usr/include/c++/4.8 --libdir=/usr/lib --enable-nls --with-sysroot=/ --enable-clocale=gnu --enable-libstdcxx-debug --enable-libstdcxx-time=yes --enable-gnu-unique-object --disable-libmudflap --enable-plugin --with-system-zlib --disable-browser-plugin --enable-java-awt=gtk --enable-gtk-cairo --with-java-home=/usr/lib/jvm/java-1.5.0-gcj-4.8-amd64/jre --enable-java-home --with-jvm-root-dir=/usr/lib/jvm/java-1.5.0-gcj-4.8-amd64 --with-jvm-jar-dir=/usr/lib/jvm-exports/java-1.5.0-gcj-4.8-amd64 --with-arch-directory=amd64 --with-ecj-jar=/usr/share/java/eclipse-ecj.jar --enable-objc-gc --enable-multiarch --disable-werror --with-arch-32=i686 --with-abi=m64 --with-multilib-list=m32,m64,mx32 --with-tune=generic --enable-checking=release --build=x86_64-linux-gnu --host=x86_64-linux-gnu --target=x86_64-linux-gnu
Thread model: posix
gcc version 4.8.2 (Ubuntu 4.8.2-19ubuntu1) 
configure:2902: $? = 0
configure:2891: gcc -V >&5
gcc: error: unrecognized command line option '-V'
gcc: fatal error: no input files
compilation terminated.
configure:2902: $? = 4
configure:2891: gcc -qversion >&5
gcc: error: unrecognized command line option '-qversion'
gcc: fatal error: no input files
compilation terminated.
configure:2902: $? = 4
configure:2922: checking whether the C compiler works
configure:2944: gcc    conftest.c  >&5
configure:2948: $? = 0
configure:2996: result: yes
configure:2999: checking for C compiler default output file name
configure:3001: result: a.out
configure:3007: checking for suffix of executables
configure:3014: gcc -o conftest    conftest.c  >&5
configure:3018: $? = 0
configure:3040: result: 
configure:3062: checking whether we are cross compiling
configure:3070: gcc -o conftest    conftest.c  >&5
configure:3074: $? = 0
configure:3081: ./conftest
configure:3085: $? = 0
configure:3100: result: no
configure:3105: checking for suffix of object files
configure:3127: gcc -c   conftest.c >&5
configure:3131: $? = 0
configure:3152: result: o
configure:3156: checking whether we are using the GNU C compiler
configure:3175: gcc -c   conftest.c >&5
configure:3175: $? = 0
configure:3184: result: yes
configure:3193: checking whether gcc accepts -g
configure:3213: gcc -c -g  conftest.c >&5
configure:3213: $? = 0
configure:3254: result: yes
configure:3271: checking for gcc option to accept ISO C89
configure:3334: gcc  -c -g -O2  conftest.c >&5
configure:3334: $? = 0
configure:3347: result: none needed
configure:3372: checking whether gcc understands -c and -o together
configure:3394: gcc -c conftest.c -o conftest2.o
configure:3397: $? = 0
configure:3394: gcc -c conftest.c -o conftest2.o
configure:3397: $? = 0
configure:3409: result: yes
configure:3437: checking for style of include used by make
configure:3465: result: GNU
configure:3491: checking dependency style of gcc
configure:3602: result: gcc3
configure:3673: checking for pkg-config
configure:3691: found /usr/bin/pkg-config
configure:3703: result: /usr/bin/pkg-config
configure:3728: checking pkg-config is at least version 0.9.0
configure:3731: result: yes
configure:3741: checking for LIBOSMOCORE
configure:3826: result: yes
configure:3832: checking for LIBOSMOGSM
configure:3917: result: yes
configure:3928: checking how to run the C preprocessor
configure:3959: gcc -E  conftest.c
configure:3959: $? = 0
configure:3973: gcc -E  conftest.c
conftest.c:11:28: fatal error: ac_nonexistent.h: No such file or directory
 #include <ac_nonexistent.h>
                            ^
compilation terminated.
configure:3973: $? = 1
configure: failed program was:
| /* confdefs.h */
| #define PACKAGE_NAME "gsmmap"
| #define PACKAGE_TARNAME "gsmmap"
| #define PACKAGE_VERSION "0.0.0.1205-07ce6"
| #define PACKAGE_STRING "gsmmap 0.0.0.1205-07ce6"
| #define PACKAGE_BUGREPORT "baseband-devel@lists.osmocom.org"
| #define PACKAGE_URL ""
| #define PACKAGE "gsmmap"
| #define VERSION "0.0.0.1205-07ce6"
| /* end confdefs.h.  */
| #include <ac_nonexistent.h>
configure:3998: result: gcc -E
configure:4018: gcc -E  conftest.c
configure:4018: $? = 0
configure:4032: gcc -E  conftest.c
conftest.c:11:28: fatal error: ac_nonexistent.h: No such file or directory
 #include <ac_nonexistent.h>
                            ^
compilation terminated.
configure:4032: $? = 1
configure: failed program was:
| /* confdefs.h */
| #define PACKAGE_NAME "gsmmap"
| #define PACKAGE_TARNAME "gsmmap"
| #define PACKAGE_VERSION "0.0.0.1205-07ce6"
| #define PACKAGE_STRING "gsmmap 0.0.0.1205-07ce6"
| #define PACKAGE_BUGREPORT "baseband-devel@lists.osmocom.org"
| #define PACKAGE_URL ""
| #define PACKAGE "gsmmap"
| #define VERSION "0.0.0.1205-07ce6"
| /* end confdefs.h.  */
| #include <ac_nonexistent.h>
configure:4061: checking for grep that handles long lines and -e
configure:4119: result: /bin/grep
configure:4124: checking for egrep
configure:4186: result: /bin/grep -E
configure:4191: checking for ANSI C header files
configure:4211: gcc -c -g -O2  conftest.c >&5
configure:4211: $? = 0
configure:4284: gcc -o conftest -g -O2   conftest.c  >&5
configure:4284: $? = 0
configure:4284: ./conftest
configure:4284: $? = 0
configure:4295: result: yes
configure:4452: checking that generated files are newer than configure
configure:4458: result: done
configure:4481: creating ./config.status

## ---------------------- ##
## Running config.status. ##
## ---------------------- ##

This file was extended by gsmmap config.status 0.0.0.1205-07ce6, which was
generated by GNU Autoconf 2.69.  Invocation command line was

  CONFIG_FILES    = 
  CONFIG_HEADERS  = 
  CONFIG_LINKS    = 
  CONFIG_COMMANDS = 
  $ ./config.status 

on ubuntu

config.status:782: creating Makefile
config.status:954: executing depfiles commands

## ---------------- ##
## Cache variables. ##
## ---------------- ##

ac_cv_c_compiler_gnu=yes
ac_cv_env_CC_set=
ac_cv_env_CC_value=
ac_cv_env_CFLAGS_set=
ac_cv_env_CFLAGS_value=
ac_cv_env_CPPFLAGS_set=
ac_cv_env_CPPFLAGS_value=
ac_cv_env_CPP_set=
ac_cv_env_CPP_value=
ac_cv_env_LDFLAGS_set=
ac_cv_env_LDFLAGS_value=
ac_cv_env_LIBOSMOCORE_CFLAGS_set=set
ac_cv_env_LIBOSMOCORE_CFLAGS_value=-I/home/phd/osmocom-bb/src/shared/libosmocore/include
ac_cv_env_LIBOSMOCORE_LIBS_set=set
ac_cv_env_LIBOSMOCORE_LIBS_value=/home/phd/osmocom-bb/src/shared/libosmocore/build-host/src/.libs/libosmocore.a
ac_cv_env_LIBOSMOGSM_CFLAGS_set=set
ac_cv_env_LIBOSMOGSM_CFLAGS_value=-I/home/phd/osmocom-bb/src/shared/libosmocore/include
ac_cv_env_LIBOSMOGSM_LIBS_set=set
ac_cv_env_LIBOSMOGSM_LIBS_value=/home/phd/osmocom-bb/src/shared/libosmocore/build-host/src/gsm/.libs/libosmogsm.a
ac_cv_env_LIBS_set=
ac_cv_env_LIBS_value=
ac_cv_env_PKG_CONFIG_LIBDIR_set=
ac_cv_env_PKG_CONFIG_LIBDIR_value=
ac_cv_env_PKG_CONFIG_PATH_set=
ac_cv_env_PKG_CONFIG_PATH_value=
ac_cv_env_PKG_CONFIG_set=
ac_cv_env_PKG_CONFIG_value=
ac_cv_env_build_alias_set=
ac_cv_env_build_alias_value=
ac_cv_env_host_alias_set=
ac_cv_env_host_alias_value=
ac_cv_env_target_alias_set=
ac_cv_env_target_alias_value=
ac_cv_header_stdc=yes
ac_cv_objext=o
ac_cv_path_EGREP='/bin/grep -E'
ac_cv_path_GREP=/bin/grep
ac_cv_path_ac_pt_PKG_CONFIG=/usr/bin/pkg-config
ac_cv_path_install='/usr/bin/install -c'
ac_cv_path_mkdir=/bin/mkdir
ac_cv_prog_AWK=mawk
ac_cv_prog_CPP='gcc -E'
ac_cv_prog_ac_ct_CC=gcc
ac_cv_prog_cc_c89=
ac_cv_prog_cc_g=yes
ac_cv_prog_make_make_set=yes
am_cv_CC_dependencies_compiler_type=gcc3
am_cv_make_support_nested_variables=yes
am_cv_prog_cc_c_o=yes
pkg_cv_LIBOSMOCORE_CFLAGS=-I/home/phd/osmocom-bb/src/shared/libosmocore/include
pkg_cv_LIBOSMOCORE_LIBS=/home/phd/osmocom-bb/src/shared/libosmocore/build-host/src/.libs/libosmocore.a
pkg_cv_LIBOSMOGSM_CFLAGS=-I/home/phd/osmocom-bb/src/shared/libosmocore/include
pkg_cv_LIBOSMOGSM_LIBS=/home/phd/osmocom-bb/src/shared/libosmocore/build-host/src/gsm/.libs/libosmogsm.a

## ----------------- ##
## Output variables. ##
## ----------------- ##

ACLOCAL='${SHELL} /home/phd/osmocom-bb/src/host/gsmmap/missing aclocal-1.14'
AMDEPBACKSLASH='\'
AMDEP_FALSE='#'
AMDEP_TRUE=''
AMTAR='$${TAR-tar}'
AM_BACKSLASH='\'
AM_DEFAULT_V='$(AM_DEFAULT_VERBOSITY)'
AM_DEFAULT_VERBOSITY='0'
AM_V='$(V)'
AUTOCONF='${SHELL} /home/phd/osmocom-bb/src/host/gsmmap/missing autoconf'
AUTOHEADER='${SHELL} /home/phd/osmocom-bb/src/host/gsmmap/missing autoheader'
AUTOMAKE='${SHELL} /home/phd/osmocom-bb/src/host/gsmmap/missing automake-1.14'
AWK='mawk'
CC='gcc'
CCDEPMODE='depmode=gcc3'
CFLAGS='-g -O2'
CPP='gcc -E'
CPPFLAGS=''
CYGPATH_W='echo'
DEFS='-DPACKAGE_NAME=\"gsmmap\" -DPACKAGE_TARNAME=\"gsmmap\" -DPACKAGE_VERSION=\"0.0.0.1205-07ce6\" -DPACKAGE_STRING=\"gsmmap\ 0.0.0.1205-07ce6\" -DPACKAGE_BUGREPORT=\"baseband-devel@lists.osmocom.org\" -DPACKAGE_URL=\"\" -DPACKAGE=\"gsmmap\" -DVERSION=\"0.0.0.1205-07ce6\" -DSTDC_HEADERS=1'
DEPDIR='.deps'
ECHO_C=''
ECHO_N='-n'
ECHO_T=''
EGREP='/bin/grep -E'
EXEEXT=''
GREP='/bin/grep'
INSTALL_DATA='${INSTALL} -m 644'
INSTALL_PROGRAM='${INSTALL}'
INSTALL_SCRIPT='${INSTALL}'
INSTALL_STRIP_PROGRAM='$(install_sh) -c -s'
LDFLAGS=''
LIBOBJS=''
LIBOSMOCORE_CFLAGS='-I/home/phd/osmocom-bb/src/shared/libosmocore/include'
LIBOSMOCORE_LIBS='/home/phd/osmocom-bb/src/shared/libosmocore/build-host/src/.libs/libosmocore.a'
LIBOSMOGSM_CFLAGS='-I/home/phd/osmocom-bb/src/shared/libosmocore/include'
LIBOSMOGSM_LIBS='/home/phd/osmocom-bb/src/shared/libosmocore/build-host/src/gsm/.libs/libosmogsm.a'
LIBS=''
LTLIBOBJS=''
MAKEINFO='${SHELL} /home/phd/osmocom-bb/src/host/gsmmap/missing makeinfo'
MKDIR_P='/bin/mkdir -p'
OBJEXT='o'
PACKAGE='gsmmap'
PACKAGE_BUGREPORT='baseband-devel@lists.osmocom.org'
PACKAGE_NAME='gsmmap'
PACKAGE_STRING='gsmmap 0.0.0.1205-07ce6'
PACKAGE_TARNAME='gsmmap'
PACKAGE_URL=''
PACKAGE_VERSION='0.0.0.1205-07ce6'
PATH_SEPARATOR=':'
PKG_CONFIG='/usr/bin/pkg-config'
PKG_CONFIG_LIBDIR=''
PKG_CONFIG_PATH=''
SET_MAKE=''
SHELL='/bin/bash'
STRIP=''
VERSION='0.0.0.1205-07ce6'
ac_ct_CC='gcc'
am__EXEEXT_FALSE=''
am__EXEEXT_TRUE='#'
am__fastdepCC_FALSE='#'
am__fastdepCC_TRUE=''
am__include='include'
am__isrc=''
am__leading_dot='.'
am__nodep='_no'
am__quote=''
am__tar='$${TAR-tar} chof - "$$tardir"'
am__untar='$${TAR-tar} xf -'
bindir='${exec_prefix}/bin'
build_alias=''
datadir='${datarootdir}'
datarootdir='${prefix}/share'
docdir='${datarootdir}/doc/${PACKAGE_TARNAME}'
dvidir='${docdir}'
exec_prefix='${prefix}'
host_alias=''
htmldir='${docdir}'
includedir='${prefix}/include'
infodir='${datarootdir}/info'
install_sh='${SHELL} /home/phd/osmocom-bb/src/host/gsmmap/install-sh'
libdir='${exec_prefix}/lib'
libexecdir='${exec_prefix}/libexec'
localedir='${datarootdir}/locale'
localstatedir='${prefix}/var'
mandir='${datarootdir}/man'
mkdir_p='$(MKDIR_P)'
oldincludedir='/usr/include'
pdfdir='${docdir}'
prefix='/usr/local'
program_transform_name='s,x,x,'
psdir='${docdir}'
sbindir='${exec_prefix}/sbin'
sharedstatedir='${prefix}/com'
sysconfdir='${prefix}/etc'
target_alias=''

## ----------- ##
## confdefs.h. ##
## ----------- ##

/* confdefs.h */
#define PACKAGE_NAME "gsmmap"
#define PACKAGE_TARNAME "gsmmap"
#define PACKAGE_VERSION "0.0.0.1205-07ce6"
#define PACKAGE_STRING "gsmmap 0.0.0.1205-07ce6"
#define PACKAGE_BUGREPORT "baseband-devel@lists.osmocom.org"
#define PACKAGE_URL ""
#define PACKAGE "gsmmap"
#define VERSION "0.0.0.1205-07ce6"
#define STDC_HEADERS 1

configure: exit 0
