   1              		.file	"init.c"
   9              	.Ltext0:
  10              		.cfi_sections	.debug_frame
  11              		.section	.text.board_init,"ax",%progbits
  12              		.align	2
  13              		.global	board_init
  15              	board_init:
  16              	.LFB41:
  17              		.file 1 "board/compal_e88/init.c"
   1:board/compal_e88/init.c **** /* Initialization for the Compal E88 (Motorola C115...C123) */
   2:board/compal_e88/init.c **** 
   3:board/compal_e88/init.c **** /* (C) 2010 by Harald Welte <laforge@gnumonks.org>
   4:board/compal_e88/init.c ****  *
   5:board/compal_e88/init.c ****  * All Rights Reserved
   6:board/compal_e88/init.c ****  *
   7:board/compal_e88/init.c ****  * This program is free software; you can redistribute it and/or modify
   8:board/compal_e88/init.c ****  * it under the terms of the GNU General Public License as published by
   9:board/compal_e88/init.c ****  * the Free Software Foundation; either version 2 of the License, or
  10:board/compal_e88/init.c ****  * (at your option) any later version.
  11:board/compal_e88/init.c ****  *
  12:board/compal_e88/init.c ****  * This program is distributed in the hope that it will be useful,
  13:board/compal_e88/init.c ****  * but WITHOUT ANY WARRANTY; without even the implied warranty of
  14:board/compal_e88/init.c ****  * MERCHANTABILITY or FITNESS FOR A PARTICULAR PURPOSE.  See the
  15:board/compal_e88/init.c ****  * GNU General Public License for more details.
  16:board/compal_e88/init.c ****  *
  17:board/compal_e88/init.c ****  * You should have received a copy of the GNU General Public License along
  18:board/compal_e88/init.c ****  * with this program; if not, write to the Free Software Foundation, Inc.,
  19:board/compal_e88/init.c ****  * 51 Franklin Street, Fifth Floor, Boston, MA 02110-1301 USA.
  20:board/compal_e88/init.c ****  *
  21:board/compal_e88/init.c ****  */
  22:board/compal_e88/init.c **** 
  23:board/compal_e88/init.c **** #include <stdint.h>
  24:board/compal_e88/init.c **** #include <stdio.h>
  25:board/compal_e88/init.c **** 
  26:board/compal_e88/init.c **** #include <debug.h>
  27:board/compal_e88/init.c **** #include <ctors.h>
  28:board/compal_e88/init.c **** #include <memory.h>
  29:board/compal_e88/init.c **** #include <board.h>
  30:board/compal_e88/init.c **** #include <keypad.h>
  31:board/compal_e88/init.c **** #include <console.h>
  32:board/compal_e88/init.c **** #include <flash/cfi_flash.h>
  33:board/compal_e88/init.c **** 
  34:board/compal_e88/init.c **** #include <calypso/irq.h>
  35:board/compal_e88/init.c **** #include <calypso/clock.h>
  36:board/compal_e88/init.c **** #include <calypso/dma.h>
  37:board/compal_e88/init.c **** #include <calypso/rtc.h>
  38:board/compal_e88/init.c **** #include <calypso/timer.h>
  39:board/compal_e88/init.c **** #include <uart.h>
  40:board/compal_e88/init.c **** #include <calypso/backlight.h>
  41:board/compal_e88/init.c **** 
  42:board/compal_e88/init.c **** #include <comm/sercomm.h>
  43:board/compal_e88/init.c **** #include <comm/timer.h>
  44:board/compal_e88/init.c **** 
  45:board/compal_e88/init.c **** #include <abb/twl3025.h>
  46:board/compal_e88/init.c **** #include <rf/trf6151.h>
  47:board/compal_e88/init.c **** #include <display.h>
  48:board/compal_e88/init.c **** 
  49:board/compal_e88/init.c **** #define ARMIO_LATCH_OUT 0xfffe4802
  50:board/compal_e88/init.c **** #define IO_CNTL_REG	0xfffe4804
  51:board/compal_e88/init.c **** #define ASIC_CONF_REG	0xfffef008
  52:board/compal_e88/init.c **** 
  53:board/compal_e88/init.c **** static void board_io_init(void)
  54:board/compal_e88/init.c **** {
  55:board/compal_e88/init.c **** 	uint16_t reg;
  56:board/compal_e88/init.c **** 
  57:board/compal_e88/init.c **** 	reg = readw(ASIC_CONF_REG);
  58:board/compal_e88/init.c **** 	/* LCD Set I/O(3) / SA0 to I/O(3) mode */
  59:board/compal_e88/init.c **** 	reg &= ~(1 << 10);
  60:board/compal_e88/init.c **** 	/* Set function pins to I2C Mode */
  61:board/compal_e88/init.c **** 	reg |= ((1 << 12) | (1 << 7));		/* SCL / SDA */
  62:board/compal_e88/init.c **** 	/* TWL3025: Set SPI+RIF RX clock to rising edge */
  63:board/compal_e88/init.c **** 	reg |= (1 << 13) | (1 << 14);
  64:board/compal_e88/init.c **** 	writew(reg, ASIC_CONF_REG);
  65:board/compal_e88/init.c **** 
  66:board/compal_e88/init.c **** 	/* LCD Set I/O(3) to output mode */
  67:board/compal_e88/init.c **** 	reg = readw(IO_CNTL_REG);
  68:board/compal_e88/init.c **** 	reg &= ~(1 << 3);
  69:board/compal_e88/init.c **** 	writew(reg, IO_CNTL_REG);
  70:board/compal_e88/init.c **** 
  71:board/compal_e88/init.c **** 	/* LCD Set I/O(3) output low */
  72:board/compal_e88/init.c **** 	reg = readw(ARMIO_LATCH_OUT);
  73:board/compal_e88/init.c **** 	reg &= ~(1 << 3);
  74:board/compal_e88/init.c **** 	writew(reg, ARMIO_LATCH_OUT);
  75:board/compal_e88/init.c **** }
  76:board/compal_e88/init.c **** 
  77:board/compal_e88/init.c **** void board_init(void)
  78:board/compal_e88/init.c **** {
  18              		.loc 1 78 0
  19              		.cfi_startproc
  20              		@ args = 0, pretend = 0, frame = 0
  21              		@ frame_needed = 0, uses_anonymous_args = 0
  22 0000 37402DE9 		stmfd	sp!, {r0, r1, r2, r4, r5, lr}
  23              	.LCFI0:
  24              		.cfi_def_cfa_offset 24
  79:board/compal_e88/init.c **** 	/* Configure the memory interface */
  80:board/compal_e88/init.c **** 	calypso_mem_cfg(CALYPSO_nCS0, 3, CALYPSO_MEM_16bit, 1);
  25              		.loc 1 80 0
  26 0004 0120A0E3 		mov	r2, #1
  27              		.cfi_offset 14, -4
  28              		.cfi_offset 5, -8
  29              		.cfi_offset 4, -12
  30              		.cfi_offset 2, -16
  31              		.cfi_offset 1, -20
  32              		.cfi_offset 0, -24
  33 0008 0230A0E1 		mov	r3, r2
  34 000c 0000A0E3 		mov	r0, #0
  35 0010 0310A0E3 		mov	r1, #3
  36 0014 FEFFFFEB 		bl	calypso_mem_cfg
  81:board/compal_e88/init.c **** 	calypso_mem_cfg(CALYPSO_nCS1, 3, CALYPSO_MEM_16bit, 1);
  37              		.loc 1 81 0
  38 0018 0120A0E3 		mov	r2, #1
  39 001c 0230A0E1 		mov	r3, r2
  40 0020 0200A0E3 		mov	r0, #2
  41 0024 0310A0E3 		mov	r1, #3
  42 0028 FEFFFFEB 		bl	calypso_mem_cfg
  82:board/compal_e88/init.c **** 	calypso_mem_cfg(CALYPSO_nCS2, 5, CALYPSO_MEM_16bit, 1);
  43              		.loc 1 82 0
  44 002c 0120A0E3 		mov	r2, #1
  45 0030 0230A0E1 		mov	r3, r2
  46 0034 0400A0E3 		mov	r0, #4
  47 0038 0510A0E3 		mov	r1, #5
  48 003c FEFFFFEB 		bl	calypso_mem_cfg
  83:board/compal_e88/init.c **** 	calypso_mem_cfg(CALYPSO_nCS3, 5, CALYPSO_MEM_16bit, 1);
  49              		.loc 1 83 0
  50 0040 0120A0E3 		mov	r2, #1
  51 0044 0230A0E1 		mov	r3, r2
  52 0048 0600A0E3 		mov	r0, #6
  53 004c 0510A0E3 		mov	r1, #5
  54 0050 FEFFFFEB 		bl	calypso_mem_cfg
  84:board/compal_e88/init.c **** 	calypso_mem_cfg(CALYPSO_CS4, 0, CALYPSO_MEM_8bit, 1);
  55              		.loc 1 84 0
  56 0054 0010A0E3 		mov	r1, #0
  57 0058 0120A0E1 		mov	r2, r1
  58 005c 0A00A0E3 		mov	r0, #10
  59 0060 0130A0E3 		mov	r3, #1
  60 0064 FEFFFFEB 		bl	calypso_mem_cfg
  85:board/compal_e88/init.c **** 	calypso_mem_cfg(CALYPSO_nCS6, 0, CALYPSO_MEM_32bit, 1);
  61              		.loc 1 85 0
  62 0068 0C00A0E3 		mov	r0, #12
  63 006c 0010A0E3 		mov	r1, #0
  64 0070 0220A0E3 		mov	r2, #2
  65 0074 0130A0E3 		mov	r3, #1
  66 0078 FEFFFFEB 		bl	calypso_mem_cfg
  86:board/compal_e88/init.c **** 	calypso_mem_cfg(CALYPSO_nCS7, 0, CALYPSO_MEM_32bit, 0);
  67              		.loc 1 86 0
  68 007c 0010A0E3 		mov	r1, #0
  69 0080 0130A0E1 		mov	r3, r1
  70 0084 0800A0E3 		mov	r0, #8
  71 0088 0220A0E3 		mov	r2, #2
  72 008c FEFFFFEB 		bl	calypso_mem_cfg
  87:board/compal_e88/init.c **** 
  88:board/compal_e88/init.c **** 	/* Set VTCXO_DIV2 = 1, configure PLL for 104 MHz and give ARM half of that */
  89:board/compal_e88/init.c **** 	calypso_clock_set(2, CALYPSO_PLL13_104_MHZ, ARM_MCLK_DIV_2);
  73              		.loc 1 89 0
  74 0090 0200A0E3 		mov	r0, #2
  90:board/compal_e88/init.c **** 
  91:board/compal_e88/init.c **** 	/* Configure the RHEA bridge with some sane default values */
  92:board/compal_e88/init.c **** 	calypso_rhea_cfg(0, 0, 0xff, 0, 1, 0, 0);
  75              		.loc 1 92 0
  76 0094 0040A0E3 		mov	r4, #0
  89:board/compal_e88/init.c **** 	calypso_clock_set(2, CALYPSO_PLL13_104_MHZ, ARM_MCLK_DIV_2);
  77              		.loc 1 89 0
  78 0098 0020A0E1 		mov	r2, r0
  79 009c 021BA0E3 		mov	r1, #2048
  80 00a0 FEFFFFEB 		bl	calypso_clock_set
  81              		.loc 1 92 0
  82 00a4 0150A0E3 		mov	r5, #1
  83 00a8 0400A0E1 		mov	r0, r4
  84 00ac 0410A0E1 		mov	r1, r4
  85 00b0 0430A0E1 		mov	r3, r4
  86 00b4 FF20A0E3 		mov	r2, #255
  87 00b8 00508DE5 		str	r5, [sp, #0]
  88 00bc 04408DE5 		str	r4, [sp, #4]
  89 00c0 08408DE5 		str	r4, [sp, #8]
  90 00c4 FEFFFFEB 		bl	calypso_rhea_cfg
  91              	.LBB6:
  92              	.LBB7:
  57:board/compal_e88/init.c **** 	reg = readw(ASIC_CONF_REG);
  93              		.loc 1 57 0
  94 00c8 B8209FE5 		ldr	r2, .L2
  59:board/compal_e88/init.c **** 	reg &= ~(1 << 10);
  95              		.loc 1 59 0
  96 00cc B8309FE5 		ldr	r3, .L2+4
  57:board/compal_e88/init.c **** 	reg = readw(ASIC_CONF_REG);
  97              		.loc 1 57 0
  98 00d0 B71F52E1 		ldrh	r1, [r2, #-247]
  99              	.LVL0:
  59:board/compal_e88/init.c **** 	reg &= ~(1 << 10);
 100              		.loc 1 59 0
 101 00d4 033001E0 		and	r3, r1, r3
 102              	.LVL1:
  63:board/compal_e88/init.c **** 	reg |= (1 << 13) | (1 << 14);
 103              		.loc 1 63 0
 104 00d8 073A83E3 		orr	r3, r3, #28672
 105              	.LVL2:
 106 00dc 803083E3 		orr	r3, r3, #128
 107              	.LVL3:
  64:board/compal_e88/init.c **** 	writew(reg, ASIC_CONF_REG);
 108              		.loc 1 64 0
 109 00e0 B73F42E1 		strh	r3, [r2, #-247]	@ movhi
  67:board/compal_e88/init.c **** 	reg = readw(IO_CNTL_REG);
 110              		.loc 1 67 0
 111 00e4 A4309FE5 		ldr	r3, .L2+8
 112              	.LVL4:
  68:board/compal_e88/init.c **** 	reg &= ~(1 << 3);
 113              		.loc 1 68 0
 114 00e8 A4209FE5 		ldr	r2, .L2+12
  67:board/compal_e88/init.c **** 	reg = readw(IO_CNTL_REG);
 115              		.loc 1 67 0
 116 00ec BB1F53E1 		ldrh	r1, [r3, #-251]
 117              	.LVL5:
  68:board/compal_e88/init.c **** 	reg &= ~(1 << 3);
 118              		.loc 1 68 0
 119 00f0 022001E0 		and	r2, r1, r2
 120              	.LVL6:
  69:board/compal_e88/init.c **** 	writew(reg, IO_CNTL_REG);
 121              		.loc 1 69 0
 122 00f4 BB2F43E1 		strh	r2, [r3, #-251]	@ movhi
  73:board/compal_e88/init.c **** 	reg &= ~(1 << 3);
 123              		.loc 1 73 0
 124 00f8 94209FE5 		ldr	r2, .L2+12
 125              	.LVL7:
  72:board/compal_e88/init.c **** 	reg = readw(ARMIO_LATCH_OUT);
 126              		.loc 1 72 0
 127 00fc BD1F53E1 		ldrh	r1, [r3, #-253]
 128              	.LVL8:
  73:board/compal_e88/init.c **** 	reg &= ~(1 << 3);
 129              		.loc 1 73 0
 130 0100 022001E0 		and	r2, r1, r2
 131              	.LVL9:
  74:board/compal_e88/init.c **** 	writew(reg, ARMIO_LATCH_OUT);
 132              		.loc 1 74 0
 133 0104 BD2F43E1 		strh	r2, [r3, #-253]	@ movhi
 134              	.LBE7:
 135              	.LBE6:
  93:board/compal_e88/init.c **** 
  94:board/compal_e88/init.c **** 	/* Initialize board-specific GPIO */
  95:board/compal_e88/init.c **** 	board_io_init();
  96:board/compal_e88/init.c **** 
  97:board/compal_e88/init.c **** 	/* Enable bootrom mapping to route exception vectors to RAM */
  98:board/compal_e88/init.c **** 	calypso_bootrom(1);
 136              		.loc 1 98 0
 137 0108 0500A0E1 		mov	r0, r5
 138 010c FEFFFFEB 		bl	calypso_bootrom
 139              	.LVL10:
  99:board/compal_e88/init.c **** 	calypso_exceptions_install();
 140              		.loc 1 99 0
 141 0110 FEFFFFEB 		bl	calypso_exceptions_install
 100:board/compal_e88/init.c **** 
 101:board/compal_e88/init.c **** 	/* Initialize interrupt controller */
 102:board/compal_e88/init.c **** 	irq_init();
 142              		.loc 1 102 0
 143 0114 FEFFFFEB 		bl	irq_init
 103:board/compal_e88/init.c **** 
 104:board/compal_e88/init.c **** 	/* initialize MODEM UART to be used for sercomm*/
 105:board/compal_e88/init.c **** 	uart_init(SERCOMM_UART_NR, 1);
 144              		.loc 1 105 0
 145 0118 0500A0E1 		mov	r0, r5
 146 011c 0510A0E1 		mov	r1, r5
 147 0120 FEFFFFEB 		bl	uart_init
 106:board/compal_e88/init.c **** 	uart_baudrate(SERCOMM_UART_NR, UART_460800);
 148              		.loc 1 106 0
 149 0124 0500A0E1 		mov	r0, r5
 150 0128 0410A0E3 		mov	r1, #4
 151 012c FEFFFFEB 		bl	uart_baudrate
 107:board/compal_e88/init.c **** 
 108:board/compal_e88/init.c **** 	/* Initialize IRDA UART to be used for old-school console code.
 109:board/compal_e88/init.c **** 	 * note: IRDA uart only accessible on C115 and C117 PCB */
 110:board/compal_e88/init.c **** 	uart_init(CONS_UART_NR, 1);
 152              		.loc 1 110 0
 153 0130 0400A0E1 		mov	r0, r4
 154 0134 0510A0E1 		mov	r1, r5
 155 0138 FEFFFFEB 		bl	uart_init
 111:board/compal_e88/init.c **** 	uart_baudrate(CONS_UART_NR, UART_115200);
 156              		.loc 1 111 0
 157 013c 0210A0E3 		mov	r1, #2
 158 0140 0400A0E1 		mov	r0, r4
 159 0144 FEFFFFEB 		bl	uart_baudrate
 112:board/compal_e88/init.c **** 
 113:board/compal_e88/init.c **** 	/* Initialize hardware timers */
 114:board/compal_e88/init.c **** 	hwtimer_init();
 160              		.loc 1 114 0
 161 0148 FEFFFFEB 		bl	hwtimer_init
 115:board/compal_e88/init.c **** 
 116:board/compal_e88/init.c **** 	/* Initialize DMA controller */
 117:board/compal_e88/init.c **** 	dma_init();
 162              		.loc 1 117 0
 163 014c FEFFFFEB 		bl	dma_init
 118:board/compal_e88/init.c **** 
 119:board/compal_e88/init.c **** 	/* Initialize real time clock */
 120:board/compal_e88/init.c **** 	rtc_init();
 164              		.loc 1 120 0
 165 0150 FEFFFFEB 		bl	rtc_init
 121:board/compal_e88/init.c **** 
 122:board/compal_e88/init.c **** 	/* Initialize system timers (uses hwtimer 2) */
 123:board/compal_e88/init.c **** 	timer_init();
 166              		.loc 1 123 0
 167 0154 FEFFFFEB 		bl	timer_init
 124:board/compal_e88/init.c **** 
 125:board/compal_e88/init.c **** 	/* Initialize LCD driver (uses I2C) and backlight */
 126:board/compal_e88/init.c **** 	display = &st7558_display;
 168              		.loc 1 126 0
 169 0158 38309FE5 		ldr	r3, .L2+16
 170 015c 38209FE5 		ldr	r2, .L2+20
 171 0160 003082E5 		str	r3, [r2, #0]
 172              	.LBB8:
 173              	.LBB9:
 174              		.file 2 "include/display.h"
   1:include/display.h **** #ifndef _DISPLAY_DRIVER_H
   2:include/display.h **** #define _DISPLAY_DRIVER_H
   3:include/display.h **** 
   4:include/display.h **** enum display_attr {
   5:include/display.h **** 	DISP_ATTR_INVERT	= 0x0001,
   6:include/display.h **** };
   7:include/display.h **** 
   8:include/display.h **** struct display_driver {
   9:include/display.h **** 	char *name;
  10:include/display.h **** 	void (*init)(void);
  11:include/display.h **** 	void (*set_attr)(unsigned long attr);
  12:include/display.h **** 	void (*unset_attr)(unsigned long attr);
  13:include/display.h **** 	void (*clrscr)(void);
  14:include/display.h **** 	void (*goto_xy)(int xpos, int ypos);
  15:include/display.h **** 	void (*set_color)(int fgcolor, int bgcolor);
  16:include/display.h **** 	int (*putc)(unsigned char c);
  17:include/display.h **** 	int (*puts)(const char *str);
  18:include/display.h **** };
  19:include/display.h **** 
  20:include/display.h **** extern struct display_driver *display;
  21:include/display.h **** 
  22:include/display.h **** static inline void display_init(void)
  23:include/display.h **** {
  24:include/display.h **** 	display->init();
 175              		.loc 2 24 0
 176 0164 0FE0A0E1 		mov	lr, pc
 177 0168 04F093E5 		ldr	pc, [r3, #4]
 178              	.LBE9:
 179              	.LBE8:
 127:board/compal_e88/init.c **** 	display_init();
 128:board/compal_e88/init.c **** 	bl_mode_pwl(0);
 180              		.loc 1 128 0
 181 016c 0400A0E1 		mov	r0, r4
 182 0170 FEFFFFEB 		bl	bl_mode_pwl
 129:board/compal_e88/init.c **** 
 130:board/compal_e88/init.c **** 	/* Initialize keypad driver */
 131:board/compal_e88/init.c **** 	keypad_init(1);
 183              		.loc 1 131 0
 184 0174 0500A0E1 		mov	r0, r5
 185 0178 FEFFFFEB 		bl	keypad_init
 132:board/compal_e88/init.c **** 
 133:board/compal_e88/init.c **** 	/* Initialize ABB driver (uses SPI) */
 134:board/compal_e88/init.c **** 	twl3025_init();
 135:board/compal_e88/init.c **** }
 186              		.loc 1 135 0
 187 017c 0CD08DE2 		add	sp, sp, #12
 188 0180 3040BDE8 		ldmfd	sp!, {r4, r5, lr}
 134:board/compal_e88/init.c **** 	twl3025_init();
 189              		.loc 1 134 0
 190 0184 FEFFFFEA 		b	twl3025_init
 191              	.L3:
 192              		.align	2
 193              	.L2:
 194 0188 FFF0FEFF 		.word	-69377
 195 018c FFFB0000 		.word	64511
 196 0190 FF48FEFF 		.word	-112385
 197 0194 F7FF0000 		.word	65527
 198 0198 00000000 		.word	st7558_display
 199 019c 00000000 		.word	display
 200              		.cfi_endproc
 201              	.LFE41:
 203              		.text
 204              	.Letext0:
DEFINED SYMBOLS
                            *ABS*:0000000000000000 init.c
     /tmp/ccY3Bafl.s:12     .text.board_init:0000000000000000 $a
     /tmp/ccY3Bafl.s:15     .text.board_init:0000000000000000 board_init
     /tmp/ccY3Bafl.s:194    .text.board_init:0000000000000188 $d
                     .debug_frame:0000000000000010 $d

UNDEFINED SYMBOLS
calypso_mem_cfg
calypso_clock_set
calypso_rhea_cfg
calypso_bootrom
calypso_exceptions_install
irq_init
uart_init
uart_baudrate
hwtimer_init
dma_init
rtc_init
timer_init
bl_mode_pwl
keypad_init
twl3025_init
st7558_display
display
