   1              		.file	"font_r8x8_horiz.c"
   9              	.Ltext0:
  10              		.cfi_sections	.debug_frame
  11              		.global	fontdata_r8x8_horiz
  12              		.section	.rodata
  13              		.align	2
  16              	fontdata_r8x8_horiz:
  17 0000 00       		.byte	0
  18 0001 00       		.byte	0
  19 0002 00       		.byte	0
  20 0003 00       		.byte	0
  21 0004 00       		.byte	0
  22 0005 00       		.byte	0
  23 0006 00       		.byte	0
  24 0007 00       		.byte	0
  25 0008 7E       		.byte	126
  26 0009 81       		.byte	-127
  27 000a A5       		.byte	-91
  28 000b 81       		.byte	-127
  29 000c BD       		.byte	-67
  30 000d 99       		.byte	-103
  31 000e 81       		.byte	-127
  32 000f 7E       		.byte	126
  33 0010 7E       		.byte	126
  34 0011 FF       		.byte	-1
  35 0012 DB       		.byte	-37
  36 0013 FF       		.byte	-1
  37 0014 C3       		.byte	-61
  38 0015 E7       		.byte	-25
  39 0016 FF       		.byte	-1
  40 0017 7E       		.byte	126
  41 0018 6C       		.byte	108
  42 0019 FE       		.byte	-2
  43 001a FE       		.byte	-2
  44 001b FE       		.byte	-2
  45 001c 7C       		.byte	124
  46 001d 38       		.byte	56
  47 001e 10       		.byte	16
  48 001f 00       		.byte	0
  49 0020 08       		.byte	8
  50 0021 1C       		.byte	28
  51 0022 3E       		.byte	62
  52 0023 7F       		.byte	127
  53 0024 3E       		.byte	62
  54 0025 1C       		.byte	28
  55 0026 08       		.byte	8
  56 0027 00       		.byte	0
  57 0028 1C       		.byte	28
  58 0029 1C       		.byte	28
  59 002a 1C       		.byte	28
  60 002b 7F       		.byte	127
  61 002c 7F       		.byte	127
  62 002d 6B       		.byte	107
  63 002e 08       		.byte	8
  64 002f 1C       		.byte	28
  65 0030 10       		.byte	16
  66 0031 10       		.byte	16
  67 0032 38       		.byte	56
  68 0033 7C       		.byte	124
  69 0034 FE       		.byte	-2
  70 0035 7C       		.byte	124
  71 0036 10       		.byte	16
  72 0037 38       		.byte	56
  73 0038 00       		.byte	0
  74 0039 00       		.byte	0
  75 003a 18       		.byte	24
  76 003b 3C       		.byte	60
  77 003c 3C       		.byte	60
  78 003d 18       		.byte	24
  79 003e 00       		.byte	0
  80 003f 00       		.byte	0
  81 0040 FF       		.byte	-1
  82 0041 FF       		.byte	-1
  83 0042 E7       		.byte	-25
  84 0043 C3       		.byte	-61
  85 0044 C3       		.byte	-61
  86 0045 E7       		.byte	-25
  87 0046 FF       		.byte	-1
  88 0047 FF       		.byte	-1
  89 0048 00       		.byte	0
  90 0049 3C       		.byte	60
  91 004a 66       		.byte	102
  92 004b 42       		.byte	66
  93 004c 42       		.byte	66
  94 004d 66       		.byte	102
  95 004e 3C       		.byte	60
  96 004f 00       		.byte	0
  97 0050 FF       		.byte	-1
  98 0051 C3       		.byte	-61
  99 0052 99       		.byte	-103
 100 0053 BD       		.byte	-67
 101 0054 BD       		.byte	-67
 102 0055 99       		.byte	-103
 103 0056 C3       		.byte	-61
 104 0057 FF       		.byte	-1
 105 0058 0F       		.byte	15
 106 0059 07       		.byte	7
 107 005a 0F       		.byte	15
 108 005b 7D       		.byte	125
 109 005c CC       		.byte	-52
 110 005d CC       		.byte	-52
 111 005e CC       		.byte	-52
 112 005f 78       		.byte	120
 113 0060 3C       		.byte	60
 114 0061 66       		.byte	102
 115 0062 66       		.byte	102
 116 0063 66       		.byte	102
 117 0064 3C       		.byte	60
 118 0065 18       		.byte	24
 119 0066 7E       		.byte	126
 120 0067 18       		.byte	24
 121 0068 3F       		.byte	63
 122 0069 33       		.byte	51
 123 006a 3F       		.byte	63
 124 006b 30       		.byte	48
 125 006c 30       		.byte	48
 126 006d 70       		.byte	112
 127 006e F0       		.byte	-16
 128 006f E0       		.byte	-32
 129 0070 7F       		.byte	127
 130 0071 63       		.byte	99
 131 0072 7F       		.byte	127
 132 0073 63       		.byte	99
 133 0074 63       		.byte	99
 134 0075 67       		.byte	103
 135 0076 E6       		.byte	-26
 136 0077 C0       		.byte	-64
 137 0078 18       		.byte	24
 138 0079 DB       		.byte	-37
 139 007a 3C       		.byte	60
 140 007b E7       		.byte	-25
 141 007c E7       		.byte	-25
 142 007d 3C       		.byte	60
 143 007e DB       		.byte	-37
 144 007f 18       		.byte	24
 145 0080 80       		.byte	-128
 146 0081 E0       		.byte	-32
 147 0082 F8       		.byte	-8
 148 0083 FE       		.byte	-2
 149 0084 F8       		.byte	-8
 150 0085 E0       		.byte	-32
 151 0086 80       		.byte	-128
 152 0087 00       		.byte	0
 153 0088 02       		.byte	2
 154 0089 0E       		.byte	14
 155 008a 3E       		.byte	62
 156 008b FE       		.byte	-2
 157 008c 3E       		.byte	62
 158 008d 0E       		.byte	14
 159 008e 02       		.byte	2
 160 008f 00       		.byte	0
 161 0090 18       		.byte	24
 162 0091 3C       		.byte	60
 163 0092 7E       		.byte	126
 164 0093 18       		.byte	24
 165 0094 18       		.byte	24
 166 0095 7E       		.byte	126
 167 0096 3C       		.byte	60
 168 0097 18       		.byte	24
 169 0098 66       		.byte	102
 170 0099 66       		.byte	102
 171 009a 66       		.byte	102
 172 009b 66       		.byte	102
 173 009c 66       		.byte	102
 174 009d 00       		.byte	0
 175 009e 66       		.byte	102
 176 009f 00       		.byte	0
 177 00a0 7F       		.byte	127
 178 00a1 DB       		.byte	-37
 179 00a2 DB       		.byte	-37
 180 00a3 7B       		.byte	123
 181 00a4 1B       		.byte	27
 182 00a5 1B       		.byte	27
 183 00a6 1B       		.byte	27
 184 00a7 00       		.byte	0
 185 00a8 3E       		.byte	62
 186 00a9 63       		.byte	99
 187 00aa 38       		.byte	56
 188 00ab 6C       		.byte	108
 189 00ac 6C       		.byte	108
 190 00ad 38       		.byte	56
 191 00ae CC       		.byte	-52
 192 00af 78       		.byte	120
 193 00b0 00       		.byte	0
 194 00b1 00       		.byte	0
 195 00b2 00       		.byte	0
 196 00b3 00       		.byte	0
 197 00b4 7E       		.byte	126
 198 00b5 7E       		.byte	126
 199 00b6 7E       		.byte	126
 200 00b7 00       		.byte	0
 201 00b8 18       		.byte	24
 202 00b9 3C       		.byte	60
 203 00ba 7E       		.byte	126
 204 00bb 18       		.byte	24
 205 00bc 7E       		.byte	126
 206 00bd 3C       		.byte	60
 207 00be 18       		.byte	24
 208 00bf FF       		.byte	-1
 209 00c0 18       		.byte	24
 210 00c1 3C       		.byte	60
 211 00c2 7E       		.byte	126
 212 00c3 18       		.byte	24
 213 00c4 18       		.byte	24
 214 00c5 18       		.byte	24
 215 00c6 18       		.byte	24
 216 00c7 00       		.byte	0
 217 00c8 18       		.byte	24
 218 00c9 18       		.byte	24
 219 00ca 18       		.byte	24
 220 00cb 18       		.byte	24
 221 00cc 7E       		.byte	126
 222 00cd 3C       		.byte	60
 223 00ce 18       		.byte	24
 224 00cf 00       		.byte	0
 225 00d0 00       		.byte	0
 226 00d1 18       		.byte	24
 227 00d2 0C       		.byte	12
 228 00d3 FE       		.byte	-2
 229 00d4 0C       		.byte	12
 230 00d5 18       		.byte	24
 231 00d6 00       		.byte	0
 232 00d7 00       		.byte	0
 233 00d8 00       		.byte	0
 234 00d9 30       		.byte	48
 235 00da 60       		.byte	96
 236 00db FE       		.byte	-2
 237 00dc 60       		.byte	96
 238 00dd 30       		.byte	48
 239 00de 00       		.byte	0
 240 00df 00       		.byte	0
 241 00e0 00       		.byte	0
 242 00e1 00       		.byte	0
 243 00e2 C0       		.byte	-64
 244 00e3 C0       		.byte	-64
 245 00e4 C0       		.byte	-64
 246 00e5 FE       		.byte	-2
 247 00e6 00       		.byte	0
 248 00e7 00       		.byte	0
 249 00e8 00       		.byte	0
 250 00e9 24       		.byte	36
 251 00ea 66       		.byte	102
 252 00eb FF       		.byte	-1
 253 00ec 66       		.byte	102
 254 00ed 24       		.byte	36
 255 00ee 00       		.byte	0
 256 00ef 00       		.byte	0
 257 00f0 00       		.byte	0
 258 00f1 18       		.byte	24
 259 00f2 3C       		.byte	60
 260 00f3 7E       		.byte	126
 261 00f4 FF       		.byte	-1
 262 00f5 FF       		.byte	-1
 263 00f6 00       		.byte	0
 264 00f7 00       		.byte	0
 265 00f8 00       		.byte	0
 266 00f9 FF       		.byte	-1
 267 00fa FF       		.byte	-1
 268 00fb 7E       		.byte	126
 269 00fc 3C       		.byte	60
 270 00fd 18       		.byte	24
 271 00fe 00       		.byte	0
 272 00ff 00       		.byte	0
 273 0100 00       		.byte	0
 274 0101 00       		.byte	0
 275 0102 00       		.byte	0
 276 0103 00       		.byte	0
 277 0104 00       		.byte	0
 278 0105 00       		.byte	0
 279 0106 00       		.byte	0
 280 0107 00       		.byte	0
 281 0108 30       		.byte	48
 282 0109 78       		.byte	120
 283 010a 78       		.byte	120
 284 010b 30       		.byte	48
 285 010c 30       		.byte	48
 286 010d 00       		.byte	0
 287 010e 30       		.byte	48
 288 010f 00       		.byte	0
 289 0110 6C       		.byte	108
 290 0111 6C       		.byte	108
 291 0112 6C       		.byte	108
 292 0113 00       		.byte	0
 293 0114 00       		.byte	0
 294 0115 00       		.byte	0
 295 0116 00       		.byte	0
 296 0117 00       		.byte	0
 297 0118 6C       		.byte	108
 298 0119 6C       		.byte	108
 299 011a FE       		.byte	-2
 300 011b 6C       		.byte	108
 301 011c FE       		.byte	-2
 302 011d 6C       		.byte	108
 303 011e 6C       		.byte	108
 304 011f 00       		.byte	0
 305 0120 18       		.byte	24
 306 0121 3E       		.byte	62
 307 0122 60       		.byte	96
 308 0123 3C       		.byte	60
 309 0124 06       		.byte	6
 310 0125 7C       		.byte	124
 311 0126 18       		.byte	24
 312 0127 00       		.byte	0
 313 0128 00       		.byte	0
 314 0129 63       		.byte	99
 315 012a 66       		.byte	102
 316 012b 0C       		.byte	12
 317 012c 18       		.byte	24
 318 012d 33       		.byte	51
 319 012e 63       		.byte	99
 320 012f 00       		.byte	0
 321 0130 1C       		.byte	28
 322 0131 36       		.byte	54
 323 0132 1C       		.byte	28
 324 0133 3B       		.byte	59
 325 0134 6E       		.byte	110
 326 0135 66       		.byte	102
 327 0136 3B       		.byte	59
 328 0137 00       		.byte	0
 329 0138 30       		.byte	48
 330 0139 30       		.byte	48
 331 013a 60       		.byte	96
 332 013b 00       		.byte	0
 333 013c 00       		.byte	0
 334 013d 00       		.byte	0
 335 013e 00       		.byte	0
 336 013f 00       		.byte	0
 337 0140 0C       		.byte	12
 338 0141 18       		.byte	24
 339 0142 30       		.byte	48
 340 0143 30       		.byte	48
 341 0144 30       		.byte	48
 342 0145 18       		.byte	24
 343 0146 0C       		.byte	12
 344 0147 00       		.byte	0
 345 0148 30       		.byte	48
 346 0149 18       		.byte	24
 347 014a 0C       		.byte	12
 348 014b 0C       		.byte	12
 349 014c 0C       		.byte	12
 350 014d 18       		.byte	24
 351 014e 30       		.byte	48
 352 014f 00       		.byte	0
 353 0150 00       		.byte	0
 354 0151 66       		.byte	102
 355 0152 3C       		.byte	60
 356 0153 FF       		.byte	-1
 357 0154 3C       		.byte	60
 358 0155 66       		.byte	102
 359 0156 00       		.byte	0
 360 0157 00       		.byte	0
 361 0158 00       		.byte	0
 362 0159 30       		.byte	48
 363 015a 30       		.byte	48
 364 015b FC       		.byte	-4
 365 015c 30       		.byte	48
 366 015d 30       		.byte	48
 367 015e 00       		.byte	0
 368 015f 00       		.byte	0
 369 0160 00       		.byte	0
 370 0161 00       		.byte	0
 371 0162 00       		.byte	0
 372 0163 00       		.byte	0
 373 0164 00       		.byte	0
 374 0165 18       		.byte	24
 375 0166 18       		.byte	24
 376 0167 30       		.byte	48
 377 0168 00       		.byte	0
 378 0169 00       		.byte	0
 379 016a 00       		.byte	0
 380 016b 7E       		.byte	126
 381 016c 00       		.byte	0
 382 016d 00       		.byte	0
 383 016e 00       		.byte	0
 384 016f 00       		.byte	0
 385 0170 00       		.byte	0
 386 0171 00       		.byte	0
 387 0172 00       		.byte	0
 388 0173 00       		.byte	0
 389 0174 00       		.byte	0
 390 0175 18       		.byte	24
 391 0176 18       		.byte	24
 392 0177 00       		.byte	0
 393 0178 03       		.byte	3
 394 0179 06       		.byte	6
 395 017a 0C       		.byte	12
 396 017b 18       		.byte	24
 397 017c 30       		.byte	48
 398 017d 60       		.byte	96
 399 017e 40       		.byte	64
 400 017f 00       		.byte	0
 401 0180 3E       		.byte	62
 402 0181 63       		.byte	99
 403 0182 67       		.byte	103
 404 0183 6F       		.byte	111
 405 0184 7B       		.byte	123
 406 0185 73       		.byte	115
 407 0186 3E       		.byte	62
 408 0187 00       		.byte	0
 409 0188 18       		.byte	24
 410 0189 38       		.byte	56
 411 018a 58       		.byte	88
 412 018b 18       		.byte	24
 413 018c 18       		.byte	24
 414 018d 18       		.byte	24
 415 018e 7E       		.byte	126
 416 018f 00       		.byte	0
 417 0190 3C       		.byte	60
 418 0191 66       		.byte	102
 419 0192 06       		.byte	6
 420 0193 1C       		.byte	28
 421 0194 30       		.byte	48
 422 0195 66       		.byte	102
 423 0196 7E       		.byte	126
 424 0197 00       		.byte	0
 425 0198 3C       		.byte	60
 426 0199 66       		.byte	102
 427 019a 06       		.byte	6
 428 019b 1C       		.byte	28
 429 019c 06       		.byte	6
 430 019d 66       		.byte	102
 431 019e 3C       		.byte	60
 432 019f 00       		.byte	0
 433 01a0 0E       		.byte	14
 434 01a1 1E       		.byte	30
 435 01a2 36       		.byte	54
 436 01a3 66       		.byte	102
 437 01a4 7F       		.byte	127
 438 01a5 06       		.byte	6
 439 01a6 0F       		.byte	15
 440 01a7 00       		.byte	0
 441 01a8 7E       		.byte	126
 442 01a9 60       		.byte	96
 443 01aa 7C       		.byte	124
 444 01ab 06       		.byte	6
 445 01ac 06       		.byte	6
 446 01ad 66       		.byte	102
 447 01ae 3C       		.byte	60
 448 01af 00       		.byte	0
 449 01b0 1C       		.byte	28
 450 01b1 30       		.byte	48
 451 01b2 60       		.byte	96
 452 01b3 7C       		.byte	124
 453 01b4 66       		.byte	102
 454 01b5 66       		.byte	102
 455 01b6 3C       		.byte	60
 456 01b7 00       		.byte	0
 457 01b8 7E       		.byte	126
 458 01b9 66       		.byte	102
 459 01ba 06       		.byte	6
 460 01bb 0C       		.byte	12
 461 01bc 18       		.byte	24
 462 01bd 18       		.byte	24
 463 01be 18       		.byte	24
 464 01bf 00       		.byte	0
 465 01c0 3C       		.byte	60
 466 01c1 66       		.byte	102
 467 01c2 66       		.byte	102
 468 01c3 3C       		.byte	60
 469 01c4 66       		.byte	102
 470 01c5 66       		.byte	102
 471 01c6 3C       		.byte	60
 472 01c7 00       		.byte	0
 473 01c8 3C       		.byte	60
 474 01c9 66       		.byte	102
 475 01ca 66       		.byte	102
 476 01cb 3E       		.byte	62
 477 01cc 06       		.byte	6
 478 01cd 0C       		.byte	12
 479 01ce 38       		.byte	56
 480 01cf 00       		.byte	0
 481 01d0 00       		.byte	0
 482 01d1 18       		.byte	24
 483 01d2 18       		.byte	24
 484 01d3 00       		.byte	0
 485 01d4 00       		.byte	0
 486 01d5 18       		.byte	24
 487 01d6 18       		.byte	24
 488 01d7 00       		.byte	0
 489 01d8 00       		.byte	0
 490 01d9 18       		.byte	24
 491 01da 18       		.byte	24
 492 01db 00       		.byte	0
 493 01dc 00       		.byte	0
 494 01dd 18       		.byte	24
 495 01de 18       		.byte	24
 496 01df 30       		.byte	48
 497 01e0 0C       		.byte	12
 498 01e1 18       		.byte	24
 499 01e2 30       		.byte	48
 500 01e3 60       		.byte	96
 501 01e4 30       		.byte	48
 502 01e5 18       		.byte	24
 503 01e6 0C       		.byte	12
 504 01e7 00       		.byte	0
 505 01e8 00       		.byte	0
 506 01e9 00       		.byte	0
 507 01ea 7E       		.byte	126
 508 01eb 00       		.byte	0
 509 01ec 00       		.byte	0
 510 01ed 7E       		.byte	126
 511 01ee 00       		.byte	0
 512 01ef 00       		.byte	0
 513 01f0 30       		.byte	48
 514 01f1 18       		.byte	24
 515 01f2 0C       		.byte	12
 516 01f3 06       		.byte	6
 517 01f4 0C       		.byte	12
 518 01f5 18       		.byte	24
 519 01f6 30       		.byte	48
 520 01f7 00       		.byte	0
 521 01f8 3C       		.byte	60
 522 01f9 66       		.byte	102
 523 01fa 06       		.byte	6
 524 01fb 0C       		.byte	12
 525 01fc 18       		.byte	24
 526 01fd 00       		.byte	0
 527 01fe 18       		.byte	24
 528 01ff 00       		.byte	0
 529 0200 3E       		.byte	62
 530 0201 63       		.byte	99
 531 0202 6F       		.byte	111
 532 0203 69       		.byte	105
 533 0204 6F       		.byte	111
 534 0205 60       		.byte	96
 535 0206 3E       		.byte	62
 536 0207 00       		.byte	0
 537 0208 18       		.byte	24
 538 0209 3C       		.byte	60
 539 020a 66       		.byte	102
 540 020b 66       		.byte	102
 541 020c 7E       		.byte	126
 542 020d 66       		.byte	102
 543 020e 66       		.byte	102
 544 020f 00       		.byte	0
 545 0210 7E       		.byte	126
 546 0211 33       		.byte	51
 547 0212 33       		.byte	51
 548 0213 3E       		.byte	62
 549 0214 33       		.byte	51
 550 0215 33       		.byte	51
 551 0216 7E       		.byte	126
 552 0217 00       		.byte	0
 553 0218 1E       		.byte	30
 554 0219 33       		.byte	51
 555 021a 60       		.byte	96
 556 021b 60       		.byte	96
 557 021c 60       		.byte	96
 558 021d 33       		.byte	51
 559 021e 1E       		.byte	30
 560 021f 00       		.byte	0
 561 0220 7C       		.byte	124
 562 0221 36       		.byte	54
 563 0222 33       		.byte	51
 564 0223 33       		.byte	51
 565 0224 33       		.byte	51
 566 0225 36       		.byte	54
 567 0226 7C       		.byte	124
 568 0227 00       		.byte	0
 569 0228 7F       		.byte	127
 570 0229 31       		.byte	49
 571 022a 34       		.byte	52
 572 022b 3C       		.byte	60
 573 022c 34       		.byte	52
 574 022d 31       		.byte	49
 575 022e 7F       		.byte	127
 576 022f 00       		.byte	0
 577 0230 7F       		.byte	127
 578 0231 31       		.byte	49
 579 0232 34       		.byte	52
 580 0233 3C       		.byte	60
 581 0234 34       		.byte	52
 582 0235 30       		.byte	48
 583 0236 78       		.byte	120
 584 0237 00       		.byte	0
 585 0238 1E       		.byte	30
 586 0239 33       		.byte	51
 587 023a 60       		.byte	96
 588 023b 60       		.byte	96
 589 023c 67       		.byte	103
 590 023d 33       		.byte	51
 591 023e 1F       		.byte	31
 592 023f 00       		.byte	0
 593 0240 66       		.byte	102
 594 0241 66       		.byte	102
 595 0242 66       		.byte	102
 596 0243 7E       		.byte	126
 597 0244 66       		.byte	102
 598 0245 66       		.byte	102
 599 0246 66       		.byte	102
 600 0247 00       		.byte	0
 601 0248 3C       		.byte	60
 602 0249 18       		.byte	24
 603 024a 18       		.byte	24
 604 024b 18       		.byte	24
 605 024c 18       		.byte	24
 606 024d 18       		.byte	24
 607 024e 3C       		.byte	60
 608 024f 00       		.byte	0
 609 0250 0F       		.byte	15
 610 0251 06       		.byte	6
 611 0252 06       		.byte	6
 612 0253 06       		.byte	6
 613 0254 66       		.byte	102
 614 0255 66       		.byte	102
 615 0256 3C       		.byte	60
 616 0257 00       		.byte	0
 617 0258 73       		.byte	115
 618 0259 33       		.byte	51
 619 025a 36       		.byte	54
 620 025b 3C       		.byte	60
 621 025c 36       		.byte	54
 622 025d 33       		.byte	51
 623 025e 73       		.byte	115
 624 025f 00       		.byte	0
 625 0260 78       		.byte	120
 626 0261 30       		.byte	48
 627 0262 30       		.byte	48
 628 0263 30       		.byte	48
 629 0264 31       		.byte	49
 630 0265 33       		.byte	51
 631 0266 7F       		.byte	127
 632 0267 00       		.byte	0
 633 0268 63       		.byte	99
 634 0269 77       		.byte	119
 635 026a 7F       		.byte	127
 636 026b 7F       		.byte	127
 637 026c 6B       		.byte	107
 638 026d 63       		.byte	99
 639 026e 63       		.byte	99
 640 026f 00       		.byte	0
 641 0270 63       		.byte	99
 642 0271 73       		.byte	115
 643 0272 7B       		.byte	123
 644 0273 6F       		.byte	111
 645 0274 67       		.byte	103
 646 0275 63       		.byte	99
 647 0276 63       		.byte	99
 648 0277 00       		.byte	0
 649 0278 3E       		.byte	62
 650 0279 63       		.byte	99
 651 027a 63       		.byte	99
 652 027b 63       		.byte	99
 653 027c 63       		.byte	99
 654 027d 63       		.byte	99
 655 027e 3E       		.byte	62
 656 027f 00       		.byte	0
 657 0280 7E       		.byte	126
 658 0281 33       		.byte	51
 659 0282 33       		.byte	51
 660 0283 3E       		.byte	62
 661 0284 30       		.byte	48
 662 0285 30       		.byte	48
 663 0286 78       		.byte	120
 664 0287 00       		.byte	0
 665 0288 3C       		.byte	60
 666 0289 66       		.byte	102
 667 028a 66       		.byte	102
 668 028b 66       		.byte	102
 669 028c 6E       		.byte	110
 670 028d 3C       		.byte	60
 671 028e 0E       		.byte	14
 672 028f 00       		.byte	0
 673 0290 7E       		.byte	126
 674 0291 33       		.byte	51
 675 0292 33       		.byte	51
 676 0293 3E       		.byte	62
 677 0294 36       		.byte	54
 678 0295 33       		.byte	51
 679 0296 73       		.byte	115
 680 0297 00       		.byte	0
 681 0298 3C       		.byte	60
 682 0299 66       		.byte	102
 683 029a 30       		.byte	48
 684 029b 18       		.byte	24
 685 029c 0C       		.byte	12
 686 029d 66       		.byte	102
 687 029e 3C       		.byte	60
 688 029f 00       		.byte	0
 689 02a0 7E       		.byte	126
 690 02a1 5A       		.byte	90
 691 02a2 18       		.byte	24
 692 02a3 18       		.byte	24
 693 02a4 18       		.byte	24
 694 02a5 18       		.byte	24
 695 02a6 3C       		.byte	60
 696 02a7 00       		.byte	0
 697 02a8 66       		.byte	102
 698 02a9 66       		.byte	102
 699 02aa 66       		.byte	102
 700 02ab 66       		.byte	102
 701 02ac 66       		.byte	102
 702 02ad 66       		.byte	102
 703 02ae 7E       		.byte	126
 704 02af 00       		.byte	0
 705 02b0 66       		.byte	102
 706 02b1 66       		.byte	102
 707 02b2 66       		.byte	102
 708 02b3 66       		.byte	102
 709 02b4 66       		.byte	102
 710 02b5 3C       		.byte	60
 711 02b6 18       		.byte	24
 712 02b7 00       		.byte	0
 713 02b8 63       		.byte	99
 714 02b9 63       		.byte	99
 715 02ba 63       		.byte	99
 716 02bb 6B       		.byte	107
 717 02bc 7F       		.byte	127
 718 02bd 77       		.byte	119
 719 02be 63       		.byte	99
 720 02bf 00       		.byte	0
 721 02c0 63       		.byte	99
 722 02c1 63       		.byte	99
 723 02c2 36       		.byte	54
 724 02c3 1C       		.byte	28
 725 02c4 1C       		.byte	28
 726 02c5 36       		.byte	54
 727 02c6 63       		.byte	99
 728 02c7 00       		.byte	0
 729 02c8 66       		.byte	102
 730 02c9 66       		.byte	102
 731 02ca 66       		.byte	102
 732 02cb 3C       		.byte	60
 733 02cc 18       		.byte	24
 734 02cd 18       		.byte	24
 735 02ce 3C       		.byte	60
 736 02cf 00       		.byte	0
 737 02d0 7F       		.byte	127
 738 02d1 63       		.byte	99
 739 02d2 46       		.byte	70
 740 02d3 0C       		.byte	12
 741 02d4 19       		.byte	25
 742 02d5 33       		.byte	51
 743 02d6 7F       		.byte	127
 744 02d7 00       		.byte	0
 745 02d8 3C       		.byte	60
 746 02d9 30       		.byte	48
 747 02da 30       		.byte	48
 748 02db 30       		.byte	48
 749 02dc 30       		.byte	48
 750 02dd 30       		.byte	48
 751 02de 3C       		.byte	60
 752 02df 00       		.byte	0
 753 02e0 60       		.byte	96
 754 02e1 30       		.byte	48
 755 02e2 18       		.byte	24
 756 02e3 0C       		.byte	12
 757 02e4 06       		.byte	6
 758 02e5 03       		.byte	3
 759 02e6 01       		.byte	1
 760 02e7 00       		.byte	0
 761 02e8 3C       		.byte	60
 762 02e9 0C       		.byte	12
 763 02ea 0C       		.byte	12
 764 02eb 0C       		.byte	12
 765 02ec 0C       		.byte	12
 766 02ed 0C       		.byte	12
 767 02ee 3C       		.byte	60
 768 02ef 00       		.byte	0
 769 02f0 08       		.byte	8
 770 02f1 1C       		.byte	28
 771 02f2 36       		.byte	54
 772 02f3 63       		.byte	99
 773 02f4 00       		.byte	0
 774 02f5 00       		.byte	0
 775 02f6 00       		.byte	0
 776 02f7 00       		.byte	0
 777 02f8 00       		.byte	0
 778 02f9 00       		.byte	0
 779 02fa 00       		.byte	0
 780 02fb 00       		.byte	0
 781 02fc 00       		.byte	0
 782 02fd 00       		.byte	0
 783 02fe 00       		.byte	0
 784 02ff FF       		.byte	-1
 785 0300 18       		.byte	24
 786 0301 18       		.byte	24
 787 0302 0C       		.byte	12
 788 0303 00       		.byte	0
 789 0304 00       		.byte	0
 790 0305 00       		.byte	0
 791 0306 00       		.byte	0
 792 0307 00       		.byte	0
 793 0308 00       		.byte	0
 794 0309 00       		.byte	0
 795 030a 3C       		.byte	60
 796 030b 06       		.byte	6
 797 030c 3E       		.byte	62
 798 030d 66       		.byte	102
 799 030e 3B       		.byte	59
 800 030f 00       		.byte	0
 801 0310 70       		.byte	112
 802 0311 30       		.byte	48
 803 0312 30       		.byte	48
 804 0313 3E       		.byte	62
 805 0314 33       		.byte	51
 806 0315 33       		.byte	51
 807 0316 6E       		.byte	110
 808 0317 00       		.byte	0
 809 0318 00       		.byte	0
 810 0319 00       		.byte	0
 811 031a 3C       		.byte	60
 812 031b 66       		.byte	102
 813 031c 60       		.byte	96
 814 031d 66       		.byte	102
 815 031e 3C       		.byte	60
 816 031f 00       		.byte	0
 817 0320 0E       		.byte	14
 818 0321 06       		.byte	6
 819 0322 06       		.byte	6
 820 0323 3E       		.byte	62
 821 0324 66       		.byte	102
 822 0325 66       		.byte	102
 823 0326 3B       		.byte	59
 824 0327 00       		.byte	0
 825 0328 00       		.byte	0
 826 0329 00       		.byte	0
 827 032a 3C       		.byte	60
 828 032b 66       		.byte	102
 829 032c 7E       		.byte	126
 830 032d 60       		.byte	96
 831 032e 3C       		.byte	60
 832 032f 00       		.byte	0
 833 0330 1C       		.byte	28
 834 0331 36       		.byte	54
 835 0332 30       		.byte	48
 836 0333 78       		.byte	120
 837 0334 30       		.byte	48
 838 0335 30       		.byte	48
 839 0336 78       		.byte	120
 840 0337 00       		.byte	0
 841 0338 00       		.byte	0
 842 0339 00       		.byte	0
 843 033a 3B       		.byte	59
 844 033b 66       		.byte	102
 845 033c 66       		.byte	102
 846 033d 3E       		.byte	62
 847 033e 06       		.byte	6
 848 033f 7C       		.byte	124
 849 0340 70       		.byte	112
 850 0341 30       		.byte	48
 851 0342 36       		.byte	54
 852 0343 3B       		.byte	59
 853 0344 33       		.byte	51
 854 0345 33       		.byte	51
 855 0346 73       		.byte	115
 856 0347 00       		.byte	0
 857 0348 18       		.byte	24
 858 0349 00       		.byte	0
 859 034a 38       		.byte	56
 860 034b 18       		.byte	24
 861 034c 18       		.byte	24
 862 034d 18       		.byte	24
 863 034e 3C       		.byte	60
 864 034f 00       		.byte	0
 865 0350 06       		.byte	6
 866 0351 00       		.byte	0
 867 0352 06       		.byte	6
 868 0353 06       		.byte	6
 869 0354 06       		.byte	6
 870 0355 66       		.byte	102
 871 0356 66       		.byte	102
 872 0357 3C       		.byte	60
 873 0358 70       		.byte	112
 874 0359 30       		.byte	48
 875 035a 33       		.byte	51
 876 035b 36       		.byte	54
 877 035c 3C       		.byte	60
 878 035d 36       		.byte	54
 879 035e 73       		.byte	115
 880 035f 00       		.byte	0
 881 0360 38       		.byte	56
 882 0361 18       		.byte	24
 883 0362 18       		.byte	24
 884 0363 18       		.byte	24
 885 0364 18       		.byte	24
 886 0365 18       		.byte	24
 887 0366 3C       		.byte	60
 888 0367 00       		.byte	0
 889 0368 00       		.byte	0
 890 0369 00       		.byte	0
 891 036a 66       		.byte	102
 892 036b 7F       		.byte	127
 893 036c 7F       		.byte	127
 894 036d 6B       		.byte	107
 895 036e 63       		.byte	99
 896 036f 00       		.byte	0
 897 0370 00       		.byte	0
 898 0371 00       		.byte	0
 899 0372 7C       		.byte	124
 900 0373 66       		.byte	102
 901 0374 66       		.byte	102
 902 0375 66       		.byte	102
 903 0376 66       		.byte	102
 904 0377 00       		.byte	0
 905 0378 00       		.byte	0
 906 0379 00       		.byte	0
 907 037a 3C       		.byte	60
 908 037b 66       		.byte	102
 909 037c 66       		.byte	102
 910 037d 66       		.byte	102
 911 037e 3C       		.byte	60
 912 037f 00       		.byte	0
 913 0380 00       		.byte	0
 914 0381 00       		.byte	0
 915 0382 6E       		.byte	110
 916 0383 33       		.byte	51
 917 0384 33       		.byte	51
 918 0385 3E       		.byte	62
 919 0386 30       		.byte	48
 920 0387 78       		.byte	120
 921 0388 00       		.byte	0
 922 0389 00       		.byte	0
 923 038a 3B       		.byte	59
 924 038b 66       		.byte	102
 925 038c 66       		.byte	102
 926 038d 3E       		.byte	62
 927 038e 06       		.byte	6
 928 038f 0F       		.byte	15
 929 0390 00       		.byte	0
 930 0391 00       		.byte	0
 931 0392 6E       		.byte	110
 932 0393 3B       		.byte	59
 933 0394 33       		.byte	51
 934 0395 30       		.byte	48
 935 0396 78       		.byte	120
 936 0397 00       		.byte	0
 937 0398 00       		.byte	0
 938 0399 00       		.byte	0
 939 039a 3E       		.byte	62
 940 039b 60       		.byte	96
 941 039c 3C       		.byte	60
 942 039d 06       		.byte	6
 943 039e 7C       		.byte	124
 944 039f 00       		.byte	0
 945 03a0 08       		.byte	8
 946 03a1 18       		.byte	24
 947 03a2 3E       		.byte	62
 948 03a3 18       		.byte	24
 949 03a4 18       		.byte	24
 950 03a5 1A       		.byte	26
 951 03a6 0C       		.byte	12
 952 03a7 00       		.byte	0
 953 03a8 00       		.byte	0
 954 03a9 00       		.byte	0
 955 03aa 66       		.byte	102
 956 03ab 66       		.byte	102
 957 03ac 66       		.byte	102
 958 03ad 66       		.byte	102
 959 03ae 3B       		.byte	59
 960 03af 00       		.byte	0
 961 03b0 00       		.byte	0
 962 03b1 00       		.byte	0
 963 03b2 66       		.byte	102
 964 03b3 66       		.byte	102
 965 03b4 66       		.byte	102
 966 03b5 3C       		.byte	60
 967 03b6 18       		.byte	24
 968 03b7 00       		.byte	0
 969 03b8 00       		.byte	0
 970 03b9 00       		.byte	0
 971 03ba 63       		.byte	99
 972 03bb 6B       		.byte	107
 973 03bc 7F       		.byte	127
 974 03bd 7F       		.byte	127
 975 03be 36       		.byte	54
 976 03bf 00       		.byte	0
 977 03c0 00       		.byte	0
 978 03c1 00       		.byte	0
 979 03c2 63       		.byte	99
 980 03c3 36       		.byte	54
 981 03c4 1C       		.byte	28
 982 03c5 36       		.byte	54
 983 03c6 63       		.byte	99
 984 03c7 00       		.byte	0
 985 03c8 00       		.byte	0
 986 03c9 00       		.byte	0
 987 03ca 66       		.byte	102
 988 03cb 66       		.byte	102
 989 03cc 66       		.byte	102
 990 03cd 3E       		.byte	62
 991 03ce 06       		.byte	6
 992 03cf 7C       		.byte	124
 993 03d0 00       		.byte	0
 994 03d1 00       		.byte	0
 995 03d2 7E       		.byte	126
 996 03d3 4C       		.byte	76
 997 03d4 18       		.byte	24
 998 03d5 32       		.byte	50
 999 03d6 7E       		.byte	126
 1000 03d7 00       		.byte	0
 1001 03d8 0E       		.byte	14
 1002 03d9 18       		.byte	24
 1003 03da 18       		.byte	24
 1004 03db 70       		.byte	112
 1005 03dc 18       		.byte	24
 1006 03dd 18       		.byte	24
 1007 03de 0E       		.byte	14
 1008 03df 00       		.byte	0
 1009 03e0 0C       		.byte	12
 1010 03e1 0C       		.byte	12
 1011 03e2 0C       		.byte	12
 1012 03e3 00       		.byte	0
 1013 03e4 0C       		.byte	12
 1014 03e5 0C       		.byte	12
 1015 03e6 0C       		.byte	12
 1016 03e7 00       		.byte	0
 1017 03e8 70       		.byte	112
 1018 03e9 18       		.byte	24
 1019 03ea 18       		.byte	24
 1020 03eb 0E       		.byte	14
 1021 03ec 18       		.byte	24
 1022 03ed 18       		.byte	24
 1023 03ee 70       		.byte	112
 1024 03ef 00       		.byte	0
 1025 03f0 3B       		.byte	59
 1026 03f1 6E       		.byte	110
 1027 03f2 00       		.byte	0
 1028 03f3 00       		.byte	0
 1029 03f4 00       		.byte	0
 1030 03f5 00       		.byte	0
 1031 03f6 00       		.byte	0
 1032 03f7 00       		.byte	0
 1033 03f8 00       		.byte	0
 1034 03f9 08       		.byte	8
 1035 03fa 1C       		.byte	28
 1036 03fb 36       		.byte	54
 1037 03fc 63       		.byte	99
 1038 03fd 63       		.byte	99
 1039 03fe 7F       		.byte	127
 1040 03ff 00       		.byte	0
 1041 0400 3C       		.byte	60
 1042 0401 66       		.byte	102
 1043 0402 60       		.byte	96
 1044 0403 66       		.byte	102
 1045 0404 3C       		.byte	60
 1046 0405 0C       		.byte	12
 1047 0406 06       		.byte	6
 1048 0407 3C       		.byte	60
 1049 0408 00       		.byte	0
 1050 0409 66       		.byte	102
 1051 040a 00       		.byte	0
 1052 040b 66       		.byte	102
 1053 040c 66       		.byte	102
 1054 040d 66       		.byte	102
 1055 040e 3F       		.byte	63
 1056 040f 00       		.byte	0
 1057 0410 1C       		.byte	28
 1058 0411 00       		.byte	0
 1059 0412 78       		.byte	120
 1060 0413 CC       		.byte	-52
 1061 0414 FC       		.byte	-4
 1062 0415 C0       		.byte	-64
 1063 0416 78       		.byte	120
 1064 0417 00       		.byte	0
 1065 0418 7E       		.byte	126
 1066 0419 C3       		.byte	-61
 1067 041a 3C       		.byte	60
 1068 041b 06       		.byte	6
 1069 041c 3E       		.byte	62
 1070 041d 66       		.byte	102
 1071 041e 3F       		.byte	63
 1072 041f 00       		.byte	0
 1073 0420 66       		.byte	102
 1074 0421 00       		.byte	0
 1075 0422 3C       		.byte	60
 1076 0423 06       		.byte	6
 1077 0424 3E       		.byte	62
 1078 0425 66       		.byte	102
 1079 0426 3F       		.byte	63
 1080 0427 00       		.byte	0
 1081 0428 70       		.byte	112
 1082 0429 00       		.byte	0
 1083 042a 3C       		.byte	60
 1084 042b 06       		.byte	6
 1085 042c 3E       		.byte	62
 1086 042d 66       		.byte	102
 1087 042e 3F       		.byte	63
 1088 042f 00       		.byte	0
 1089 0430 18       		.byte	24
 1090 0431 18       		.byte	24
 1091 0432 3C       		.byte	60
 1092 0433 06       		.byte	6
 1093 0434 3E       		.byte	62
 1094 0435 66       		.byte	102
 1095 0436 3F       		.byte	63
 1096 0437 00       		.byte	0
 1097 0438 00       		.byte	0
 1098 0439 00       		.byte	0
 1099 043a 3C       		.byte	60
 1100 043b 60       		.byte	96
 1101 043c 60       		.byte	96
 1102 043d 3C       		.byte	60
 1103 043e 06       		.byte	6
 1104 043f 1C       		.byte	28
 1105 0440 7E       		.byte	126
 1106 0441 C3       		.byte	-61
 1107 0442 3C       		.byte	60
 1108 0443 66       		.byte	102
 1109 0444 7E       		.byte	126
 1110 0445 60       		.byte	96
 1111 0446 3C       		.byte	60
 1112 0447 00       		.byte	0
 1113 0448 CC       		.byte	-52
 1114 0449 00       		.byte	0
 1115 044a 78       		.byte	120
 1116 044b CC       		.byte	-52
 1117 044c FC       		.byte	-4
 1118 044d C0       		.byte	-64
 1119 044e 78       		.byte	120
 1120 044f 00       		.byte	0
 1121 0450 70       		.byte	112
 1122 0451 00       		.byte	0
 1123 0452 3C       		.byte	60
 1124 0453 66       		.byte	102
 1125 0454 7E       		.byte	126
 1126 0455 60       		.byte	96
 1127 0456 3C       		.byte	60
 1128 0457 00       		.byte	0
 1129 0458 66       		.byte	102
 1130 0459 00       		.byte	0
 1131 045a 38       		.byte	56
 1132 045b 18       		.byte	24
 1133 045c 18       		.byte	24
 1134 045d 18       		.byte	24
 1135 045e 3C       		.byte	60
 1136 045f 00       		.byte	0
 1137 0460 3E       		.byte	62
 1138 0461 63       		.byte	99
 1139 0462 1C       		.byte	28
 1140 0463 0C       		.byte	12
 1141 0464 0C       		.byte	12
 1142 0465 0C       		.byte	12
 1143 0466 1E       		.byte	30
 1144 0467 00       		.byte	0
 1145 0468 70       		.byte	112
 1146 0469 00       		.byte	0
 1147 046a 38       		.byte	56
 1148 046b 18       		.byte	24
 1149 046c 18       		.byte	24
 1150 046d 18       		.byte	24
 1151 046e 3C       		.byte	60
 1152 046f 00       		.byte	0
 1153 0470 63       		.byte	99
 1154 0471 1C       		.byte	28
 1155 0472 36       		.byte	54
 1156 0473 63       		.byte	99
 1157 0474 7F       		.byte	127
 1158 0475 63       		.byte	99
 1159 0476 63       		.byte	99
 1160 0477 00       		.byte	0
 1161 0478 18       		.byte	24
 1162 0479 18       		.byte	24
 1163 047a 00       		.byte	0
 1164 047b 3C       		.byte	60
 1165 047c 66       		.byte	102
 1166 047d 7E       		.byte	126
 1167 047e 66       		.byte	102
 1168 047f 00       		.byte	0
 1169 0480 1C       		.byte	28
 1170 0481 00       		.byte	0
 1171 0482 FC       		.byte	-4
 1172 0483 60       		.byte	96
 1173 0484 78       		.byte	120
 1174 0485 60       		.byte	96
 1175 0486 FC       		.byte	-4
 1176 0487 00       		.byte	0
 1177 0488 00       		.byte	0
 1178 0489 00       		.byte	0
 1179 048a 7F       		.byte	127
 1180 048b 0C       		.byte	12
 1181 048c 7F       		.byte	127
 1182 048d CC       		.byte	-52
 1183 048e 7F       		.byte	127
 1184 048f 00       		.byte	0
 1185 0490 1F       		.byte	31
 1186 0491 36       		.byte	54
 1187 0492 66       		.byte	102
 1188 0493 7F       		.byte	127
 1189 0494 66       		.byte	102
 1190 0495 66       		.byte	102
 1191 0496 67       		.byte	103
 1192 0497 00       		.byte	0
 1193 0498 3C       		.byte	60
 1194 0499 66       		.byte	102
 1195 049a 00       		.byte	0
 1196 049b 3C       		.byte	60
 1197 049c 66       		.byte	102
 1198 049d 66       		.byte	102
 1199 049e 3C       		.byte	60
 1200 049f 00       		.byte	0
 1201 04a0 00       		.byte	0
 1202 04a1 66       		.byte	102
 1203 04a2 00       		.byte	0
 1204 04a3 3C       		.byte	60
 1205 04a4 66       		.byte	102
 1206 04a5 66       		.byte	102
 1207 04a6 3C       		.byte	60
 1208 04a7 00       		.byte	0
 1209 04a8 00       		.byte	0
 1210 04a9 70       		.byte	112
 1211 04aa 00       		.byte	0
 1212 04ab 3C       		.byte	60
 1213 04ac 66       		.byte	102
 1214 04ad 66       		.byte	102
 1215 04ae 3C       		.byte	60
 1216 04af 00       		.byte	0
 1217 04b0 3C       		.byte	60
 1218 04b1 66       		.byte	102
 1219 04b2 00       		.byte	0
 1220 04b3 66       		.byte	102
 1221 04b4 66       		.byte	102
 1222 04b5 66       		.byte	102
 1223 04b6 3F       		.byte	63
 1224 04b7 00       		.byte	0
 1225 04b8 00       		.byte	0
 1226 04b9 70       		.byte	112
 1227 04ba 00       		.byte	0
 1228 04bb 66       		.byte	102
 1229 04bc 66       		.byte	102
 1230 04bd 66       		.byte	102
 1231 04be 3F       		.byte	63
 1232 04bf 00       		.byte	0
 1233 04c0 00       		.byte	0
 1234 04c1 CC       		.byte	-52
 1235 04c2 00       		.byte	0
 1236 04c3 CC       		.byte	-52
 1237 04c4 CC       		.byte	-52
 1238 04c5 7C       		.byte	124
 1239 04c6 0C       		.byte	12
 1240 04c7 F8       		.byte	-8
 1241 04c8 C3       		.byte	-61
 1242 04c9 18       		.byte	24
 1243 04ca 3C       		.byte	60
 1244 04cb 66       		.byte	102
 1245 04cc 66       		.byte	102
 1246 04cd 3C       		.byte	60
 1247 04ce 18       		.byte	24
 1248 04cf 00       		.byte	0
 1249 04d0 66       		.byte	102
 1250 04d1 00       		.byte	0
 1251 04d2 66       		.byte	102
 1252 04d3 66       		.byte	102
 1253 04d4 66       		.byte	102
 1254 04d5 66       		.byte	102
 1255 04d6 3C       		.byte	60
 1256 04d7 00       		.byte	0
 1257 04d8 0C       		.byte	12
 1258 04d9 0C       		.byte	12
 1259 04da 3F       		.byte	63
 1260 04db 60       		.byte	96
 1261 04dc 60       		.byte	96
 1262 04dd 3F       		.byte	63
 1263 04de 0C       		.byte	12
 1264 04df 0C       		.byte	12
 1265 04e0 1C       		.byte	28
 1266 04e1 36       		.byte	54
 1267 04e2 32       		.byte	50
 1268 04e3 78       		.byte	120
 1269 04e4 30       		.byte	48
 1270 04e5 73       		.byte	115
 1271 04e6 7E       		.byte	126
 1272 04e7 00       		.byte	0
 1273 04e8 66       		.byte	102
 1274 04e9 66       		.byte	102
 1275 04ea 3C       		.byte	60
 1276 04eb 7E       		.byte	126
 1277 04ec 18       		.byte	24
 1278 04ed 7E       		.byte	126
 1279 04ee 18       		.byte	24
 1280 04ef 18       		.byte	24
 1281 04f0 F8       		.byte	-8
 1282 04f1 CC       		.byte	-52
 1283 04f2 CC       		.byte	-52
 1284 04f3 FA       		.byte	-6
 1285 04f4 C6       		.byte	-58
 1286 04f5 CF       		.byte	-49
 1287 04f6 C6       		.byte	-58
 1288 04f7 C7       		.byte	-57
 1289 04f8 0E       		.byte	14
 1290 04f9 1B       		.byte	27
 1291 04fa 18       		.byte	24
 1292 04fb 3C       		.byte	60
 1293 04fc 18       		.byte	24
 1294 04fd 18       		.byte	24
 1295 04fe D8       		.byte	-40
 1296 04ff 70       		.byte	112
 1297 0500 0E       		.byte	14
 1298 0501 00       		.byte	0
 1299 0502 3C       		.byte	60
 1300 0503 06       		.byte	6
 1301 0504 3E       		.byte	62
 1302 0505 66       		.byte	102
 1303 0506 3F       		.byte	63
 1304 0507 00       		.byte	0
 1305 0508 1C       		.byte	28
 1306 0509 00       		.byte	0
 1307 050a 38       		.byte	56
 1308 050b 18       		.byte	24
 1309 050c 18       		.byte	24
 1310 050d 18       		.byte	24
 1311 050e 3C       		.byte	60
 1312 050f 00       		.byte	0
 1313 0510 00       		.byte	0
 1314 0511 0E       		.byte	14
 1315 0512 00       		.byte	0
 1316 0513 3C       		.byte	60
 1317 0514 66       		.byte	102
 1318 0515 66       		.byte	102
 1319 0516 3C       		.byte	60
 1320 0517 00       		.byte	0
 1321 0518 00       		.byte	0
 1322 0519 0E       		.byte	14
 1323 051a 00       		.byte	0
 1324 051b 66       		.byte	102
 1325 051c 66       		.byte	102
 1326 051d 66       		.byte	102
 1327 051e 3F       		.byte	63
 1328 051f 00       		.byte	0
 1329 0520 00       		.byte	0
 1330 0521 7C       		.byte	124
 1331 0522 00       		.byte	0
 1332 0523 7C       		.byte	124
 1333 0524 66       		.byte	102
 1334 0525 66       		.byte	102
 1335 0526 66       		.byte	102
 1336 0527 00       		.byte	0
 1337 0528 7E       		.byte	126
 1338 0529 00       		.byte	0
 1339 052a 66       		.byte	102
 1340 052b 76       		.byte	118
 1341 052c 7E       		.byte	126
 1342 052d 6E       		.byte	110
 1343 052e 66       		.byte	102
 1344 052f 00       		.byte	0
 1345 0530 1E       		.byte	30
 1346 0531 36       		.byte	54
 1347 0532 36       		.byte	54
 1348 0533 1F       		.byte	31
 1349 0534 00       		.byte	0
 1350 0535 3F       		.byte	63
 1351 0536 00       		.byte	0
 1352 0537 00       		.byte	0
 1353 0538 1C       		.byte	28
 1354 0539 36       		.byte	54
 1355 053a 36       		.byte	54
 1356 053b 1C       		.byte	28
 1357 053c 00       		.byte	0
 1358 053d 3E       		.byte	62
 1359 053e 00       		.byte	0
 1360 053f 00       		.byte	0
 1361 0540 18       		.byte	24
 1362 0541 00       		.byte	0
 1363 0542 18       		.byte	24
 1364 0543 30       		.byte	48
 1365 0544 60       		.byte	96
 1366 0545 66       		.byte	102
 1367 0546 3C       		.byte	60
 1368 0547 00       		.byte	0
 1369 0548 00       		.byte	0
 1370 0549 00       		.byte	0
 1371 054a 00       		.byte	0
 1372 054b 7E       		.byte	126
 1373 054c 60       		.byte	96
 1374 054d 60       		.byte	96
 1375 054e 00       		.byte	0
 1376 054f 00       		.byte	0
 1377 0550 00       		.byte	0
 1378 0551 00       		.byte	0
 1379 0552 00       		.byte	0
 1380 0553 FC       		.byte	-4
 1381 0554 0C       		.byte	12
 1382 0555 0C       		.byte	12
 1383 0556 00       		.byte	0
 1384 0557 00       		.byte	0
 1385 0558 C3       		.byte	-61
 1386 0559 C6       		.byte	-58
 1387 055a CC       		.byte	-52
 1388 055b DE       		.byte	-34
 1389 055c 33       		.byte	51
 1390 055d 66       		.byte	102
 1391 055e CC       		.byte	-52
 1392 055f 0F       		.byte	15
 1393 0560 C3       		.byte	-61
 1394 0561 C6       		.byte	-58
 1395 0562 CC       		.byte	-52
 1396 0563 DB       		.byte	-37
 1397 0564 37       		.byte	55
 1398 0565 6F       		.byte	111
 1399 0566 CF       		.byte	-49
 1400 0567 03       		.byte	3
 1401 0568 18       		.byte	24
 1402 0569 18       		.byte	24
 1403 056a 00       		.byte	0
 1404 056b 18       		.byte	24
 1405 056c 18       		.byte	24
 1406 056d 18       		.byte	24
 1407 056e 18       		.byte	24
 1408 056f 00       		.byte	0
 1409 0570 00       		.byte	0
 1410 0571 33       		.byte	51
 1411 0572 66       		.byte	102
 1412 0573 CC       		.byte	-52
 1413 0574 66       		.byte	102
 1414 0575 33       		.byte	51
 1415 0576 00       		.byte	0
 1416 0577 00       		.byte	0
 1417 0578 00       		.byte	0
 1418 0579 CC       		.byte	-52
 1419 057a 66       		.byte	102
 1420 057b 33       		.byte	51
 1421 057c 66       		.byte	102
 1422 057d CC       		.byte	-52
 1423 057e 00       		.byte	0
 1424 057f 00       		.byte	0
 1425 0580 22       		.byte	34
 1426 0581 88       		.byte	-120
 1427 0582 22       		.byte	34
 1428 0583 88       		.byte	-120
 1429 0584 22       		.byte	34
 1430 0585 88       		.byte	-120
 1431 0586 22       		.byte	34
 1432 0587 88       		.byte	-120
 1433 0588 55       		.byte	85
 1434 0589 AA       		.byte	-86
 1435 058a 55       		.byte	85
 1436 058b AA       		.byte	-86
 1437 058c 55       		.byte	85
 1438 058d AA       		.byte	-86
 1439 058e 55       		.byte	85
 1440 058f AA       		.byte	-86
 1441 0590 DB       		.byte	-37
 1442 0591 77       		.byte	119
 1443 0592 DB       		.byte	-37
 1444 0593 EE       		.byte	-18
 1445 0594 DB       		.byte	-37
 1446 0595 77       		.byte	119
 1447 0596 DB       		.byte	-37
 1448 0597 EE       		.byte	-18
 1449 0598 18       		.byte	24
 1450 0599 18       		.byte	24
 1451 059a 18       		.byte	24
 1452 059b 18       		.byte	24
 1453 059c 18       		.byte	24
 1454 059d 18       		.byte	24
 1455 059e 18       		.byte	24
 1456 059f 18       		.byte	24
 1457 05a0 18       		.byte	24
 1458 05a1 18       		.byte	24
 1459 05a2 18       		.byte	24
 1460 05a3 18       		.byte	24
 1461 05a4 F8       		.byte	-8
 1462 05a5 18       		.byte	24
 1463 05a6 18       		.byte	24
 1464 05a7 18       		.byte	24
 1465 05a8 18       		.byte	24
 1466 05a9 18       		.byte	24
 1467 05aa F8       		.byte	-8
 1468 05ab 18       		.byte	24
 1469 05ac F8       		.byte	-8
 1470 05ad 18       		.byte	24
 1471 05ae 18       		.byte	24
 1472 05af 18       		.byte	24
 1473 05b0 36       		.byte	54
 1474 05b1 36       		.byte	54
 1475 05b2 36       		.byte	54
 1476 05b3 36       		.byte	54
 1477 05b4 F6       		.byte	-10
 1478 05b5 36       		.byte	54
 1479 05b6 36       		.byte	54
 1480 05b7 36       		.byte	54
 1481 05b8 00       		.byte	0
 1482 05b9 00       		.byte	0
 1483 05ba 00       		.byte	0
 1484 05bb 00       		.byte	0
 1485 05bc FE       		.byte	-2
 1486 05bd 36       		.byte	54
 1487 05be 36       		.byte	54
 1488 05bf 36       		.byte	54
 1489 05c0 00       		.byte	0
 1490 05c1 00       		.byte	0
 1491 05c2 F8       		.byte	-8
 1492 05c3 18       		.byte	24
 1493 05c4 F8       		.byte	-8
 1494 05c5 18       		.byte	24
 1495 05c6 18       		.byte	24
 1496 05c7 18       		.byte	24
 1497 05c8 36       		.byte	54
 1498 05c9 36       		.byte	54
 1499 05ca F6       		.byte	-10
 1500 05cb 06       		.byte	6
 1501 05cc F6       		.byte	-10
 1502 05cd 36       		.byte	54
 1503 05ce 36       		.byte	54
 1504 05cf 36       		.byte	54
 1505 05d0 36       		.byte	54
 1506 05d1 36       		.byte	54
 1507 05d2 36       		.byte	54
 1508 05d3 36       		.byte	54
 1509 05d4 36       		.byte	54
 1510 05d5 36       		.byte	54
 1511 05d6 36       		.byte	54
 1512 05d7 36       		.byte	54
 1513 05d8 00       		.byte	0
 1514 05d9 00       		.byte	0
 1515 05da FE       		.byte	-2
 1516 05db 06       		.byte	6
 1517 05dc F6       		.byte	-10
 1518 05dd 36       		.byte	54
 1519 05de 36       		.byte	54
 1520 05df 36       		.byte	54
 1521 05e0 36       		.byte	54
 1522 05e1 36       		.byte	54
 1523 05e2 F6       		.byte	-10
 1524 05e3 06       		.byte	6
 1525 05e4 FE       		.byte	-2
 1526 05e5 00       		.byte	0
 1527 05e6 00       		.byte	0
 1528 05e7 00       		.byte	0
 1529 05e8 36       		.byte	54
 1530 05e9 36       		.byte	54
 1531 05ea 36       		.byte	54
 1532 05eb 36       		.byte	54
 1533 05ec FE       		.byte	-2
 1534 05ed 00       		.byte	0
 1535 05ee 00       		.byte	0
 1536 05ef 00       		.byte	0
 1537 05f0 18       		.byte	24
 1538 05f1 18       		.byte	24
 1539 05f2 F8       		.byte	-8
 1540 05f3 18       		.byte	24
 1541 05f4 F8       		.byte	-8
 1542 05f5 00       		.byte	0
 1543 05f6 00       		.byte	0
 1544 05f7 00       		.byte	0
 1545 05f8 00       		.byte	0
 1546 05f9 00       		.byte	0
 1547 05fa 00       		.byte	0
 1548 05fb 00       		.byte	0
 1549 05fc F8       		.byte	-8
 1550 05fd 18       		.byte	24
 1551 05fe 18       		.byte	24
 1552 05ff 18       		.byte	24
 1553 0600 18       		.byte	24
 1554 0601 18       		.byte	24
 1555 0602 18       		.byte	24
 1556 0603 18       		.byte	24
 1557 0604 1F       		.byte	31
 1558 0605 00       		.byte	0
 1559 0606 00       		.byte	0
 1560 0607 00       		.byte	0
 1561 0608 18       		.byte	24
 1562 0609 18       		.byte	24
 1563 060a 18       		.byte	24
 1564 060b 18       		.byte	24
 1565 060c FF       		.byte	-1
 1566 060d 00       		.byte	0
 1567 060e 00       		.byte	0
 1568 060f 00       		.byte	0
 1569 0610 00       		.byte	0
 1570 0611 00       		.byte	0
 1571 0612 00       		.byte	0
 1572 0613 00       		.byte	0
 1573 0614 FF       		.byte	-1
 1574 0615 18       		.byte	24
 1575 0616 18       		.byte	24
 1576 0617 18       		.byte	24
 1577 0618 18       		.byte	24
 1578 0619 18       		.byte	24
 1579 061a 18       		.byte	24
 1580 061b 18       		.byte	24
 1581 061c 1F       		.byte	31
 1582 061d 18       		.byte	24
 1583 061e 18       		.byte	24
 1584 061f 18       		.byte	24
 1585 0620 00       		.byte	0
 1586 0621 00       		.byte	0
 1587 0622 00       		.byte	0
 1588 0623 00       		.byte	0
 1589 0624 FF       		.byte	-1
 1590 0625 00       		.byte	0
 1591 0626 00       		.byte	0
 1592 0627 00       		.byte	0
 1593 0628 18       		.byte	24
 1594 0629 18       		.byte	24
 1595 062a 18       		.byte	24
 1596 062b 18       		.byte	24
 1597 062c FF       		.byte	-1
 1598 062d 18       		.byte	24
 1599 062e 18       		.byte	24
 1600 062f 18       		.byte	24
 1601 0630 18       		.byte	24
 1602 0631 18       		.byte	24
 1603 0632 1F       		.byte	31
 1604 0633 18       		.byte	24
 1605 0634 1F       		.byte	31
 1606 0635 18       		.byte	24
 1607 0636 18       		.byte	24
 1608 0637 18       		.byte	24
 1609 0638 36       		.byte	54
 1610 0639 36       		.byte	54
 1611 063a 36       		.byte	54
 1612 063b 36       		.byte	54
 1613 063c 37       		.byte	55
 1614 063d 36       		.byte	54
 1615 063e 36       		.byte	54
 1616 063f 36       		.byte	54
 1617 0640 36       		.byte	54
 1618 0641 36       		.byte	54
 1619 0642 37       		.byte	55
 1620 0643 30       		.byte	48
 1621 0644 3F       		.byte	63
 1622 0645 00       		.byte	0
 1623 0646 00       		.byte	0
 1624 0647 00       		.byte	0
 1625 0648 00       		.byte	0
 1626 0649 00       		.byte	0
 1627 064a 3F       		.byte	63
 1628 064b 30       		.byte	48
 1629 064c 37       		.byte	55
 1630 064d 36       		.byte	54
 1631 064e 36       		.byte	54
 1632 064f 36       		.byte	54
 1633 0650 36       		.byte	54
 1634 0651 36       		.byte	54
 1635 0652 F7       		.byte	-9
 1636 0653 00       		.byte	0
 1637 0654 FF       		.byte	-1
 1638 0655 00       		.byte	0
 1639 0656 00       		.byte	0
 1640 0657 00       		.byte	0
 1641 0658 00       		.byte	0
 1642 0659 00       		.byte	0
 1643 065a FF       		.byte	-1
 1644 065b 00       		.byte	0
 1645 065c F7       		.byte	-9
 1646 065d 36       		.byte	54
 1647 065e 36       		.byte	54
 1648 065f 36       		.byte	54
 1649 0660 36       		.byte	54
 1650 0661 36       		.byte	54
 1651 0662 37       		.byte	55
 1652 0663 30       		.byte	48
 1653 0664 37       		.byte	55
 1654 0665 36       		.byte	54
 1655 0666 36       		.byte	54
 1656 0667 36       		.byte	54
 1657 0668 00       		.byte	0
 1658 0669 00       		.byte	0
 1659 066a FF       		.byte	-1
 1660 066b 00       		.byte	0
 1661 066c FF       		.byte	-1
 1662 066d 00       		.byte	0
 1663 066e 00       		.byte	0
 1664 066f 00       		.byte	0
 1665 0670 36       		.byte	54
 1666 0671 36       		.byte	54
 1667 0672 F7       		.byte	-9
 1668 0673 00       		.byte	0
 1669 0674 F7       		.byte	-9
 1670 0675 36       		.byte	54
 1671 0676 36       		.byte	54
 1672 0677 36       		.byte	54
 1673 0678 18       		.byte	24
 1674 0679 18       		.byte	24
 1675 067a FF       		.byte	-1
 1676 067b 00       		.byte	0
 1677 067c FF       		.byte	-1
 1678 067d 00       		.byte	0
 1679 067e 00       		.byte	0
 1680 067f 00       		.byte	0
 1681 0680 36       		.byte	54
 1682 0681 36       		.byte	54
 1683 0682 36       		.byte	54
 1684 0683 36       		.byte	54
 1685 0684 FF       		.byte	-1
 1686 0685 00       		.byte	0
 1687 0686 00       		.byte	0
 1688 0687 00       		.byte	0
 1689 0688 00       		.byte	0
 1690 0689 00       		.byte	0
 1691 068a FF       		.byte	-1
 1692 068b 00       		.byte	0
 1693 068c FF       		.byte	-1
 1694 068d 18       		.byte	24
 1695 068e 18       		.byte	24
 1696 068f 18       		.byte	24
 1697 0690 00       		.byte	0
 1698 0691 00       		.byte	0
 1699 0692 00       		.byte	0
 1700 0693 00       		.byte	0
 1701 0694 FF       		.byte	-1
 1702 0695 36       		.byte	54
 1703 0696 36       		.byte	54
 1704 0697 36       		.byte	54
 1705 0698 36       		.byte	54
 1706 0699 36       		.byte	54
 1707 069a 36       		.byte	54
 1708 069b 36       		.byte	54
 1709 069c 3F       		.byte	63
 1710 069d 00       		.byte	0
 1711 069e 00       		.byte	0
 1712 069f 00       		.byte	0
 1713 06a0 18       		.byte	24
 1714 06a1 18       		.byte	24
 1715 06a2 1F       		.byte	31
 1716 06a3 18       		.byte	24
 1717 06a4 1F       		.byte	31
 1718 06a5 00       		.byte	0
 1719 06a6 00       		.byte	0
 1720 06a7 00       		.byte	0
 1721 06a8 00       		.byte	0
 1722 06a9 00       		.byte	0
 1723 06aa 1F       		.byte	31
 1724 06ab 18       		.byte	24
 1725 06ac 1F       		.byte	31
 1726 06ad 18       		.byte	24
 1727 06ae 18       		.byte	24
 1728 06af 18       		.byte	24
 1729 06b0 00       		.byte	0
 1730 06b1 00       		.byte	0
 1731 06b2 00       		.byte	0
 1732 06b3 00       		.byte	0
 1733 06b4 3F       		.byte	63
 1734 06b5 36       		.byte	54
 1735 06b6 36       		.byte	54
 1736 06b7 36       		.byte	54
 1737 06b8 36       		.byte	54
 1738 06b9 36       		.byte	54
 1739 06ba 36       		.byte	54
 1740 06bb 36       		.byte	54
 1741 06bc FF       		.byte	-1
 1742 06bd 36       		.byte	54
 1743 06be 36       		.byte	54
 1744 06bf 36       		.byte	54
 1745 06c0 18       		.byte	24
 1746 06c1 18       		.byte	24
 1747 06c2 FF       		.byte	-1
 1748 06c3 18       		.byte	24
 1749 06c4 FF       		.byte	-1
 1750 06c5 18       		.byte	24
 1751 06c6 18       		.byte	24
 1752 06c7 18       		.byte	24
 1753 06c8 18       		.byte	24
 1754 06c9 18       		.byte	24
 1755 06ca 18       		.byte	24
 1756 06cb 18       		.byte	24
 1757 06cc F8       		.byte	-8
 1758 06cd 00       		.byte	0
 1759 06ce 00       		.byte	0
 1760 06cf 00       		.byte	0
 1761 06d0 00       		.byte	0
 1762 06d1 00       		.byte	0
 1763 06d2 00       		.byte	0
 1764 06d3 00       		.byte	0
 1765 06d4 1F       		.byte	31
 1766 06d5 18       		.byte	24
 1767 06d6 18       		.byte	24
 1768 06d7 18       		.byte	24
 1769 06d8 FF       		.byte	-1
 1770 06d9 FF       		.byte	-1
 1771 06da FF       		.byte	-1
 1772 06db FF       		.byte	-1
 1773 06dc FF       		.byte	-1
 1774 06dd FF       		.byte	-1
 1775 06de FF       		.byte	-1
 1776 06df FF       		.byte	-1
 1777 06e0 00       		.byte	0
 1778 06e1 00       		.byte	0
 1779 06e2 00       		.byte	0
 1780 06e3 00       		.byte	0
 1781 06e4 FF       		.byte	-1
 1782 06e5 FF       		.byte	-1
 1783 06e6 FF       		.byte	-1
 1784 06e7 FF       		.byte	-1
 1785 06e8 F0       		.byte	-16
 1786 06e9 F0       		.byte	-16
 1787 06ea F0       		.byte	-16
 1788 06eb F0       		.byte	-16
 1789 06ec F0       		.byte	-16
 1790 06ed F0       		.byte	-16
 1791 06ee F0       		.byte	-16
 1792 06ef F0       		.byte	-16
 1793 06f0 0F       		.byte	15
 1794 06f1 0F       		.byte	15
 1795 06f2 0F       		.byte	15
 1796 06f3 0F       		.byte	15
 1797 06f4 0F       		.byte	15
 1798 06f5 0F       		.byte	15
 1799 06f6 0F       		.byte	15
 1800 06f7 0F       		.byte	15
 1801 06f8 FF       		.byte	-1
 1802 06f9 FF       		.byte	-1
 1803 06fa FF       		.byte	-1
 1804 06fb FF       		.byte	-1
 1805 06fc 00       		.byte	0
 1806 06fd 00       		.byte	0
 1807 06fe 00       		.byte	0
 1808 06ff 00       		.byte	0
 1809 0700 00       		.byte	0
 1810 0701 00       		.byte	0
 1811 0702 3B       		.byte	59
 1812 0703 6E       		.byte	110
 1813 0704 64       		.byte	100
 1814 0705 6E       		.byte	110
 1815 0706 3B       		.byte	59
 1816 0707 00       		.byte	0
 1817 0708 00       		.byte	0
 1818 0709 3C       		.byte	60
 1819 070a 66       		.byte	102
 1820 070b 7C       		.byte	124
 1821 070c 66       		.byte	102
 1822 070d 7C       		.byte	124
 1823 070e 60       		.byte	96
 1824 070f 60       		.byte	96
 1825 0710 00       		.byte	0
 1826 0711 7E       		.byte	126
 1827 0712 66       		.byte	102
 1828 0713 60       		.byte	96
 1829 0714 60       		.byte	96
 1830 0715 60       		.byte	96
 1831 0716 60       		.byte	96
 1832 0717 00       		.byte	0
 1833 0718 00       		.byte	0
 1834 0719 7F       		.byte	127
 1835 071a 36       		.byte	54
 1836 071b 36       		.byte	54
 1837 071c 36       		.byte	54
 1838 071d 36       		.byte	54
 1839 071e 36       		.byte	54
 1840 071f 00       		.byte	0
 1841 0720 7E       		.byte	126
 1842 0721 66       		.byte	102
 1843 0722 30       		.byte	48
 1844 0723 18       		.byte	24
 1845 0724 30       		.byte	48
 1846 0725 66       		.byte	102
 1847 0726 7E       		.byte	126
 1848 0727 00       		.byte	0
 1849 0728 00       		.byte	0
 1850 0729 00       		.byte	0
 1851 072a 3F       		.byte	63
 1852 072b 6C       		.byte	108
 1853 072c 6C       		.byte	108
 1854 072d 6C       		.byte	108
 1855 072e 38       		.byte	56
 1856 072f 00       		.byte	0
 1857 0730 00       		.byte	0
 1858 0731 33       		.byte	51
 1859 0732 33       		.byte	51
 1860 0733 33       		.byte	51
 1861 0734 33       		.byte	51
 1862 0735 3E       		.byte	62
 1863 0736 30       		.byte	48
 1864 0737 60       		.byte	96
 1865 0738 00       		.byte	0
 1866 0739 3B       		.byte	59
 1867 073a 6E       		.byte	110
 1868 073b 0C       		.byte	12
 1869 073c 0C       		.byte	12
 1870 073d 0C       		.byte	12
 1871 073e 0C       		.byte	12
 1872 073f 00       		.byte	0
 1873 0740 7E       		.byte	126
 1874 0741 18       		.byte	24
 1875 0742 3C       		.byte	60
 1876 0743 66       		.byte	102
 1877 0744 66       		.byte	102
 1878 0745 3C       		.byte	60
 1879 0746 18       		.byte	24
 1880 0747 7E       		.byte	126
 1881 0748 1C       		.byte	28
 1882 0749 36       		.byte	54
 1883 074a 63       		.byte	99
 1884 074b 7F       		.byte	127
 1885 074c 63       		.byte	99
 1886 074d 36       		.byte	54
 1887 074e 1C       		.byte	28
 1888 074f 00       		.byte	0
 1889 0750 1C       		.byte	28
 1890 0751 36       		.byte	54
 1891 0752 63       		.byte	99
 1892 0753 63       		.byte	99
 1893 0754 36       		.byte	54
 1894 0755 36       		.byte	54
 1895 0756 77       		.byte	119
 1896 0757 00       		.byte	0
 1897 0758 0E       		.byte	14
 1898 0759 18       		.byte	24
 1899 075a 0C       		.byte	12
 1900 075b 3E       		.byte	62
 1901 075c 66       		.byte	102
 1902 075d 66       		.byte	102
 1903 075e 3C       		.byte	60
 1904 075f 00       		.byte	0
 1905 0760 00       		.byte	0
 1906 0761 00       		.byte	0
 1907 0762 7E       		.byte	126
 1908 0763 DB       		.byte	-37
 1909 0764 DB       		.byte	-37
 1910 0765 7E       		.byte	126
 1911 0766 00       		.byte	0
 1912 0767 00       		.byte	0
 1913 0768 06       		.byte	6
 1914 0769 0C       		.byte	12
 1915 076a 7E       		.byte	126
 1916 076b DB       		.byte	-37
 1917 076c DB       		.byte	-37
 1918 076d 7E       		.byte	126
 1919 076e 60       		.byte	96
 1920 076f C0       		.byte	-64
 1921 0770 1C       		.byte	28
 1922 0771 30       		.byte	48
 1923 0772 60       		.byte	96
 1924 0773 7C       		.byte	124
 1925 0774 60       		.byte	96
 1926 0775 30       		.byte	48
 1927 0776 1C       		.byte	28
 1928 0777 00       		.byte	0
 1929 0778 3C       		.byte	60
 1930 0779 66       		.byte	102
 1931 077a 66       		.byte	102
 1932 077b 66       		.byte	102
 1933 077c 66       		.byte	102
 1934 077d 66       		.byte	102
 1935 077e 66       		.byte	102
 1936 077f 00       		.byte	0
 1937 0780 00       		.byte	0
 1938 0781 7E       		.byte	126
 1939 0782 00       		.byte	0
 1940 0783 7E       		.byte	126
 1941 0784 00       		.byte	0
 1942 0785 7E       		.byte	126
 1943 0786 00       		.byte	0
 1944 0787 00       		.byte	0
 1945 0788 18       		.byte	24
 1946 0789 18       		.byte	24
 1947 078a 7E       		.byte	126
 1948 078b 18       		.byte	24
 1949 078c 18       		.byte	24
 1950 078d 00       		.byte	0
 1951 078e 7E       		.byte	126
 1952 078f 00       		.byte	0
 1953 0790 30       		.byte	48
 1954 0791 18       		.byte	24
 1955 0792 0C       		.byte	12
 1956 0793 18       		.byte	24
 1957 0794 30       		.byte	48
 1958 0795 00       		.byte	0
 1959 0796 7E       		.byte	126
 1960 0797 00       		.byte	0
 1961 0798 0C       		.byte	12
 1962 0799 18       		.byte	24
 1963 079a 30       		.byte	48
 1964 079b 18       		.byte	24
 1965 079c 0C       		.byte	12
 1966 079d 00       		.byte	0
 1967 079e 7E       		.byte	126
 1968 079f 00       		.byte	0
 1969 07a0 0E       		.byte	14
 1970 07a1 1B       		.byte	27
 1971 07a2 1B       		.byte	27
 1972 07a3 18       		.byte	24
 1973 07a4 18       		.byte	24
 1974 07a5 18       		.byte	24
 1975 07a6 18       		.byte	24
 1976 07a7 18       		.byte	24
 1977 07a8 18       		.byte	24
 1978 07a9 18       		.byte	24
 1979 07aa 18       		.byte	24
 1980 07ab 18       		.byte	24
 1981 07ac 18       		.byte	24
 1982 07ad D8       		.byte	-40
 1983 07ae D8       		.byte	-40
 1984 07af 70       		.byte	112
 1985 07b0 18       		.byte	24
 1986 07b1 18       		.byte	24
 1987 07b2 00       		.byte	0
 1988 07b3 7E       		.byte	126
 1989 07b4 00       		.byte	0
 1990 07b5 18       		.byte	24
 1991 07b6 18       		.byte	24
 1992 07b7 00       		.byte	0
 1993 07b8 00       		.byte	0
 1994 07b9 3B       		.byte	59
 1995 07ba 6E       		.byte	110
 1996 07bb 00       		.byte	0
 1997 07bc 3B       		.byte	59
 1998 07bd 6E       		.byte	110
 1999 07be 00       		.byte	0
 2000 07bf 00       		.byte	0
 2001 07c0 1C       		.byte	28
 2002 07c1 36       		.byte	54
 2003 07c2 36       		.byte	54
 2004 07c3 1C       		.byte	28
 2005 07c4 00       		.byte	0
 2006 07c5 00       		.byte	0
 2007 07c6 00       		.byte	0
 2008 07c7 00       		.byte	0
 2009 07c8 00       		.byte	0
 2010 07c9 00       		.byte	0
 2011 07ca 00       		.byte	0
 2012 07cb 0C       		.byte	12
 2013 07cc 0C       		.byte	12
 2014 07cd 00       		.byte	0
 2015 07ce 00       		.byte	0
 2016 07cf 00       		.byte	0
 2017 07d0 00       		.byte	0
 2018 07d1 00       		.byte	0
 2019 07d2 00       		.byte	0
 2020 07d3 00       		.byte	0
 2021 07d4 18       		.byte	24
 2022 07d5 00       		.byte	0
 2023 07d6 00       		.byte	0
 2024 07d7 00       		.byte	0
 2025 07d8 0F       		.byte	15
 2026 07d9 0C       		.byte	12
 2027 07da 0C       		.byte	12
 2028 07db 0C       		.byte	12
 2029 07dc EC       		.byte	-20
 2030 07dd 6C       		.byte	108
 2031 07de 3C       		.byte	60
 2032 07df 1C       		.byte	28
 2033 07e0 78       		.byte	120
 2034 07e1 6C       		.byte	108
 2035 07e2 6C       		.byte	108
 2036 07e3 6C       		.byte	108
 2037 07e4 6C       		.byte	108
 2038 07e5 00       		.byte	0
 2039 07e6 00       		.byte	0
 2040 07e7 00       		.byte	0
 2041 07e8 70       		.byte	112
 2042 07e9 18       		.byte	24
 2043 07ea 30       		.byte	48
 2044 07eb 60       		.byte	96
 2045 07ec 78       		.byte	120
 2046 07ed 00       		.byte	0
 2047 07ee 00       		.byte	0
 2048 07ef 00       		.byte	0
 2049 07f0 00       		.byte	0
 2050 07f1 00       		.byte	0
 2051 07f2 3C       		.byte	60
 2052 07f3 3C       		.byte	60
 2053 07f4 3C       		.byte	60
 2054 07f5 3C       		.byte	60
 2055 07f6 00       		.byte	0
 2056 07f7 00       		.byte	0
 2057 07f8 00       		.byte	0
 2058 07f9 00       		.byte	0
 2059 07fa 00       		.byte	0
 2060 07fb 00       		.byte	0
 2061 07fc 00       		.byte	0
 2062 07fd 00       		.byte	0
 2063 07fe 00       		.byte	0
 2064 07ff 00       		.byte	0
 2065              		.text
 2066              	.Letext0:
 2067              		.file 1 "display/font_r8x8_horiz.c"
DEFINED SYMBOLS
                            *ABS*:0000000000000000 font_r8x8_horiz.c
     /tmp/ccyEmw0e.s:16     .rodata:0000000000000000 fontdata_r8x8_horiz
     /tmp/ccyEmw0e.s:13     .rodata:0000000000000000 $d

NO UNDEFINED SYMBOLS
