   1              		.file	"font_r8x8.c"
   9              	.Ltext0:
  10              		.cfi_sections	.debug_frame
  11              		.global	fontdata_r8x8
  12              		.section	.rodata
  13              		.align	2
  16              	fontdata_r8x8:
  17 0000 00       		.byte	0
  18 0001 00       		.byte	0
  19 0002 00       		.byte	0
  20 0003 00       		.byte	0
  21 0004 00       		.byte	0
  22 0005 00       		.byte	0
  23 0006 00       		.byte	0
  24 0007 00       		.byte	0
  25 0008 7E       		.byte	126
  26 0009 81       		.byte	-127
  27 000a 95       		.byte	-107
  28 000b B1       		.byte	-79
  29 000c B1       		.byte	-79
  30 000d 95       		.byte	-107
  31 000e 81       		.byte	-127
  32 000f 7E       		.byte	126
  33 0010 7E       		.byte	126
  34 0011 FF       		.byte	-1
  35 0012 EB       		.byte	-21
  36 0013 CF       		.byte	-49
  37 0014 CF       		.byte	-49
  38 0015 EB       		.byte	-21
  39 0016 FF       		.byte	-1
  40 0017 7E       		.byte	126
  41 0018 0E       		.byte	14
  42 0019 1F       		.byte	31
  43 001a 3F       		.byte	63
  44 001b 7E       		.byte	126
  45 001c 3F       		.byte	63
  46 001d 1F       		.byte	31
  47 001e 0E       		.byte	14
  48 001f 00       		.byte	0
  49 0020 00       		.byte	0
  50 0021 08       		.byte	8
  51 0022 1C       		.byte	28
  52 0023 3E       		.byte	62
  53 0024 7F       		.byte	127
  54 0025 3E       		.byte	62
  55 0026 1C       		.byte	28
  56 0027 08       		.byte	8
  57 0028 00       		.byte	0
  58 0029 38       		.byte	56
  59 002a 38       		.byte	56
  60 002b 9F       		.byte	-97
  61 002c FF       		.byte	-1
  62 002d 9F       		.byte	-97
  63 002e 38       		.byte	56
  64 002f 38       		.byte	56
  65 0030 10       		.byte	16
  66 0031 38       		.byte	56
  67 0032 BC       		.byte	-68
  68 0033 FF       		.byte	-1
  69 0034 BC       		.byte	-68
  70 0035 38       		.byte	56
  71 0036 10       		.byte	16
  72 0037 00       		.byte	0
  73 0038 00       		.byte	0
  74 0039 00       		.byte	0
  75 003a 18       		.byte	24
  76 003b 3C       		.byte	60
  77 003c 3C       		.byte	60
  78 003d 18       		.byte	24
  79 003e 00       		.byte	0
  80 003f 00       		.byte	0
  81 0040 FF       		.byte	-1
  82 0041 FF       		.byte	-1
  83 0042 E7       		.byte	-25
  84 0043 C3       		.byte	-61
  85 0044 C3       		.byte	-61
  86 0045 E7       		.byte	-25
  87 0046 FF       		.byte	-1
  88 0047 FF       		.byte	-1
  89 0048 00       		.byte	0
  90 0049 3C       		.byte	60
  91 004a 66       		.byte	102
  92 004b 42       		.byte	66
  93 004c 42       		.byte	66
  94 004d 66       		.byte	102
  95 004e 3C       		.byte	60
  96 004f 00       		.byte	0
  97 0050 FF       		.byte	-1
  98 0051 C3       		.byte	-61
  99 0052 99       		.byte	-103
 100 0053 BD       		.byte	-67
 101 0054 BD       		.byte	-67
 102 0055 99       		.byte	-103
 103 0056 C3       		.byte	-61
 104 0057 FF       		.byte	-1
 105 0058 70       		.byte	112
 106 0059 F8       		.byte	-8
 107 005a 88       		.byte	-120
 108 005b 88       		.byte	-120
 109 005c FD       		.byte	-3
 110 005d 7F       		.byte	127
 111 005e 07       		.byte	7
 112 005f 0F       		.byte	15
 113 0060 00       		.byte	0
 114 0061 4E       		.byte	78
 115 0062 5F       		.byte	95
 116 0063 F1       		.byte	-15
 117 0064 F1       		.byte	-15
 118 0065 5F       		.byte	95
 119 0066 4E       		.byte	78
 120 0067 00       		.byte	0
 121 0068 C0       		.byte	-64
 122 0069 E0       		.byte	-32
 123 006a FF       		.byte	-1
 124 006b 7F       		.byte	127
 125 006c 05       		.byte	5
 126 006d 05       		.byte	5
 127 006e 07       		.byte	7
 128 006f 07       		.byte	7
 129 0070 C0       		.byte	-64
 130 0071 FF       		.byte	-1
 131 0072 7F       		.byte	127
 132 0073 05       		.byte	5
 133 0074 05       		.byte	5
 134 0075 65       		.byte	101
 135 0076 7F       		.byte	127
 136 0077 3F       		.byte	63
 137 0078 5A       		.byte	90
 138 0079 5A       		.byte	90
 139 007a 3C       		.byte	60
 140 007b E7       		.byte	-25
 141 007c E7       		.byte	-25
 142 007d 3C       		.byte	60
 143 007e 5A       		.byte	90
 144 007f 5A       		.byte	90
 145 0080 7F       		.byte	127
 146 0081 3E       		.byte	62
 147 0082 3E       		.byte	62
 148 0083 1C       		.byte	28
 149 0084 1C       		.byte	28
 150 0085 08       		.byte	8
 151 0086 08       		.byte	8
 152 0087 00       		.byte	0
 153 0088 08       		.byte	8
 154 0089 08       		.byte	8
 155 008a 1C       		.byte	28
 156 008b 1C       		.byte	28
 157 008c 3E       		.byte	62
 158 008d 3E       		.byte	62
 159 008e 7F       		.byte	127
 160 008f 00       		.byte	0
 161 0090 00       		.byte	0
 162 0091 24       		.byte	36
 163 0092 66       		.byte	102
 164 0093 FF       		.byte	-1
 165 0094 FF       		.byte	-1
 166 0095 66       		.byte	102
 167 0096 24       		.byte	36
 168 0097 00       		.byte	0
 169 0098 00       		.byte	0
 170 0099 5F       		.byte	95
 171 009a 5F       		.byte	95
 172 009b 00       		.byte	0
 173 009c 00       		.byte	0
 174 009d 5F       		.byte	95
 175 009e 5F       		.byte	95
 176 009f 00       		.byte	0
 177 00a0 06       		.byte	6
 178 00a1 0F       		.byte	15
 179 00a2 09       		.byte	9
 180 00a3 7F       		.byte	127
 181 00a4 7F       		.byte	127
 182 00a5 01       		.byte	1
 183 00a6 7F       		.byte	127
 184 00a7 7F       		.byte	127
 185 00a8 40       		.byte	64
 186 00a9 DA       		.byte	-38
 187 00aa BF       		.byte	-65
 188 00ab A5       		.byte	-91
 189 00ac FD       		.byte	-3
 190 00ad 59       		.byte	89
 191 00ae 03       		.byte	3
 192 00af 02       		.byte	2
 193 00b0 00       		.byte	0
 194 00b1 70       		.byte	112
 195 00b2 70       		.byte	112
 196 00b3 70       		.byte	112
 197 00b4 70       		.byte	112
 198 00b5 70       		.byte	112
 199 00b6 70       		.byte	112
 200 00b7 00       		.byte	0
 201 00b8 80       		.byte	-128
 202 00b9 94       		.byte	-108
 203 00ba B6       		.byte	-74
 204 00bb FF       		.byte	-1
 205 00bc FF       		.byte	-1
 206 00bd B6       		.byte	-74
 207 00be 94       		.byte	-108
 208 00bf 80       		.byte	-128
 209 00c0 00       		.byte	0
 210 00c1 04       		.byte	4
 211 00c2 06       		.byte	6
 212 00c3 7F       		.byte	127
 213 00c4 7F       		.byte	127
 214 00c5 06       		.byte	6
 215 00c6 04       		.byte	4
 216 00c7 00       		.byte	0
 217 00c8 00       		.byte	0
 218 00c9 10       		.byte	16
 219 00ca 30       		.byte	48
 220 00cb 7F       		.byte	127
 221 00cc 7F       		.byte	127
 222 00cd 30       		.byte	48
 223 00ce 10       		.byte	16
 224 00cf 00       		.byte	0
 225 00d0 08       		.byte	8
 226 00d1 08       		.byte	8
 227 00d2 08       		.byte	8
 228 00d3 2A       		.byte	42
 229 00d4 3E       		.byte	62
 230 00d5 1C       		.byte	28
 231 00d6 08       		.byte	8
 232 00d7 00       		.byte	0
 233 00d8 08       		.byte	8
 234 00d9 1C       		.byte	28
 235 00da 3E       		.byte	62
 236 00db 2A       		.byte	42
 237 00dc 08       		.byte	8
 238 00dd 08       		.byte	8
 239 00de 08       		.byte	8
 240 00df 00       		.byte	0
 241 00e0 3C       		.byte	60
 242 00e1 3C       		.byte	60
 243 00e2 20       		.byte	32
 244 00e3 20       		.byte	32
 245 00e4 20       		.byte	32
 246 00e5 20       		.byte	32
 247 00e6 20       		.byte	32
 248 00e7 00       		.byte	0
 249 00e8 08       		.byte	8
 250 00e9 1C       		.byte	28
 251 00ea 3E       		.byte	62
 252 00eb 08       		.byte	8
 253 00ec 08       		.byte	8
 254 00ed 3E       		.byte	62
 255 00ee 1C       		.byte	28
 256 00ef 08       		.byte	8
 257 00f0 30       		.byte	48
 258 00f1 38       		.byte	56
 259 00f2 3C       		.byte	60
 260 00f3 3E       		.byte	62
 261 00f4 3E       		.byte	62
 262 00f5 3C       		.byte	60
 263 00f6 38       		.byte	56
 264 00f7 30       		.byte	48
 265 00f8 06       		.byte	6
 266 00f9 0E       		.byte	14
 267 00fa 1E       		.byte	30
 268 00fb 3E       		.byte	62
 269 00fc 3E       		.byte	62
 270 00fd 1E       		.byte	30
 271 00fe 0E       		.byte	14
 272 00ff 06       		.byte	6
 273 0100 00       		.byte	0
 274 0101 00       		.byte	0
 275 0102 00       		.byte	0
 276 0103 00       		.byte	0
 277 0104 00       		.byte	0
 278 0105 00       		.byte	0
 279 0106 00       		.byte	0
 280 0107 00       		.byte	0
 281 0108 00       		.byte	0
 282 0109 06       		.byte	6
 283 010a 5F       		.byte	95
 284 010b 5F       		.byte	95
 285 010c 06       		.byte	6
 286 010d 00       		.byte	0
 287 010e 00       		.byte	0
 288 010f 00       		.byte	0
 289 0110 00       		.byte	0
 290 0111 07       		.byte	7
 291 0112 07       		.byte	7
 292 0113 00       		.byte	0
 293 0114 07       		.byte	7
 294 0115 07       		.byte	7
 295 0116 00       		.byte	0
 296 0117 00       		.byte	0
 297 0118 14       		.byte	20
 298 0119 7F       		.byte	127
 299 011a 7F       		.byte	127
 300 011b 14       		.byte	20
 301 011c 7F       		.byte	127
 302 011d 7F       		.byte	127
 303 011e 14       		.byte	20
 304 011f 00       		.byte	0
 305 0120 00       		.byte	0
 306 0121 24       		.byte	36
 307 0122 2E       		.byte	46
 308 0123 6B       		.byte	107
 309 0124 6B       		.byte	107
 310 0125 3A       		.byte	58
 311 0126 12       		.byte	18
 312 0127 00       		.byte	0
 313 0128 00       		.byte	0
 314 0129 46       		.byte	70
 315 012a 66       		.byte	102
 316 012b 30       		.byte	48
 317 012c 18       		.byte	24
 318 012d 0C       		.byte	12
 319 012e 66       		.byte	102
 320 012f 62       		.byte	98
 321 0130 00       		.byte	0
 322 0131 30       		.byte	48
 323 0132 7A       		.byte	122
 324 0133 4F       		.byte	79
 325 0134 5D       		.byte	93
 326 0135 37       		.byte	55
 327 0136 7A       		.byte	122
 328 0137 48       		.byte	72
 329 0138 00       		.byte	0
 330 0139 04       		.byte	4
 331 013a 07       		.byte	7
 332 013b 03       		.byte	3
 333 013c 00       		.byte	0
 334 013d 00       		.byte	0
 335 013e 00       		.byte	0
 336 013f 00       		.byte	0
 337 0140 00       		.byte	0
 338 0141 00       		.byte	0
 339 0142 1C       		.byte	28
 340 0143 3E       		.byte	62
 341 0144 63       		.byte	99
 342 0145 41       		.byte	65
 343 0146 00       		.byte	0
 344 0147 00       		.byte	0
 345 0148 00       		.byte	0
 346 0149 00       		.byte	0
 347 014a 41       		.byte	65
 348 014b 63       		.byte	99
 349 014c 3E       		.byte	62
 350 014d 1C       		.byte	28
 351 014e 00       		.byte	0
 352 014f 00       		.byte	0
 353 0150 08       		.byte	8
 354 0151 2A       		.byte	42
 355 0152 3E       		.byte	62
 356 0153 1C       		.byte	28
 357 0154 1C       		.byte	28
 358 0155 3E       		.byte	62
 359 0156 2A       		.byte	42
 360 0157 08       		.byte	8
 361 0158 08       		.byte	8
 362 0159 08       		.byte	8
 363 015a 3E       		.byte	62
 364 015b 3E       		.byte	62
 365 015c 08       		.byte	8
 366 015d 08       		.byte	8
 367 015e 00       		.byte	0
 368 015f 00       		.byte	0
 369 0160 00       		.byte	0
 370 0161 00       		.byte	0
 371 0162 80       		.byte	-128
 372 0163 E0       		.byte	-32
 373 0164 60       		.byte	96
 374 0165 00       		.byte	0
 375 0166 00       		.byte	0
 376 0167 00       		.byte	0
 377 0168 00       		.byte	0
 378 0169 08       		.byte	8
 379 016a 08       		.byte	8
 380 016b 08       		.byte	8
 381 016c 08       		.byte	8
 382 016d 08       		.byte	8
 383 016e 08       		.byte	8
 384 016f 00       		.byte	0
 385 0170 00       		.byte	0
 386 0171 00       		.byte	0
 387 0172 00       		.byte	0
 388 0173 60       		.byte	96
 389 0174 60       		.byte	96
 390 0175 00       		.byte	0
 391 0176 00       		.byte	0
 392 0177 00       		.byte	0
 393 0178 00       		.byte	0
 394 0179 60       		.byte	96
 395 017a 30       		.byte	48
 396 017b 18       		.byte	24
 397 017c 0C       		.byte	12
 398 017d 06       		.byte	6
 399 017e 03       		.byte	3
 400 017f 01       		.byte	1
 401 0180 00       		.byte	0
 402 0181 3E       		.byte	62
 403 0182 7F       		.byte	127
 404 0183 71       		.byte	113
 405 0184 59       		.byte	89
 406 0185 4D       		.byte	77
 407 0186 7F       		.byte	127
 408 0187 3E       		.byte	62
 409 0188 00       		.byte	0
 410 0189 44       		.byte	68
 411 018a 42       		.byte	66
 412 018b 7F       		.byte	127
 413 018c 7F       		.byte	127
 414 018d 40       		.byte	64
 415 018e 40       		.byte	64
 416 018f 00       		.byte	0
 417 0190 00       		.byte	0
 418 0191 62       		.byte	98
 419 0192 73       		.byte	115
 420 0193 59       		.byte	89
 421 0194 49       		.byte	73
 422 0195 6F       		.byte	111
 423 0196 66       		.byte	102
 424 0197 00       		.byte	0
 425 0198 00       		.byte	0
 426 0199 22       		.byte	34
 427 019a 63       		.byte	99
 428 019b 49       		.byte	73
 429 019c 49       		.byte	73
 430 019d 7F       		.byte	127
 431 019e 36       		.byte	54
 432 019f 00       		.byte	0
 433 01a0 00       		.byte	0
 434 01a1 18       		.byte	24
 435 01a2 1C       		.byte	28
 436 01a3 16       		.byte	22
 437 01a4 53       		.byte	83
 438 01a5 7F       		.byte	127
 439 01a6 7F       		.byte	127
 440 01a7 50       		.byte	80
 441 01a8 00       		.byte	0
 442 01a9 27       		.byte	39
 443 01aa 67       		.byte	103
 444 01ab 45       		.byte	69
 445 01ac 45       		.byte	69
 446 01ad 7D       		.byte	125
 447 01ae 39       		.byte	57
 448 01af 00       		.byte	0
 449 01b0 00       		.byte	0
 450 01b1 3C       		.byte	60
 451 01b2 7E       		.byte	126
 452 01b3 4B       		.byte	75
 453 01b4 49       		.byte	73
 454 01b5 79       		.byte	121
 455 01b6 30       		.byte	48
 456 01b7 00       		.byte	0
 457 01b8 00       		.byte	0
 458 01b9 03       		.byte	3
 459 01ba 03       		.byte	3
 460 01bb 71       		.byte	113
 461 01bc 79       		.byte	121
 462 01bd 0F       		.byte	15
 463 01be 07       		.byte	7
 464 01bf 00       		.byte	0
 465 01c0 00       		.byte	0
 466 01c1 36       		.byte	54
 467 01c2 7F       		.byte	127
 468 01c3 49       		.byte	73
 469 01c4 49       		.byte	73
 470 01c5 7F       		.byte	127
 471 01c6 36       		.byte	54
 472 01c7 00       		.byte	0
 473 01c8 00       		.byte	0
 474 01c9 06       		.byte	6
 475 01ca 4F       		.byte	79
 476 01cb 49       		.byte	73
 477 01cc 69       		.byte	105
 478 01cd 3F       		.byte	63
 479 01ce 1E       		.byte	30
 480 01cf 00       		.byte	0
 481 01d0 00       		.byte	0
 482 01d1 00       		.byte	0
 483 01d2 00       		.byte	0
 484 01d3 66       		.byte	102
 485 01d4 66       		.byte	102
 486 01d5 00       		.byte	0
 487 01d6 00       		.byte	0
 488 01d7 00       		.byte	0
 489 01d8 00       		.byte	0
 490 01d9 00       		.byte	0
 491 01da 80       		.byte	-128
 492 01db E6       		.byte	-26
 493 01dc 66       		.byte	102
 494 01dd 00       		.byte	0
 495 01de 00       		.byte	0
 496 01df 00       		.byte	0
 497 01e0 00       		.byte	0
 498 01e1 08       		.byte	8
 499 01e2 1C       		.byte	28
 500 01e3 36       		.byte	54
 501 01e4 63       		.byte	99
 502 01e5 41       		.byte	65
 503 01e6 00       		.byte	0
 504 01e7 00       		.byte	0
 505 01e8 00       		.byte	0
 506 01e9 24       		.byte	36
 507 01ea 24       		.byte	36
 508 01eb 24       		.byte	36
 509 01ec 24       		.byte	36
 510 01ed 24       		.byte	36
 511 01ee 24       		.byte	36
 512 01ef 00       		.byte	0
 513 01f0 00       		.byte	0
 514 01f1 00       		.byte	0
 515 01f2 41       		.byte	65
 516 01f3 63       		.byte	99
 517 01f4 36       		.byte	54
 518 01f5 1C       		.byte	28
 519 01f6 08       		.byte	8
 520 01f7 00       		.byte	0
 521 01f8 00       		.byte	0
 522 01f9 02       		.byte	2
 523 01fa 03       		.byte	3
 524 01fb 51       		.byte	81
 525 01fc 59       		.byte	89
 526 01fd 0F       		.byte	15
 527 01fe 06       		.byte	6
 528 01ff 00       		.byte	0
 529 0200 00       		.byte	0
 530 0201 3E       		.byte	62
 531 0202 7F       		.byte	127
 532 0203 41       		.byte	65
 533 0204 5D       		.byte	93
 534 0205 55       		.byte	85
 535 0206 57       		.byte	87
 536 0207 1E       		.byte	30
 537 0208 00       		.byte	0
 538 0209 7C       		.byte	124
 539 020a 7E       		.byte	126
 540 020b 13       		.byte	19
 541 020c 13       		.byte	19
 542 020d 7E       		.byte	126
 543 020e 7C       		.byte	124
 544 020f 00       		.byte	0
 545 0210 00       		.byte	0
 546 0211 41       		.byte	65
 547 0212 7F       		.byte	127
 548 0213 7F       		.byte	127
 549 0214 49       		.byte	73
 550 0215 49       		.byte	73
 551 0216 7F       		.byte	127
 552 0217 36       		.byte	54
 553 0218 00       		.byte	0
 554 0219 1C       		.byte	28
 555 021a 3E       		.byte	62
 556 021b 63       		.byte	99
 557 021c 41       		.byte	65
 558 021d 41       		.byte	65
 559 021e 63       		.byte	99
 560 021f 22       		.byte	34
 561 0220 00       		.byte	0
 562 0221 41       		.byte	65
 563 0222 7F       		.byte	127
 564 0223 7F       		.byte	127
 565 0224 41       		.byte	65
 566 0225 63       		.byte	99
 567 0226 3E       		.byte	62
 568 0227 1C       		.byte	28
 569 0228 00       		.byte	0
 570 0229 41       		.byte	65
 571 022a 7F       		.byte	127
 572 022b 7F       		.byte	127
 573 022c 49       		.byte	73
 574 022d 5D       		.byte	93
 575 022e 41       		.byte	65
 576 022f 63       		.byte	99
 577 0230 00       		.byte	0
 578 0231 41       		.byte	65
 579 0232 7F       		.byte	127
 580 0233 7F       		.byte	127
 581 0234 49       		.byte	73
 582 0235 1D       		.byte	29
 583 0236 01       		.byte	1
 584 0237 03       		.byte	3
 585 0238 00       		.byte	0
 586 0239 1C       		.byte	28
 587 023a 3E       		.byte	62
 588 023b 63       		.byte	99
 589 023c 41       		.byte	65
 590 023d 51       		.byte	81
 591 023e 73       		.byte	115
 592 023f 72       		.byte	114
 593 0240 00       		.byte	0
 594 0241 7F       		.byte	127
 595 0242 7F       		.byte	127
 596 0243 08       		.byte	8
 597 0244 08       		.byte	8
 598 0245 7F       		.byte	127
 599 0246 7F       		.byte	127
 600 0247 00       		.byte	0
 601 0248 00       		.byte	0
 602 0249 00       		.byte	0
 603 024a 41       		.byte	65
 604 024b 7F       		.byte	127
 605 024c 7F       		.byte	127
 606 024d 41       		.byte	65
 607 024e 00       		.byte	0
 608 024f 00       		.byte	0
 609 0250 00       		.byte	0
 610 0251 30       		.byte	48
 611 0252 70       		.byte	112
 612 0253 40       		.byte	64
 613 0254 41       		.byte	65
 614 0255 7F       		.byte	127
 615 0256 3F       		.byte	63
 616 0257 01       		.byte	1
 617 0258 00       		.byte	0
 618 0259 41       		.byte	65
 619 025a 7F       		.byte	127
 620 025b 7F       		.byte	127
 621 025c 08       		.byte	8
 622 025d 1C       		.byte	28
 623 025e 77       		.byte	119
 624 025f 63       		.byte	99
 625 0260 00       		.byte	0
 626 0261 41       		.byte	65
 627 0262 7F       		.byte	127
 628 0263 7F       		.byte	127
 629 0264 41       		.byte	65
 630 0265 40       		.byte	64
 631 0266 60       		.byte	96
 632 0267 70       		.byte	112
 633 0268 00       		.byte	0
 634 0269 7F       		.byte	127
 635 026a 7F       		.byte	127
 636 026b 0E       		.byte	14
 637 026c 1C       		.byte	28
 638 026d 0E       		.byte	14
 639 026e 7F       		.byte	127
 640 026f 7F       		.byte	127
 641 0270 00       		.byte	0
 642 0271 7F       		.byte	127
 643 0272 7F       		.byte	127
 644 0273 06       		.byte	6
 645 0274 0C       		.byte	12
 646 0275 18       		.byte	24
 647 0276 7F       		.byte	127
 648 0277 7F       		.byte	127
 649 0278 00       		.byte	0
 650 0279 3E       		.byte	62
 651 027a 7F       		.byte	127
 652 027b 41       		.byte	65
 653 027c 41       		.byte	65
 654 027d 41       		.byte	65
 655 027e 7F       		.byte	127
 656 027f 3E       		.byte	62
 657 0280 00       		.byte	0
 658 0281 41       		.byte	65
 659 0282 7F       		.byte	127
 660 0283 7F       		.byte	127
 661 0284 49       		.byte	73
 662 0285 09       		.byte	9
 663 0286 0F       		.byte	15
 664 0287 06       		.byte	6
 665 0288 00       		.byte	0
 666 0289 1E       		.byte	30
 667 028a 3F       		.byte	63
 668 028b 21       		.byte	33
 669 028c 71       		.byte	113
 670 028d 7F       		.byte	127
 671 028e 5E       		.byte	94
 672 028f 00       		.byte	0
 673 0290 00       		.byte	0
 674 0291 41       		.byte	65
 675 0292 7F       		.byte	127
 676 0293 7F       		.byte	127
 677 0294 09       		.byte	9
 678 0295 19       		.byte	25
 679 0296 7F       		.byte	127
 680 0297 66       		.byte	102
 681 0298 00       		.byte	0
 682 0299 22       		.byte	34
 683 029a 67       		.byte	103
 684 029b 4D       		.byte	77
 685 029c 59       		.byte	89
 686 029d 73       		.byte	115
 687 029e 22       		.byte	34
 688 029f 00       		.byte	0
 689 02a0 00       		.byte	0
 690 02a1 03       		.byte	3
 691 02a2 41       		.byte	65
 692 02a3 7F       		.byte	127
 693 02a4 7F       		.byte	127
 694 02a5 41       		.byte	65
 695 02a6 03       		.byte	3
 696 02a7 00       		.byte	0
 697 02a8 00       		.byte	0
 698 02a9 7F       		.byte	127
 699 02aa 7F       		.byte	127
 700 02ab 40       		.byte	64
 701 02ac 40       		.byte	64
 702 02ad 7F       		.byte	127
 703 02ae 7F       		.byte	127
 704 02af 00       		.byte	0
 705 02b0 00       		.byte	0
 706 02b1 1F       		.byte	31
 707 02b2 3F       		.byte	63
 708 02b3 60       		.byte	96
 709 02b4 60       		.byte	96
 710 02b5 3F       		.byte	63
 711 02b6 1F       		.byte	31
 712 02b7 00       		.byte	0
 713 02b8 00       		.byte	0
 714 02b9 7F       		.byte	127
 715 02ba 7F       		.byte	127
 716 02bb 30       		.byte	48
 717 02bc 18       		.byte	24
 718 02bd 30       		.byte	48
 719 02be 7F       		.byte	127
 720 02bf 7F       		.byte	127
 721 02c0 00       		.byte	0
 722 02c1 43       		.byte	67
 723 02c2 67       		.byte	103
 724 02c3 3C       		.byte	60
 725 02c4 18       		.byte	24
 726 02c5 3C       		.byte	60
 727 02c6 67       		.byte	103
 728 02c7 43       		.byte	67
 729 02c8 00       		.byte	0
 730 02c9 07       		.byte	7
 731 02ca 4F       		.byte	79
 732 02cb 78       		.byte	120
 733 02cc 78       		.byte	120
 734 02cd 4F       		.byte	79
 735 02ce 07       		.byte	7
 736 02cf 00       		.byte	0
 737 02d0 00       		.byte	0
 738 02d1 47       		.byte	71
 739 02d2 63       		.byte	99
 740 02d3 71       		.byte	113
 741 02d4 59       		.byte	89
 742 02d5 4D       		.byte	77
 743 02d6 67       		.byte	103
 744 02d7 73       		.byte	115
 745 02d8 00       		.byte	0
 746 02d9 00       		.byte	0
 747 02da 7F       		.byte	127
 748 02db 7F       		.byte	127
 749 02dc 41       		.byte	65
 750 02dd 41       		.byte	65
 751 02de 00       		.byte	0
 752 02df 00       		.byte	0
 753 02e0 00       		.byte	0
 754 02e1 01       		.byte	1
 755 02e2 03       		.byte	3
 756 02e3 06       		.byte	6
 757 02e4 0C       		.byte	12
 758 02e5 18       		.byte	24
 759 02e6 30       		.byte	48
 760 02e7 60       		.byte	96
 761 02e8 00       		.byte	0
 762 02e9 00       		.byte	0
 763 02ea 41       		.byte	65
 764 02eb 41       		.byte	65
 765 02ec 7F       		.byte	127
 766 02ed 7F       		.byte	127
 767 02ee 00       		.byte	0
 768 02ef 00       		.byte	0
 769 02f0 00       		.byte	0
 770 02f1 08       		.byte	8
 771 02f2 0C       		.byte	12
 772 02f3 06       		.byte	6
 773 02f4 03       		.byte	3
 774 02f5 06       		.byte	6
 775 02f6 0C       		.byte	12
 776 02f7 08       		.byte	8
 777 02f8 80       		.byte	-128
 778 02f9 80       		.byte	-128
 779 02fa 80       		.byte	-128
 780 02fb 80       		.byte	-128
 781 02fc 80       		.byte	-128
 782 02fd 80       		.byte	-128
 783 02fe 80       		.byte	-128
 784 02ff 80       		.byte	-128
 785 0300 00       		.byte	0
 786 0301 00       		.byte	0
 787 0302 00       		.byte	0
 788 0303 03       		.byte	3
 789 0304 07       		.byte	7
 790 0305 04       		.byte	4
 791 0306 00       		.byte	0
 792 0307 00       		.byte	0
 793 0308 00       		.byte	0
 794 0309 20       		.byte	32
 795 030a 74       		.byte	116
 796 030b 54       		.byte	84
 797 030c 54       		.byte	84
 798 030d 3C       		.byte	60
 799 030e 78       		.byte	120
 800 030f 40       		.byte	64
 801 0310 00       		.byte	0
 802 0311 41       		.byte	65
 803 0312 7F       		.byte	127
 804 0313 3F       		.byte	63
 805 0314 48       		.byte	72
 806 0315 48       		.byte	72
 807 0316 78       		.byte	120
 808 0317 30       		.byte	48
 809 0318 00       		.byte	0
 810 0319 38       		.byte	56
 811 031a 7C       		.byte	124
 812 031b 44       		.byte	68
 813 031c 44       		.byte	68
 814 031d 6C       		.byte	108
 815 031e 28       		.byte	40
 816 031f 00       		.byte	0
 817 0320 00       		.byte	0
 818 0321 30       		.byte	48
 819 0322 78       		.byte	120
 820 0323 48       		.byte	72
 821 0324 49       		.byte	73
 822 0325 3F       		.byte	63
 823 0326 7F       		.byte	127
 824 0327 40       		.byte	64
 825 0328 00       		.byte	0
 826 0329 38       		.byte	56
 827 032a 7C       		.byte	124
 828 032b 54       		.byte	84
 829 032c 54       		.byte	84
 830 032d 5C       		.byte	92
 831 032e 18       		.byte	24
 832 032f 00       		.byte	0
 833 0330 00       		.byte	0
 834 0331 48       		.byte	72
 835 0332 7E       		.byte	126
 836 0333 7F       		.byte	127
 837 0334 49       		.byte	73
 838 0335 03       		.byte	3
 839 0336 02       		.byte	2
 840 0337 00       		.byte	0
 841 0338 00       		.byte	0
 842 0339 98       		.byte	-104
 843 033a BC       		.byte	-68
 844 033b A4       		.byte	-92
 845 033c A4       		.byte	-92
 846 033d F8       		.byte	-8
 847 033e 7C       		.byte	124
 848 033f 04       		.byte	4
 849 0340 00       		.byte	0
 850 0341 41       		.byte	65
 851 0342 7F       		.byte	127
 852 0343 7F       		.byte	127
 853 0344 08       		.byte	8
 854 0345 04       		.byte	4
 855 0346 7C       		.byte	124
 856 0347 78       		.byte	120
 857 0348 00       		.byte	0
 858 0349 00       		.byte	0
 859 034a 44       		.byte	68
 860 034b 7D       		.byte	125
 861 034c 7D       		.byte	125
 862 034d 40       		.byte	64
 863 034e 00       		.byte	0
 864 034f 00       		.byte	0
 865 0350 00       		.byte	0
 866 0351 60       		.byte	96
 867 0352 E0       		.byte	-32
 868 0353 80       		.byte	-128
 869 0354 80       		.byte	-128
 870 0355 FD       		.byte	-3
 871 0356 7D       		.byte	125
 872 0357 00       		.byte	0
 873 0358 00       		.byte	0
 874 0359 41       		.byte	65
 875 035a 7F       		.byte	127
 876 035b 7F       		.byte	127
 877 035c 10       		.byte	16
 878 035d 38       		.byte	56
 879 035e 6C       		.byte	108
 880 035f 44       		.byte	68
 881 0360 00       		.byte	0
 882 0361 00       		.byte	0
 883 0362 41       		.byte	65
 884 0363 7F       		.byte	127
 885 0364 7F       		.byte	127
 886 0365 40       		.byte	64
 887 0366 00       		.byte	0
 888 0367 00       		.byte	0
 889 0368 00       		.byte	0
 890 0369 7C       		.byte	124
 891 036a 7C       		.byte	124
 892 036b 18       		.byte	24
 893 036c 38       		.byte	56
 894 036d 1C       		.byte	28
 895 036e 7C       		.byte	124
 896 036f 78       		.byte	120
 897 0370 00       		.byte	0
 898 0371 7C       		.byte	124
 899 0372 7C       		.byte	124
 900 0373 04       		.byte	4
 901 0374 04       		.byte	4
 902 0375 7C       		.byte	124
 903 0376 78       		.byte	120
 904 0377 00       		.byte	0
 905 0378 00       		.byte	0
 906 0379 38       		.byte	56
 907 037a 7C       		.byte	124
 908 037b 44       		.byte	68
 909 037c 44       		.byte	68
 910 037d 7C       		.byte	124
 911 037e 38       		.byte	56
 912 037f 00       		.byte	0
 913 0380 00       		.byte	0
 914 0381 84       		.byte	-124
 915 0382 FC       		.byte	-4
 916 0383 F8       		.byte	-8
 917 0384 A4       		.byte	-92
 918 0385 24       		.byte	36
 919 0386 3C       		.byte	60
 920 0387 18       		.byte	24
 921 0388 00       		.byte	0
 922 0389 18       		.byte	24
 923 038a 3C       		.byte	60
 924 038b 24       		.byte	36
 925 038c A4       		.byte	-92
 926 038d F8       		.byte	-8
 927 038e FC       		.byte	-4
 928 038f 84       		.byte	-124
 929 0390 00       		.byte	0
 930 0391 44       		.byte	68
 931 0392 7C       		.byte	124
 932 0393 78       		.byte	120
 933 0394 4C       		.byte	76
 934 0395 04       		.byte	4
 935 0396 1C       		.byte	28
 936 0397 18       		.byte	24
 937 0398 00       		.byte	0
 938 0399 48       		.byte	72
 939 039a 5C       		.byte	92
 940 039b 54       		.byte	84
 941 039c 54       		.byte	84
 942 039d 74       		.byte	116
 943 039e 24       		.byte	36
 944 039f 00       		.byte	0
 945 03a0 00       		.byte	0
 946 03a1 00       		.byte	0
 947 03a2 04       		.byte	4
 948 03a3 3E       		.byte	62
 949 03a4 7F       		.byte	127
 950 03a5 44       		.byte	68
 951 03a6 24       		.byte	36
 952 03a7 00       		.byte	0
 953 03a8 00       		.byte	0
 954 03a9 3C       		.byte	60
 955 03aa 7C       		.byte	124
 956 03ab 40       		.byte	64
 957 03ac 40       		.byte	64
 958 03ad 3C       		.byte	60
 959 03ae 7C       		.byte	124
 960 03af 40       		.byte	64
 961 03b0 00       		.byte	0
 962 03b1 1C       		.byte	28
 963 03b2 3C       		.byte	60
 964 03b3 60       		.byte	96
 965 03b4 60       		.byte	96
 966 03b5 3C       		.byte	60
 967 03b6 1C       		.byte	28
 968 03b7 00       		.byte	0
 969 03b8 00       		.byte	0
 970 03b9 3C       		.byte	60
 971 03ba 7C       		.byte	124
 972 03bb 70       		.byte	112
 973 03bc 38       		.byte	56
 974 03bd 70       		.byte	112
 975 03be 7C       		.byte	124
 976 03bf 3C       		.byte	60
 977 03c0 00       		.byte	0
 978 03c1 44       		.byte	68
 979 03c2 6C       		.byte	108
 980 03c3 38       		.byte	56
 981 03c4 10       		.byte	16
 982 03c5 38       		.byte	56
 983 03c6 6C       		.byte	108
 984 03c7 44       		.byte	68
 985 03c8 00       		.byte	0
 986 03c9 9C       		.byte	-100
 987 03ca BC       		.byte	-68
 988 03cb A0       		.byte	-96
 989 03cc A0       		.byte	-96
 990 03cd FC       		.byte	-4
 991 03ce 7C       		.byte	124
 992 03cf 00       		.byte	0
 993 03d0 00       		.byte	0
 994 03d1 4C       		.byte	76
 995 03d2 64       		.byte	100
 996 03d3 74       		.byte	116
 997 03d4 5C       		.byte	92
 998 03d5 4C       		.byte	76
 999 03d6 64       		.byte	100
 1000 03d7 00       		.byte	0
 1001 03d8 00       		.byte	0
 1002 03d9 08       		.byte	8
 1003 03da 08       		.byte	8
 1004 03db 3E       		.byte	62
 1005 03dc 77       		.byte	119
 1006 03dd 41       		.byte	65
 1007 03de 41       		.byte	65
 1008 03df 00       		.byte	0
 1009 03e0 00       		.byte	0
 1010 03e1 00       		.byte	0
 1011 03e2 00       		.byte	0
 1012 03e3 00       		.byte	0
 1013 03e4 77       		.byte	119
 1014 03e5 77       		.byte	119
 1015 03e6 00       		.byte	0
 1016 03e7 00       		.byte	0
 1017 03e8 00       		.byte	0
 1018 03e9 41       		.byte	65
 1019 03ea 41       		.byte	65
 1020 03eb 77       		.byte	119
 1021 03ec 3E       		.byte	62
 1022 03ed 08       		.byte	8
 1023 03ee 08       		.byte	8
 1024 03ef 00       		.byte	0
 1025 03f0 00       		.byte	0
 1026 03f1 02       		.byte	2
 1027 03f2 03       		.byte	3
 1028 03f3 01       		.byte	1
 1029 03f4 03       		.byte	3
 1030 03f5 02       		.byte	2
 1031 03f6 03       		.byte	3
 1032 03f7 01       		.byte	1
 1033 03f8 00       		.byte	0
 1034 03f9 70       		.byte	112
 1035 03fa 78       		.byte	120
 1036 03fb 4C       		.byte	76
 1037 03fc 46       		.byte	70
 1038 03fd 4C       		.byte	76
 1039 03fe 78       		.byte	120
 1040 03ff 70       		.byte	112
 1041 0400 00       		.byte	0
 1042 0401 0E       		.byte	14
 1043 0402 9F       		.byte	-97
 1044 0403 91       		.byte	-111
 1045 0404 B1       		.byte	-79
 1046 0405 FB       		.byte	-5
 1047 0406 4A       		.byte	74
 1048 0407 00       		.byte	0
 1049 0408 00       		.byte	0
 1050 0409 3A       		.byte	58
 1051 040a 7A       		.byte	122
 1052 040b 40       		.byte	64
 1053 040c 40       		.byte	64
 1054 040d 7A       		.byte	122
 1055 040e 7A       		.byte	122
 1056 040f 40       		.byte	64
 1057 0410 38       		.byte	56
 1058 0411 7C       		.byte	124
 1059 0412 54       		.byte	84
 1060 0413 55       		.byte	85
 1061 0414 5D       		.byte	93
 1062 0415 19       		.byte	25
 1063 0416 00       		.byte	0
 1064 0417 00       		.byte	0
 1065 0418 02       		.byte	2
 1066 0419 23       		.byte	35
 1067 041a 75       		.byte	117
 1068 041b 55       		.byte	85
 1069 041c 55       		.byte	85
 1070 041d 7D       		.byte	125
 1071 041e 7B       		.byte	123
 1072 041f 42       		.byte	66
 1073 0420 00       		.byte	0
 1074 0421 21       		.byte	33
 1075 0422 75       		.byte	117
 1076 0423 54       		.byte	84
 1077 0424 54       		.byte	84
 1078 0425 7D       		.byte	125
 1079 0426 79       		.byte	121
 1080 0427 40       		.byte	64
 1081 0428 00       		.byte	0
 1082 0429 21       		.byte	33
 1083 042a 75       		.byte	117
 1084 042b 55       		.byte	85
 1085 042c 54       		.byte	84
 1086 042d 7C       		.byte	124
 1087 042e 78       		.byte	120
 1088 042f 40       		.byte	64
 1089 0430 00       		.byte	0
 1090 0431 20       		.byte	32
 1091 0432 74       		.byte	116
 1092 0433 57       		.byte	87
 1093 0434 57       		.byte	87
 1094 0435 7C       		.byte	124
 1095 0436 78       		.byte	120
 1096 0437 40       		.byte	64
 1097 0438 00       		.byte	0
 1098 0439 18       		.byte	24
 1099 043a 3C       		.byte	60
 1100 043b A4       		.byte	-92
 1101 043c A4       		.byte	-92
 1102 043d E4       		.byte	-28
 1103 043e 40       		.byte	64
 1104 043f 00       		.byte	0
 1105 0440 02       		.byte	2
 1106 0441 3B       		.byte	59
 1107 0442 7D       		.byte	125
 1108 0443 55       		.byte	85
 1109 0444 55       		.byte	85
 1110 0445 5D       		.byte	93
 1111 0446 1B       		.byte	27
 1112 0447 02       		.byte	2
 1113 0448 39       		.byte	57
 1114 0449 7D       		.byte	125
 1115 044a 54       		.byte	84
 1116 044b 54       		.byte	84
 1117 044c 5D       		.byte	93
 1118 044d 19       		.byte	25
 1119 044e 00       		.byte	0
 1120 044f 00       		.byte	0
 1121 0450 00       		.byte	0
 1122 0451 39       		.byte	57
 1123 0452 7D       		.byte	125
 1124 0453 55       		.byte	85
 1125 0454 54       		.byte	84
 1126 0455 5C       		.byte	92
 1127 0456 18       		.byte	24
 1128 0457 00       		.byte	0
 1129 0458 00       		.byte	0
 1130 0459 01       		.byte	1
 1131 045a 45       		.byte	69
 1132 045b 7C       		.byte	124
 1133 045c 7C       		.byte	124
 1134 045d 41       		.byte	65
 1135 045e 01       		.byte	1
 1136 045f 00       		.byte	0
 1137 0460 00       		.byte	0
 1138 0461 02       		.byte	2
 1139 0462 03       		.byte	3
 1140 0463 45       		.byte	69
 1141 0464 7D       		.byte	125
 1142 0465 7D       		.byte	125
 1143 0466 43       		.byte	67
 1144 0467 02       		.byte	2
 1145 0468 00       		.byte	0
 1146 0469 01       		.byte	1
 1147 046a 45       		.byte	69
 1148 046b 7D       		.byte	125
 1149 046c 7C       		.byte	124
 1150 046d 40       		.byte	64
 1151 046e 00       		.byte	0
 1152 046f 00       		.byte	0
 1153 0470 00       		.byte	0
 1154 0471 79       		.byte	121
 1155 0472 7D       		.byte	125
 1156 0473 16       		.byte	22
 1157 0474 12       		.byte	18
 1158 0475 16       		.byte	22
 1159 0476 7D       		.byte	125
 1160 0477 79       		.byte	121
 1161 0478 00       		.byte	0
 1162 0479 70       		.byte	112
 1163 047a 78       		.byte	120
 1164 047b 2B       		.byte	43
 1165 047c 2B       		.byte	43
 1166 047d 78       		.byte	120
 1167 047e 70       		.byte	112
 1168 047f 00       		.byte	0
 1169 0480 44       		.byte	68
 1170 0481 7C       		.byte	124
 1171 0482 7C       		.byte	124
 1172 0483 55       		.byte	85
 1173 0484 55       		.byte	85
 1174 0485 45       		.byte	69
 1175 0486 00       		.byte	0
 1176 0487 00       		.byte	0
 1177 0488 20       		.byte	32
 1178 0489 74       		.byte	116
 1179 048a 54       		.byte	84
 1180 048b 54       		.byte	84
 1181 048c 7C       		.byte	124
 1182 048d 7C       		.byte	124
 1183 048e 54       		.byte	84
 1184 048f 54       		.byte	84
 1185 0490 00       		.byte	0
 1186 0491 7C       		.byte	124
 1187 0492 7E       		.byte	126
 1188 0493 0B       		.byte	11
 1189 0494 09       		.byte	9
 1190 0495 7F       		.byte	127
 1191 0496 7F       		.byte	127
 1192 0497 49       		.byte	73
 1193 0498 00       		.byte	0
 1194 0499 32       		.byte	50
 1195 049a 7B       		.byte	123
 1196 049b 49       		.byte	73
 1197 049c 49       		.byte	73
 1198 049d 7B       		.byte	123
 1199 049e 32       		.byte	50
 1200 049f 00       		.byte	0
 1201 04a0 00       		.byte	0
 1202 04a1 32       		.byte	50
 1203 04a2 7A       		.byte	122
 1204 04a3 48       		.byte	72
 1205 04a4 48       		.byte	72
 1206 04a5 7A       		.byte	122
 1207 04a6 32       		.byte	50
 1208 04a7 00       		.byte	0
 1209 04a8 00       		.byte	0
 1210 04a9 32       		.byte	50
 1211 04aa 7A       		.byte	122
 1212 04ab 4A       		.byte	74
 1213 04ac 48       		.byte	72
 1214 04ad 78       		.byte	120
 1215 04ae 30       		.byte	48
 1216 04af 00       		.byte	0
 1217 04b0 00       		.byte	0
 1218 04b1 3A       		.byte	58
 1219 04b2 7B       		.byte	123
 1220 04b3 41       		.byte	65
 1221 04b4 41       		.byte	65
 1222 04b5 7B       		.byte	123
 1223 04b6 7A       		.byte	122
 1224 04b7 40       		.byte	64
 1225 04b8 00       		.byte	0
 1226 04b9 3A       		.byte	58
 1227 04ba 7A       		.byte	122
 1228 04bb 42       		.byte	66
 1229 04bc 40       		.byte	64
 1230 04bd 78       		.byte	120
 1231 04be 78       		.byte	120
 1232 04bf 40       		.byte	64
 1233 04c0 9A       		.byte	-102
 1234 04c1 BA       		.byte	-70
 1235 04c2 A0       		.byte	-96
 1236 04c3 A0       		.byte	-96
 1237 04c4 FA       		.byte	-6
 1238 04c5 7A       		.byte	122
 1239 04c6 00       		.byte	0
 1240 04c7 00       		.byte	0
 1241 04c8 01       		.byte	1
 1242 04c9 19       		.byte	25
 1243 04ca 3C       		.byte	60
 1244 04cb 66       		.byte	102
 1245 04cc 66       		.byte	102
 1246 04cd 3C       		.byte	60
 1247 04ce 19       		.byte	25
 1248 04cf 01       		.byte	1
 1249 04d0 00       		.byte	0
 1250 04d1 3D       		.byte	61
 1251 04d2 7D       		.byte	125
 1252 04d3 40       		.byte	64
 1253 04d4 40       		.byte	64
 1254 04d5 7D       		.byte	125
 1255 04d6 3D       		.byte	61
 1256 04d7 00       		.byte	0
 1257 04d8 00       		.byte	0
 1258 04d9 18       		.byte	24
 1259 04da 3C       		.byte	60
 1260 04db 24       		.byte	36
 1261 04dc E7       		.byte	-25
 1262 04dd E7       		.byte	-25
 1263 04de 24       		.byte	36
 1264 04df 24       		.byte	36
 1265 04e0 00       		.byte	0
 1266 04e1 68       		.byte	104
 1267 04e2 7E       		.byte	126
 1268 04e3 7F       		.byte	127
 1269 04e4 49       		.byte	73
 1270 04e5 43       		.byte	67
 1271 04e6 66       		.byte	102
 1272 04e7 20       		.byte	32
 1273 04e8 00       		.byte	0
 1274 04e9 2B       		.byte	43
 1275 04ea 2F       		.byte	47
 1276 04eb FC       		.byte	-4
 1277 04ec FC       		.byte	-4
 1278 04ed 2F       		.byte	47
 1279 04ee 2B       		.byte	43
 1280 04ef 00       		.byte	0
 1281 04f0 FF       		.byte	-1
 1282 04f1 FF       		.byte	-1
 1283 04f2 09       		.byte	9
 1284 04f3 09       		.byte	9
 1285 04f4 2F       		.byte	47
 1286 04f5 F6       		.byte	-10
 1287 04f6 F8       		.byte	-8
 1288 04f7 A0       		.byte	-96
 1289 04f8 40       		.byte	64
 1290 04f9 C0       		.byte	-64
 1291 04fa 88       		.byte	-120
 1292 04fb FE       		.byte	-2
 1293 04fc 7F       		.byte	127
 1294 04fd 09       		.byte	9
 1295 04fe 03       		.byte	3
 1296 04ff 02       		.byte	2
 1297 0500 00       		.byte	0
 1298 0501 20       		.byte	32
 1299 0502 74       		.byte	116
 1300 0503 54       		.byte	84
 1301 0504 55       		.byte	85
 1302 0505 7D       		.byte	125
 1303 0506 79       		.byte	121
 1304 0507 40       		.byte	64
 1305 0508 00       		.byte	0
 1306 0509 00       		.byte	0
 1307 050a 44       		.byte	68
 1308 050b 7D       		.byte	125
 1309 050c 7D       		.byte	125
 1310 050d 41       		.byte	65
 1311 050e 00       		.byte	0
 1312 050f 00       		.byte	0
 1313 0510 00       		.byte	0
 1314 0511 30       		.byte	48
 1315 0512 78       		.byte	120
 1316 0513 48       		.byte	72
 1317 0514 4A       		.byte	74
 1318 0515 7A       		.byte	122
 1319 0516 32       		.byte	50
 1320 0517 00       		.byte	0
 1321 0518 00       		.byte	0
 1322 0519 38       		.byte	56
 1323 051a 78       		.byte	120
 1324 051b 40       		.byte	64
 1325 051c 42       		.byte	66
 1326 051d 7A       		.byte	122
 1327 051e 7A       		.byte	122
 1328 051f 40       		.byte	64
 1329 0520 00       		.byte	0
 1330 0521 7A       		.byte	122
 1331 0522 7A       		.byte	122
 1332 0523 0A       		.byte	10
 1333 0524 0A       		.byte	10
 1334 0525 7A       		.byte	122
 1335 0526 70       		.byte	112
 1336 0527 00       		.byte	0
 1337 0528 00       		.byte	0
 1338 0529 7D       		.byte	125
 1339 052a 7D       		.byte	125
 1340 052b 19       		.byte	25
 1341 052c 31       		.byte	49
 1342 052d 7D       		.byte	125
 1343 052e 7D       		.byte	125
 1344 052f 00       		.byte	0
 1345 0530 00       		.byte	0
 1346 0531 00       		.byte	0
 1347 0532 26       		.byte	38
 1348 0533 2F       		.byte	47
 1349 0534 29       		.byte	41
 1350 0535 2F       		.byte	47
 1351 0536 2F       		.byte	47
 1352 0537 28       		.byte	40
 1353 0538 00       		.byte	0
 1354 0539 00       		.byte	0
 1355 053a 26       		.byte	38
 1356 053b 2F       		.byte	47
 1357 053c 29       		.byte	41
 1358 053d 2F       		.byte	47
 1359 053e 26       		.byte	38
 1360 053f 00       		.byte	0
 1361 0540 00       		.byte	0
 1362 0541 30       		.byte	48
 1363 0542 78       		.byte	120
 1364 0543 4D       		.byte	77
 1365 0544 45       		.byte	69
 1366 0545 60       		.byte	96
 1367 0546 20       		.byte	32
 1368 0547 00       		.byte	0
 1369 0548 00       		.byte	0
 1370 0549 38       		.byte	56
 1371 054a 38       		.byte	56
 1372 054b 08       		.byte	8
 1373 054c 08       		.byte	8
 1374 054d 08       		.byte	8
 1375 054e 08       		.byte	8
 1376 054f 00       		.byte	0
 1377 0550 08       		.byte	8
 1378 0551 08       		.byte	8
 1379 0552 08       		.byte	8
 1380 0553 08       		.byte	8
 1381 0554 38       		.byte	56
 1382 0555 38       		.byte	56
 1383 0556 00       		.byte	0
 1384 0557 00       		.byte	0
 1385 0558 4F       		.byte	79
 1386 0559 6F       		.byte	111
 1387 055a 30       		.byte	48
 1388 055b 18       		.byte	24
 1389 055c CC       		.byte	-52
 1390 055d EE       		.byte	-18
 1391 055e BB       		.byte	-69
 1392 055f 91       		.byte	-111
 1393 0560 4F       		.byte	79
 1394 0561 6F       		.byte	111
 1395 0562 30       		.byte	48
 1396 0563 18       		.byte	24
 1397 0564 6C       		.byte	108
 1398 0565 76       		.byte	118
 1399 0566 FB       		.byte	-5
 1400 0567 F9       		.byte	-7
 1401 0568 00       		.byte	0
 1402 0569 00       		.byte	0
 1403 056a 00       		.byte	0
 1404 056b 7B       		.byte	123
 1405 056c 7B       		.byte	123
 1406 056d 00       		.byte	0
 1407 056e 00       		.byte	0
 1408 056f 00       		.byte	0
 1409 0570 08       		.byte	8
 1410 0571 1C       		.byte	28
 1411 0572 36       		.byte	54
 1412 0573 22       		.byte	34
 1413 0574 08       		.byte	8
 1414 0575 1C       		.byte	28
 1415 0576 36       		.byte	54
 1416 0577 22       		.byte	34
 1417 0578 22       		.byte	34
 1418 0579 36       		.byte	54
 1419 057a 1C       		.byte	28
 1420 057b 08       		.byte	8
 1421 057c 22       		.byte	34
 1422 057d 36       		.byte	54
 1423 057e 1C       		.byte	28
 1424 057f 08       		.byte	8
 1425 0580 AA       		.byte	-86
 1426 0581 00       		.byte	0
 1427 0582 55       		.byte	85
 1428 0583 00       		.byte	0
 1429 0584 AA       		.byte	-86
 1430 0585 00       		.byte	0
 1431 0586 55       		.byte	85
 1432 0587 00       		.byte	0
 1433 0588 AA       		.byte	-86
 1434 0589 55       		.byte	85
 1435 058a AA       		.byte	-86
 1436 058b 55       		.byte	85
 1437 058c AA       		.byte	-86
 1438 058d 55       		.byte	85
 1439 058e AA       		.byte	-86
 1440 058f 55       		.byte	85
 1441 0590 DD       		.byte	-35
 1442 0591 FF       		.byte	-1
 1443 0592 AA       		.byte	-86
 1444 0593 77       		.byte	119
 1445 0594 DD       		.byte	-35
 1446 0595 AA       		.byte	-86
 1447 0596 FF       		.byte	-1
 1448 0597 77       		.byte	119
 1449 0598 00       		.byte	0
 1450 0599 00       		.byte	0
 1451 059a 00       		.byte	0
 1452 059b FF       		.byte	-1
 1453 059c FF       		.byte	-1
 1454 059d 00       		.byte	0
 1455 059e 00       		.byte	0
 1456 059f 00       		.byte	0
 1457 05a0 10       		.byte	16
 1458 05a1 10       		.byte	16
 1459 05a2 10       		.byte	16
 1460 05a3 FF       		.byte	-1
 1461 05a4 FF       		.byte	-1
 1462 05a5 00       		.byte	0
 1463 05a6 00       		.byte	0
 1464 05a7 00       		.byte	0
 1465 05a8 14       		.byte	20
 1466 05a9 14       		.byte	20
 1467 05aa 14       		.byte	20
 1468 05ab FF       		.byte	-1
 1469 05ac FF       		.byte	-1
 1470 05ad 00       		.byte	0
 1471 05ae 00       		.byte	0
 1472 05af 00       		.byte	0
 1473 05b0 10       		.byte	16
 1474 05b1 10       		.byte	16
 1475 05b2 FF       		.byte	-1
 1476 05b3 FF       		.byte	-1
 1477 05b4 00       		.byte	0
 1478 05b5 FF       		.byte	-1
 1479 05b6 FF       		.byte	-1
 1480 05b7 00       		.byte	0
 1481 05b8 10       		.byte	16
 1482 05b9 10       		.byte	16
 1483 05ba F0       		.byte	-16
 1484 05bb F0       		.byte	-16
 1485 05bc 10       		.byte	16
 1486 05bd F0       		.byte	-16
 1487 05be F0       		.byte	-16
 1488 05bf 00       		.byte	0
 1489 05c0 14       		.byte	20
 1490 05c1 14       		.byte	20
 1491 05c2 14       		.byte	20
 1492 05c3 FC       		.byte	-4
 1493 05c4 FC       		.byte	-4
 1494 05c5 00       		.byte	0
 1495 05c6 00       		.byte	0
 1496 05c7 00       		.byte	0
 1497 05c8 14       		.byte	20
 1498 05c9 14       		.byte	20
 1499 05ca F7       		.byte	-9
 1500 05cb F7       		.byte	-9
 1501 05cc 00       		.byte	0
 1502 05cd FF       		.byte	-1
 1503 05ce FF       		.byte	-1
 1504 05cf 00       		.byte	0
 1505 05d0 00       		.byte	0
 1506 05d1 00       		.byte	0
 1507 05d2 FF       		.byte	-1
 1508 05d3 FF       		.byte	-1
 1509 05d4 00       		.byte	0
 1510 05d5 FF       		.byte	-1
 1511 05d6 FF       		.byte	-1
 1512 05d7 00       		.byte	0
 1513 05d8 14       		.byte	20
 1514 05d9 14       		.byte	20
 1515 05da F4       		.byte	-12
 1516 05db F4       		.byte	-12
 1517 05dc 04       		.byte	4
 1518 05dd FC       		.byte	-4
 1519 05de FC       		.byte	-4
 1520 05df 00       		.byte	0
 1521 05e0 14       		.byte	20
 1522 05e1 14       		.byte	20
 1523 05e2 17       		.byte	23
 1524 05e3 17       		.byte	23
 1525 05e4 10       		.byte	16
 1526 05e5 1F       		.byte	31
 1527 05e6 1F       		.byte	31
 1528 05e7 00       		.byte	0
 1529 05e8 10       		.byte	16
 1530 05e9 10       		.byte	16
 1531 05ea 1F       		.byte	31
 1532 05eb 1F       		.byte	31
 1533 05ec 10       		.byte	16
 1534 05ed 1F       		.byte	31
 1535 05ee 1F       		.byte	31
 1536 05ef 00       		.byte	0
 1537 05f0 14       		.byte	20
 1538 05f1 14       		.byte	20
 1539 05f2 14       		.byte	20
 1540 05f3 1F       		.byte	31
 1541 05f4 1F       		.byte	31
 1542 05f5 00       		.byte	0
 1543 05f6 00       		.byte	0
 1544 05f7 00       		.byte	0
 1545 05f8 10       		.byte	16
 1546 05f9 10       		.byte	16
 1547 05fa 10       		.byte	16
 1548 05fb F0       		.byte	-16
 1549 05fc F0       		.byte	-16
 1550 05fd 00       		.byte	0
 1551 05fe 00       		.byte	0
 1552 05ff 00       		.byte	0
 1553 0600 00       		.byte	0
 1554 0601 00       		.byte	0
 1555 0602 00       		.byte	0
 1556 0603 1F       		.byte	31
 1557 0604 1F       		.byte	31
 1558 0605 10       		.byte	16
 1559 0606 10       		.byte	16
 1560 0607 10       		.byte	16
 1561 0608 10       		.byte	16
 1562 0609 10       		.byte	16
 1563 060a 10       		.byte	16
 1564 060b 1F       		.byte	31
 1565 060c 1F       		.byte	31
 1566 060d 10       		.byte	16
 1567 060e 10       		.byte	16
 1568 060f 10       		.byte	16
 1569 0610 10       		.byte	16
 1570 0611 10       		.byte	16
 1571 0612 10       		.byte	16
 1572 0613 F0       		.byte	-16
 1573 0614 F0       		.byte	-16
 1574 0615 10       		.byte	16
 1575 0616 10       		.byte	16
 1576 0617 10       		.byte	16
 1577 0618 00       		.byte	0
 1578 0619 00       		.byte	0
 1579 061a 00       		.byte	0
 1580 061b FF       		.byte	-1
 1581 061c FF       		.byte	-1
 1582 061d 10       		.byte	16
 1583 061e 10       		.byte	16
 1584 061f 10       		.byte	16
 1585 0620 10       		.byte	16
 1586 0621 10       		.byte	16
 1587 0622 10       		.byte	16
 1588 0623 10       		.byte	16
 1589 0624 10       		.byte	16
 1590 0625 10       		.byte	16
 1591 0626 10       		.byte	16
 1592 0627 10       		.byte	16
 1593 0628 10       		.byte	16
 1594 0629 10       		.byte	16
 1595 062a 10       		.byte	16
 1596 062b FF       		.byte	-1
 1597 062c FF       		.byte	-1
 1598 062d 10       		.byte	16
 1599 062e 10       		.byte	16
 1600 062f 10       		.byte	16
 1601 0630 00       		.byte	0
 1602 0631 00       		.byte	0
 1603 0632 00       		.byte	0
 1604 0633 FF       		.byte	-1
 1605 0634 FF       		.byte	-1
 1606 0635 14       		.byte	20
 1607 0636 14       		.byte	20
 1608 0637 14       		.byte	20
 1609 0638 00       		.byte	0
 1610 0639 00       		.byte	0
 1611 063a FF       		.byte	-1
 1612 063b FF       		.byte	-1
 1613 063c 00       		.byte	0
 1614 063d FF       		.byte	-1
 1615 063e FF       		.byte	-1
 1616 063f 10       		.byte	16
 1617 0640 00       		.byte	0
 1618 0641 00       		.byte	0
 1619 0642 1F       		.byte	31
 1620 0643 1F       		.byte	31
 1621 0644 10       		.byte	16
 1622 0645 17       		.byte	23
 1623 0646 17       		.byte	23
 1624 0647 14       		.byte	20
 1625 0648 00       		.byte	0
 1626 0649 00       		.byte	0
 1627 064a FC       		.byte	-4
 1628 064b FC       		.byte	-4
 1629 064c 04       		.byte	4
 1630 064d F4       		.byte	-12
 1631 064e F4       		.byte	-12
 1632 064f 14       		.byte	20
 1633 0650 14       		.byte	20
 1634 0651 14       		.byte	20
 1635 0652 17       		.byte	23
 1636 0653 17       		.byte	23
 1637 0654 10       		.byte	16
 1638 0655 17       		.byte	23
 1639 0656 17       		.byte	23
 1640 0657 14       		.byte	20
 1641 0658 14       		.byte	20
 1642 0659 14       		.byte	20
 1643 065a F4       		.byte	-12
 1644 065b F4       		.byte	-12
 1645 065c 04       		.byte	4
 1646 065d F4       		.byte	-12
 1647 065e F4       		.byte	-12
 1648 065f 14       		.byte	20
 1649 0660 00       		.byte	0
 1650 0661 00       		.byte	0
 1651 0662 FF       		.byte	-1
 1652 0663 FF       		.byte	-1
 1653 0664 00       		.byte	0
 1654 0665 F7       		.byte	-9
 1655 0666 F7       		.byte	-9
 1656 0667 14       		.byte	20
 1657 0668 14       		.byte	20
 1658 0669 14       		.byte	20
 1659 066a 14       		.byte	20
 1660 066b 14       		.byte	20
 1661 066c 14       		.byte	20
 1662 066d 14       		.byte	20
 1663 066e 14       		.byte	20
 1664 066f 14       		.byte	20
 1665 0670 14       		.byte	20
 1666 0671 14       		.byte	20
 1667 0672 F7       		.byte	-9
 1668 0673 F7       		.byte	-9
 1669 0674 00       		.byte	0
 1670 0675 F7       		.byte	-9
 1671 0676 F7       		.byte	-9
 1672 0677 14       		.byte	20
 1673 0678 14       		.byte	20
 1674 0679 14       		.byte	20
 1675 067a 14       		.byte	20
 1676 067b 17       		.byte	23
 1677 067c 17       		.byte	23
 1678 067d 14       		.byte	20
 1679 067e 14       		.byte	20
 1680 067f 14       		.byte	20
 1681 0680 10       		.byte	16
 1682 0681 10       		.byte	16
 1683 0682 1F       		.byte	31
 1684 0683 1F       		.byte	31
 1685 0684 10       		.byte	16
 1686 0685 1F       		.byte	31
 1687 0686 1F       		.byte	31
 1688 0687 10       		.byte	16
 1689 0688 14       		.byte	20
 1690 0689 14       		.byte	20
 1691 068a 14       		.byte	20
 1692 068b F4       		.byte	-12
 1693 068c F4       		.byte	-12
 1694 068d 14       		.byte	20
 1695 068e 14       		.byte	20
 1696 068f 14       		.byte	20
 1697 0690 10       		.byte	16
 1698 0691 10       		.byte	16
 1699 0692 F0       		.byte	-16
 1700 0693 F0       		.byte	-16
 1701 0694 10       		.byte	16
 1702 0695 F0       		.byte	-16
 1703 0696 F0       		.byte	-16
 1704 0697 10       		.byte	16
 1705 0698 00       		.byte	0
 1706 0699 00       		.byte	0
 1707 069a 1F       		.byte	31
 1708 069b 1F       		.byte	31
 1709 069c 10       		.byte	16
 1710 069d 1F       		.byte	31
 1711 069e 1F       		.byte	31
 1712 069f 10       		.byte	16
 1713 06a0 00       		.byte	0
 1714 06a1 00       		.byte	0
 1715 06a2 00       		.byte	0
 1716 06a3 1F       		.byte	31
 1717 06a4 1F       		.byte	31
 1718 06a5 14       		.byte	20
 1719 06a6 14       		.byte	20
 1720 06a7 14       		.byte	20
 1721 06a8 00       		.byte	0
 1722 06a9 00       		.byte	0
 1723 06aa 00       		.byte	0
 1724 06ab FC       		.byte	-4
 1725 06ac FC       		.byte	-4
 1726 06ad 14       		.byte	20
 1727 06ae 14       		.byte	20
 1728 06af 14       		.byte	20
 1729 06b0 00       		.byte	0
 1730 06b1 00       		.byte	0
 1731 06b2 F0       		.byte	-16
 1732 06b3 F0       		.byte	-16
 1733 06b4 10       		.byte	16
 1734 06b5 F0       		.byte	-16
 1735 06b6 F0       		.byte	-16
 1736 06b7 10       		.byte	16
 1737 06b8 10       		.byte	16
 1738 06b9 10       		.byte	16
 1739 06ba FF       		.byte	-1
 1740 06bb FF       		.byte	-1
 1741 06bc 10       		.byte	16
 1742 06bd FF       		.byte	-1
 1743 06be FF       		.byte	-1
 1744 06bf 10       		.byte	16
 1745 06c0 14       		.byte	20
 1746 06c1 14       		.byte	20
 1747 06c2 14       		.byte	20
 1748 06c3 FF       		.byte	-1
 1749 06c4 FF       		.byte	-1
 1750 06c5 14       		.byte	20
 1751 06c6 14       		.byte	20
 1752 06c7 14       		.byte	20
 1753 06c8 10       		.byte	16
 1754 06c9 10       		.byte	16
 1755 06ca 10       		.byte	16
 1756 06cb 1F       		.byte	31
 1757 06cc 1F       		.byte	31
 1758 06cd 00       		.byte	0
 1759 06ce 00       		.byte	0
 1760 06cf 00       		.byte	0
 1761 06d0 00       		.byte	0
 1762 06d1 00       		.byte	0
 1763 06d2 00       		.byte	0
 1764 06d3 F0       		.byte	-16
 1765 06d4 F0       		.byte	-16
 1766 06d5 10       		.byte	16
 1767 06d6 10       		.byte	16
 1768 06d7 10       		.byte	16
 1769 06d8 FF       		.byte	-1
 1770 06d9 FF       		.byte	-1
 1771 06da FF       		.byte	-1
 1772 06db FF       		.byte	-1
 1773 06dc FF       		.byte	-1
 1774 06dd FF       		.byte	-1
 1775 06de FF       		.byte	-1
 1776 06df FF       		.byte	-1
 1777 06e0 F0       		.byte	-16
 1778 06e1 F0       		.byte	-16
 1779 06e2 F0       		.byte	-16
 1780 06e3 F0       		.byte	-16
 1781 06e4 F0       		.byte	-16
 1782 06e5 F0       		.byte	-16
 1783 06e6 F0       		.byte	-16
 1784 06e7 F0       		.byte	-16
 1785 06e8 FF       		.byte	-1
 1786 06e9 FF       		.byte	-1
 1787 06ea FF       		.byte	-1
 1788 06eb FF       		.byte	-1
 1789 06ec 00       		.byte	0
 1790 06ed 00       		.byte	0
 1791 06ee 00       		.byte	0
 1792 06ef 00       		.byte	0
 1793 06f0 00       		.byte	0
 1794 06f1 00       		.byte	0
 1795 06f2 00       		.byte	0
 1796 06f3 00       		.byte	0
 1797 06f4 FF       		.byte	-1
 1798 06f5 FF       		.byte	-1
 1799 06f6 FF       		.byte	-1
 1800 06f7 FF       		.byte	-1
 1801 06f8 0F       		.byte	15
 1802 06f9 0F       		.byte	15
 1803 06fa 0F       		.byte	15
 1804 06fb 0F       		.byte	15
 1805 06fc 0F       		.byte	15
 1806 06fd 0F       		.byte	15
 1807 06fe 0F       		.byte	15
 1808 06ff 0F       		.byte	15
 1809 0700 00       		.byte	0
 1810 0701 38       		.byte	56
 1811 0702 7C       		.byte	124
 1812 0703 44       		.byte	68
 1813 0704 6C       		.byte	108
 1814 0705 38       		.byte	56
 1815 0706 6C       		.byte	108
 1816 0707 44       		.byte	68
 1817 0708 00       		.byte	0
 1818 0709 FC       		.byte	-4
 1819 070a FE       		.byte	-2
 1820 070b 2A       		.byte	42
 1821 070c 2A       		.byte	42
 1822 070d 3E       		.byte	62
 1823 070e 14       		.byte	20
 1824 070f 00       		.byte	0
 1825 0710 00       		.byte	0
 1826 0711 7E       		.byte	126
 1827 0712 7E       		.byte	126
 1828 0713 02       		.byte	2
 1829 0714 02       		.byte	2
 1830 0715 06       		.byte	6
 1831 0716 06       		.byte	6
 1832 0717 00       		.byte	0
 1833 0718 00       		.byte	0
 1834 0719 02       		.byte	2
 1835 071a 7E       		.byte	126
 1836 071b 7E       		.byte	126
 1837 071c 02       		.byte	2
 1838 071d 7E       		.byte	126
 1839 071e 7E       		.byte	126
 1840 071f 02       		.byte	2
 1841 0720 00       		.byte	0
 1842 0721 63       		.byte	99
 1843 0722 77       		.byte	119
 1844 0723 5D       		.byte	93
 1845 0724 49       		.byte	73
 1846 0725 63       		.byte	99
 1847 0726 63       		.byte	99
 1848 0727 00       		.byte	0
 1849 0728 00       		.byte	0
 1850 0729 38       		.byte	56
 1851 072a 7C       		.byte	124
 1852 072b 44       		.byte	68
 1853 072c 7C       		.byte	124
 1854 072d 3C       		.byte	60
 1855 072e 04       		.byte	4
 1856 072f 04       		.byte	4
 1857 0730 00       		.byte	0
 1858 0731 80       		.byte	-128
 1859 0732 FE       		.byte	-2
 1860 0733 7E       		.byte	126
 1861 0734 20       		.byte	32
 1862 0735 20       		.byte	32
 1863 0736 3E       		.byte	62
 1864 0737 1E       		.byte	30
 1865 0738 00       		.byte	0
 1866 0739 04       		.byte	4
 1867 073a 06       		.byte	6
 1868 073b 02       		.byte	2
 1869 073c 7E       		.byte	126
 1870 073d 7C       		.byte	124
 1871 073e 06       		.byte	6
 1872 073f 02       		.byte	2
 1873 0740 00       		.byte	0
 1874 0741 99       		.byte	-103
 1875 0742 BD       		.byte	-67
 1876 0743 E7       		.byte	-25
 1877 0744 E7       		.byte	-25
 1878 0745 BD       		.byte	-67
 1879 0746 99       		.byte	-103
 1880 0747 00       		.byte	0
 1881 0748 00       		.byte	0
 1882 0749 1C       		.byte	28
 1883 074a 3E       		.byte	62
 1884 074b 6B       		.byte	107
 1885 074c 49       		.byte	73
 1886 074d 6B       		.byte	107
 1887 074e 3E       		.byte	62
 1888 074f 1C       		.byte	28
 1889 0750 00       		.byte	0
 1890 0751 4C       		.byte	76
 1891 0752 7E       		.byte	126
 1892 0753 73       		.byte	115
 1893 0754 01       		.byte	1
 1894 0755 73       		.byte	115
 1895 0756 7E       		.byte	126
 1896 0757 4C       		.byte	76
 1897 0758 00       		.byte	0
 1898 0759 30       		.byte	48
 1899 075a 78       		.byte	120
 1900 075b 4A       		.byte	74
 1901 075c 4F       		.byte	79
 1902 075d 7D       		.byte	125
 1903 075e 39       		.byte	57
 1904 075f 00       		.byte	0
 1905 0760 18       		.byte	24
 1906 0761 3C       		.byte	60
 1907 0762 24       		.byte	36
 1908 0763 3C       		.byte	60
 1909 0764 3C       		.byte	60
 1910 0765 24       		.byte	36
 1911 0766 3C       		.byte	60
 1912 0767 18       		.byte	24
 1913 0768 98       		.byte	-104
 1914 0769 FC       		.byte	-4
 1915 076a 64       		.byte	100
 1916 076b 3C       		.byte	60
 1917 076c 3E       		.byte	62
 1918 076d 27       		.byte	39
 1919 076e 3D       		.byte	61
 1920 076f 18       		.byte	24
 1921 0770 00       		.byte	0
 1922 0771 1C       		.byte	28
 1923 0772 3E       		.byte	62
 1924 0773 6B       		.byte	107
 1925 0774 49       		.byte	73
 1926 0775 49       		.byte	73
 1927 0776 00       		.byte	0
 1928 0777 00       		.byte	0
 1929 0778 00       		.byte	0
 1930 0779 7E       		.byte	126
 1931 077a 7F       		.byte	127
 1932 077b 01       		.byte	1
 1933 077c 01       		.byte	1
 1934 077d 7F       		.byte	127
 1935 077e 7E       		.byte	126
 1936 077f 00       		.byte	0
 1937 0780 00       		.byte	0
 1938 0781 2A       		.byte	42
 1939 0782 2A       		.byte	42
 1940 0783 2A       		.byte	42
 1941 0784 2A       		.byte	42
 1942 0785 2A       		.byte	42
 1943 0786 2A       		.byte	42
 1944 0787 00       		.byte	0
 1945 0788 00       		.byte	0
 1946 0789 44       		.byte	68
 1947 078a 44       		.byte	68
 1948 078b 5F       		.byte	95
 1949 078c 5F       		.byte	95
 1950 078d 44       		.byte	68
 1951 078e 44       		.byte	68
 1952 078f 00       		.byte	0
 1953 0790 00       		.byte	0
 1954 0791 40       		.byte	64
 1955 0792 51       		.byte	81
 1956 0793 5B       		.byte	91
 1957 0794 4E       		.byte	78
 1958 0795 44       		.byte	68
 1959 0796 40       		.byte	64
 1960 0797 00       		.byte	0
 1961 0798 00       		.byte	0
 1962 0799 40       		.byte	64
 1963 079a 44       		.byte	68
 1964 079b 4E       		.byte	78
 1965 079c 5B       		.byte	91
 1966 079d 51       		.byte	81
 1967 079e 40       		.byte	64
 1968 079f 00       		.byte	0
 1969 07a0 00       		.byte	0
 1970 07a1 00       		.byte	0
 1971 07a2 00       		.byte	0
 1972 07a3 FE       		.byte	-2
 1973 07a4 FF       		.byte	-1
 1974 07a5 01       		.byte	1
 1975 07a6 07       		.byte	7
 1976 07a7 06       		.byte	6
 1977 07a8 60       		.byte	96
 1978 07a9 E0       		.byte	-32
 1979 07aa 80       		.byte	-128
 1980 07ab FF       		.byte	-1
 1981 07ac 7F       		.byte	127
 1982 07ad 00       		.byte	0
 1983 07ae 00       		.byte	0
 1984 07af 00       		.byte	0
 1985 07b0 00       		.byte	0
 1986 07b1 08       		.byte	8
 1987 07b2 08       		.byte	8
 1988 07b3 6B       		.byte	107
 1989 07b4 6B       		.byte	107
 1990 07b5 08       		.byte	8
 1991 07b6 08       		.byte	8
 1992 07b7 00       		.byte	0
 1993 07b8 00       		.byte	0
 1994 07b9 24       		.byte	36
 1995 07ba 36       		.byte	54
 1996 07bb 12       		.byte	18
 1997 07bc 36       		.byte	54
 1998 07bd 24       		.byte	36
 1999 07be 36       		.byte	54
 2000 07bf 12       		.byte	18
 2001 07c0 00       		.byte	0
 2002 07c1 00       		.byte	0
 2003 07c2 06       		.byte	6
 2004 07c3 0F       		.byte	15
 2005 07c4 09       		.byte	9
 2006 07c5 0F       		.byte	15
 2007 07c6 06       		.byte	6
 2008 07c7 00       		.byte	0
 2009 07c8 00       		.byte	0
 2010 07c9 00       		.byte	0
 2011 07ca 00       		.byte	0
 2012 07cb 00       		.byte	0
 2013 07cc 18       		.byte	24
 2014 07cd 18       		.byte	24
 2015 07ce 00       		.byte	0
 2016 07cf 00       		.byte	0
 2017 07d0 00       		.byte	0
 2018 07d1 00       		.byte	0
 2019 07d2 00       		.byte	0
 2020 07d3 10       		.byte	16
 2021 07d4 10       		.byte	16
 2022 07d5 00       		.byte	0
 2023 07d6 00       		.byte	0
 2024 07d7 00       		.byte	0
 2025 07d8 10       		.byte	16
 2026 07d9 30       		.byte	48
 2027 07da 70       		.byte	112
 2028 07db C0       		.byte	-64
 2029 07dc FF       		.byte	-1
 2030 07dd FF       		.byte	-1
 2031 07de 01       		.byte	1
 2032 07df 01       		.byte	1
 2033 07e0 00       		.byte	0
 2034 07e1 1F       		.byte	31
 2035 07e2 1F       		.byte	31
 2036 07e3 01       		.byte	1
 2037 07e4 1F       		.byte	31
 2038 07e5 1E       		.byte	30
 2039 07e6 00       		.byte	0
 2040 07e7 00       		.byte	0
 2041 07e8 00       		.byte	0
 2042 07e9 19       		.byte	25
 2043 07ea 1D       		.byte	29
 2044 07eb 17       		.byte	23
 2045 07ec 12       		.byte	18
 2046 07ed 00       		.byte	0
 2047 07ee 00       		.byte	0
 2048 07ef 00       		.byte	0
 2049 07f0 00       		.byte	0
 2050 07f1 00       		.byte	0
 2051 07f2 3C       		.byte	60
 2052 07f3 3C       		.byte	60
 2053 07f4 3C       		.byte	60
 2054 07f5 3C       		.byte	60
 2055 07f6 00       		.byte	0
 2056 07f7 00       		.byte	0
 2057 07f8 00       		.byte	0
 2058 07f9 00       		.byte	0
 2059 07fa 00       		.byte	0
 2060 07fb 00       		.byte	0
 2061 07fc 00       		.byte	0
 2062 07fd 00       		.byte	0
 2063 07fe 00       		.byte	0
 2064 07ff 00       		.byte	0
 2065              		.text
 2066              	.Letext0:
 2067              		.file 1 "display/font_r8x8.c"
DEFINED SYMBOLS
                            *ABS*:0000000000000000 font_r8x8.c
     /tmp/cc6HUPed.s:16     .rodata:0000000000000000 fontdata_r8x8
     /tmp/cc6HUPed.s:13     .rodata:0000000000000000 $d

NO UNDEFINED SYMBOLS
