This file contains any messages produced by compilers while
running configure, to aid debugging if configure makes a mistake.

It was created by libosmocore configure UNKNOWN, which was
generated by GNU Autoconf 2.69.  Invocation command line was

  $ ../configure --host=arm-elf --enable-embedded --disable-shared --disable-tests ac_cv_header_sys_select_h=no --disable-tests ac_cv_header_sys_socket_h=no CFLAGS=-Os -ffunction-sections -I/home/phd/osmocom-bb-master/src/target/firmware/include -nostartfiles -nodefaultlibs

## --------- ##
## Platform. ##
## --------- ##

hostname = ubuntu
uname -m = x86_64
uname -r = 3.13.0-24-generic
uname -s = Linux
uname -v = #47-Ubuntu SMP Fri May 2 23:30:00 UTC 2014

/usr/bin/uname -p = unknown
/bin/uname -X     = unknown

/bin/arch              = unknown
/usr/bin/arch -k       = unknown
/usr/convex/getsysinfo = unknown
/usr/bin/hostinfo      = unknown
/bin/machine           = unknown
/usr/bin/oslevel       = unknown
/bin/universe          = unknown

PATH: /usr/local/sbin
PATH: /usr/local/bin
PATH: /usr/sbin
PATH: /usr/bin
PATH: /sbin
PATH: /bin
PATH: /usr/games
PATH: /usr/local/games
PATH: /home/phd/toolchain/install/bin


## ----------- ##
## Core tests. ##
## ----------- ##

configure:2349: checking for a BSD-compatible install
configure:2417: result: /usr/bin/install -c
configure:2428: checking whether build environment is sane
configure:2483: result: yes
configure:2542: checking for arm-elf-strip
configure:2558: found /home/phd/toolchain/install/bin/arm-elf-strip
configure:2569: result: arm-elf-strip
configure:2634: checking for a thread-safe mkdir -p
configure:2673: result: /bin/mkdir -p
configure:2680: checking for gawk
configure:2710: result: no
configure:2680: checking for mawk
configure:2696: found /usr/bin/mawk
configure:2707: result: mawk
configure:2718: checking whether make sets $(MAKE)
configure:2740: result: yes
configure:2769: checking whether make supports nested variables
configure:2786: result: yes
configure:2925: checking whether make supports nested variables
configure:2942: result: yes
configure:2954: checking whether make sets $(MAKE)
configure:2976: result: yes
configure:2994: checking for arm-elf-gcc
configure:3010: found /home/phd/toolchain/install/bin/arm-elf-gcc
configure:3021: result: arm-elf-gcc
configure:3290: checking for C compiler version
configure:3299: arm-elf-gcc --version >&5
arm-elf-gcc (GCC) 4.5.2
Copyright (C) 2010 Free Software Foundation, Inc.
This is free software; see the source for copying conditions.  There is NO
warranty; not even for MERCHANTABILITY or FITNESS FOR A PARTICULAR PURPOSE.

configure:3310: $? = 0
configure:3299: arm-elf-gcc -v >&5
Using built-in specs.
COLLECT_GCC=arm-elf-gcc
COLLECT_LTO_WRAPPER=/home/phd/toolchain/install/libexec/gcc/arm-elf/4.5.2/lto-wrapper
Target: arm-elf
Configured with: /home/phd/toolchain/src/gcc-4.5.2/configure --target=arm-elf --prefix=/home/phd/toolchain/install --enable-interwork --enable-multilib --with-float=soft --disable-werror --enable-languages=c,c++ --with-newlib --with-headers=/home/phd/toolchain/src/newlib-1.19.0/newlib/libc/include --with-system-zlib --disable-shared : (reconfigured) /home/phd/toolchain/src/gcc-4.5.2/configure --target=arm-elf --prefix=/home/phd/toolchain/install --enable-interwork --enable-multilib --with-float=soft --disable-werror --enable-languages=c,c++ --with-newlib --with-headers=/home/phd/toolchain/src/newlib-1.19.0/newlib/libc/include --with-system-zlib --disable-shared : (reconfigured) /home/phd/toolchain/src/gcc-4.5.2/configure --target=arm-elf --prefix=/home/phd/toolchain/install --enable-interwork --enable-multilib --with-float=soft --disable-werror --enable-languages=c,c++ --with-newlib --with-headers=/home/phd/toolchain/src/newlib-1.19.0/newlib/libc/include --with-system-zlib --disable-shared
Thread model: single
gcc version 4.5.2 (GCC) 
configure:3310: $? = 0
configure:3299: arm-elf-gcc -V >&5
arm-elf-gcc: '-V' option must have argument
configure:3310: $? = 1
configure:3299: arm-elf-gcc -qversion >&5
arm-elf-gcc: unrecognized option '-qversion'
arm-elf-gcc: no input files
configure:3310: $? = 1
configure:3330: checking whether the C compiler works
configure:3352: arm-elf-gcc -Os -ffunction-sections -I/home/phd/osmocom-bb-master/src/target/firmware/include -nostartfiles -nodefaultlibs   conftest.c  >&5
/home/phd/toolchain/install/lib/gcc/arm-elf/4.5.2/../../../../arm-elf/bin/ld: warning: cannot find entry symbol _start; defaulting to 0000000000008000
configure:3356: $? = 0
configure:3404: result: yes
configure:3407: checking for C compiler default output file name
configure:3409: result: a.out
configure:3415: checking for suffix of executables
configure:3422: arm-elf-gcc -o conftest -Os -ffunction-sections -I/home/phd/osmocom-bb-master/src/target/firmware/include -nostartfiles -nodefaultlibs   conftest.c  >&5
/home/phd/toolchain/install/lib/gcc/arm-elf/4.5.2/../../../../arm-elf/bin/ld: warning: cannot find entry symbol _start; defaulting to 0000000000008000
configure:3426: $? = 0
configure:3448: result: 
configure:3470: checking whether we are cross compiling
configure:3478: arm-elf-gcc -o conftest -Os -ffunction-sections -I/home/phd/osmocom-bb-master/src/target/firmware/include -nostartfiles -nodefaultlibs   conftest.c  >&5
conftest.c: In function 'main':
conftest.c:15:11: warning: initialization makes pointer from integer without a cast
/home/phd/toolchain/install/lib/gcc/arm-elf/4.5.2/../../../../arm-elf/bin/ld: warning: cannot find entry symbol _start; defaulting to 0000000000008000
/tmp/ccNALJU4.o: In function `main':
conftest.c:(.text.main+0xc): undefined reference to `fopen'
conftest.c:(.text.main+0x14): undefined reference to `ferror'
conftest.c:(.text.main+0x24): undefined reference to `fclose'
collect2: ld returned 1 exit status
configure:3482: $? = 1
configure:3489: ./conftest
../configure: line 3491: ./conftest: No such file or directory
configure:3493: $? = 127
configure:3508: result: yes
configure:3513: checking for suffix of object files
configure:3535: arm-elf-gcc -c -Os -ffunction-sections -I/home/phd/osmocom-bb-master/src/target/firmware/include -nostartfiles -nodefaultlibs  conftest.c >&5
configure:3539: $? = 0
configure:3560: result: o
configure:3564: checking whether we are using the GNU C compiler
configure:3583: arm-elf-gcc -c -Os -ffunction-sections -I/home/phd/osmocom-bb-master/src/target/firmware/include -nostartfiles -nodefaultlibs  conftest.c >&5
configure:3583: $? = 0
configure:3592: result: yes
configure:3601: checking whether arm-elf-gcc accepts -g
configure:3621: arm-elf-gcc -c -g  conftest.c >&5
configure:3621: $? = 0
configure:3662: result: yes
configure:3679: checking for arm-elf-gcc option to accept ISO C89
configure:3742: arm-elf-gcc  -c -Os -ffunction-sections -I/home/phd/osmocom-bb-master/src/target/firmware/include -nostartfiles -nodefaultlibs  conftest.c >&5
configure:3742: $? = 0
configure:3755: result: none needed
configure:3780: checking whether arm-elf-gcc understands -c and -o together
configure:3802: arm-elf-gcc -c conftest.c -o conftest2.o
configure:3805: $? = 0
configure:3802: arm-elf-gcc -c conftest.c -o conftest2.o
configure:3805: $? = 0
configure:3817: result: yes
configure:3845: checking for style of include used by make
configure:3873: result: GNU
configure:3899: checking dependency style of arm-elf-gcc
configure:4010: result: gcc3
configure:4055: checking build system type
configure:4069: result: x86_64-unknown-linux-gnu
configure:4089: checking host system type
configure:4102: result: arm-unknown-elf
configure:4143: checking how to print strings
configure:4170: result: printf
configure:4191: checking for a sed that does not truncate output
configure:4255: result: /bin/sed
configure:4273: checking for grep that handles long lines and -e
configure:4331: result: /bin/grep
configure:4336: checking for egrep
configure:4398: result: /bin/grep -E
configure:4403: checking for fgrep
configure:4465: result: /bin/grep -F
configure:4500: checking for ld used by arm-elf-gcc
configure:4567: result: /home/phd/toolchain/install/arm-elf/bin/ld
configure:4574: checking if the linker (/home/phd/toolchain/install/arm-elf/bin/ld) is GNU ld
configure:4589: result: yes
configure:4601: checking for BSD- or MS-compatible name lister (nm)
configure:4650: result: /home/phd/toolchain/install/bin/arm-elf-nm -B
configure:4780: checking the name lister (/home/phd/toolchain/install/bin/arm-elf-nm -B) interface
configure:4787: arm-elf-gcc -c -Os -ffunction-sections -I/home/phd/osmocom-bb-master/src/target/firmware/include -nostartfiles -nodefaultlibs  conftest.c >&5
configure:4790: /home/phd/toolchain/install/bin/arm-elf-nm -B "conftest.o"
configure:4793: output
00000000 B some_variable
configure:4800: result: BSD nm
configure:4803: checking whether ln -s works
configure:4807: result: yes
configure:4815: checking the maximum length of command line arguments
configure:4946: result: 3458764513820540925
configure:4963: checking whether the shell understands some XSI constructs
configure:4973: result: yes
configure:4977: checking whether the shell understands "+="
configure:4983: result: yes
configure:5018: checking how to convert x86_64-unknown-linux-gnu file names to arm-unknown-elf format
configure:5058: result: func_convert_file_noop
configure:5065: checking how to convert x86_64-unknown-linux-gnu file names to toolchain format
configure:5085: result: func_convert_file_noop
configure:5092: checking for /home/phd/toolchain/install/arm-elf/bin/ld option to reload object files
configure:5099: result: -r
configure:5133: checking for arm-elf-objdump
configure:5149: found /home/phd/toolchain/install/bin/arm-elf-objdump
configure:5160: result: arm-elf-objdump
configure:5232: checking how to recognize dependent libraries
configure:5430: result: unknown
configure:5475: checking for arm-elf-dlltool
configure:5505: result: no
configure:5515: checking for dlltool
configure:5545: result: no
configure:5575: checking how to associate runtime and link libraries
configure:5602: result: printf %s\n
configure:5619: checking for arm-elf-ar
configure:5635: found /home/phd/toolchain/install/bin/arm-elf-ar
configure:5646: result: arm-elf-ar
configure:5727: checking for archiver @FILE support
configure:5744: arm-elf-gcc -c -Os -ffunction-sections -I/home/phd/osmocom-bb-master/src/target/firmware/include -nostartfiles -nodefaultlibs  conftest.c >&5
configure:5744: $? = 0
configure:5747: arm-elf-ar cru libconftest.a @conftest.lst >&5
configure:5750: $? = 0
configure:5755: arm-elf-ar cru libconftest.a @conftest.lst >&5
arm-elf-ar: conftest.o: No such file or directory
configure:5758: $? = 1
configure:5770: result: @
configure:5788: checking for arm-elf-strip
configure:5815: result: arm-elf-strip
configure:5887: checking for arm-elf-ranlib
configure:5903: found /home/phd/toolchain/install/bin/arm-elf-ranlib
configure:5914: result: arm-elf-ranlib
configure:6056: checking command to parse /home/phd/toolchain/install/bin/arm-elf-nm -B output from arm-elf-gcc object
configure:6176: arm-elf-gcc -c -Os -ffunction-sections -I/home/phd/osmocom-bb-master/src/target/firmware/include -nostartfiles -nodefaultlibs  conftest.c >&5
configure:6179: $? = 0
configure:6183: /home/phd/toolchain/install/bin/arm-elf-nm -B conftest.o \| sed -n -e 's/^.*[ ]\([ABCDGIRSTW][ABCDGIRSTW]*\)[ ][ ]*\([_A-Za-z][_A-Za-z0-9]*\)$/\1 \2 \2/p' | sed '/ __gnu_lto/d' \> conftest.nm
configure:6186: $? = 0
configure:6252: arm-elf-gcc -o conftest -Os -ffunction-sections -I/home/phd/osmocom-bb-master/src/target/firmware/include -nostartfiles -nodefaultlibs   conftest.c conftstm.o >&5
/home/phd/toolchain/install/lib/gcc/arm-elf/4.5.2/../../../../arm-elf/bin/ld: warning: cannot find entry symbol _start; defaulting to 0000000000008000
configure:6255: $? = 0
configure:6293: result: ok
configure:6330: checking for sysroot
configure:6360: result: no
configure:6589: checking for arm-elf-mt
configure:6619: result: no
configure:6629: checking for mt
configure:6645: found /bin/mt
configure:6656: result: mt
configure:6668: WARNING: using cross tools not prefixed with host triplet
configure:6679: checking if mt is a manifest tool
configure:6685: mt '-?'
configure:6693: result: no
configure:7335: checking how to run the C preprocessor
configure:7366: arm-elf-gcc -E  conftest.c
configure:7366: $? = 0
configure:7380: arm-elf-gcc -E  conftest.c
conftest.c:11:28: fatal error: ac_nonexistent.h: No such file or directory
compilation terminated.
configure:7380: $? = 1
configure: failed program was:
| /* confdefs.h */
| #define PACKAGE_NAME "libosmocore"
| #define PACKAGE_TARNAME "libosmocore"
| #define PACKAGE_VERSION "UNKNOWN"
| #define PACKAGE_STRING "libosmocore UNKNOWN"
| #define PACKAGE_BUGREPORT "openbsc@lists.osmocom.org"
| #define PACKAGE_URL ""
| #define PACKAGE "libosmocore"
| #define VERSION "UNKNOWN"
| /* end confdefs.h.  */
| #include <ac_nonexistent.h>
configure:7405: result: arm-elf-gcc -E
configure:7425: arm-elf-gcc -E  conftest.c
configure:7425: $? = 0
configure:7439: arm-elf-gcc -E  conftest.c
conftest.c:11:28: fatal error: ac_nonexistent.h: No such file or directory
compilation terminated.
configure:7439: $? = 1
configure: failed program was:
| /* confdefs.h */
| #define PACKAGE_NAME "libosmocore"
| #define PACKAGE_TARNAME "libosmocore"
| #define PACKAGE_VERSION "UNKNOWN"
| #define PACKAGE_STRING "libosmocore UNKNOWN"
| #define PACKAGE_BUGREPORT "openbsc@lists.osmocom.org"
| #define PACKAGE_URL ""
| #define PACKAGE "libosmocore"
| #define VERSION "UNKNOWN"
| /* end confdefs.h.  */
| #include <ac_nonexistent.h>
configure:7468: checking for ANSI C header files
configure:7488: arm-elf-gcc -c -Os -ffunction-sections -I/home/phd/osmocom-bb-master/src/target/firmware/include -nostartfiles -nodefaultlibs  conftest.c >&5
configure:7488: $? = 0
configure:7572: result: yes
configure:7585: checking for sys/types.h
configure:7585: arm-elf-gcc -c -Os -ffunction-sections -I/home/phd/osmocom-bb-master/src/target/firmware/include -nostartfiles -nodefaultlibs  conftest.c >&5
configure:7585: $? = 0
configure:7585: result: yes
configure:7585: checking for sys/stat.h
configure:7585: arm-elf-gcc -c -Os -ffunction-sections -I/home/phd/osmocom-bb-master/src/target/firmware/include -nostartfiles -nodefaultlibs  conftest.c >&5
configure:7585: $? = 0
configure:7585: result: yes
configure:7585: checking for stdlib.h
configure:7585: arm-elf-gcc -c -Os -ffunction-sections -I/home/phd/osmocom-bb-master/src/target/firmware/include -nostartfiles -nodefaultlibs  conftest.c >&5
configure:7585: $? = 0
configure:7585: result: yes
configure:7585: checking for string.h
configure:7585: arm-elf-gcc -c -Os -ffunction-sections -I/home/phd/osmocom-bb-master/src/target/firmware/include -nostartfiles -nodefaultlibs  conftest.c >&5
configure:7585: $? = 0
configure:7585: result: yes
configure:7585: checking for memory.h
configure:7585: arm-elf-gcc -c -Os -ffunction-sections -I/home/phd/osmocom-bb-master/src/target/firmware/include -nostartfiles -nodefaultlibs  conftest.c >&5
configure:7585: $? = 0
configure:7585: result: yes
configure:7585: checking for strings.h
configure:7585: arm-elf-gcc -c -Os -ffunction-sections -I/home/phd/osmocom-bb-master/src/target/firmware/include -nostartfiles -nodefaultlibs  conftest.c >&5
configure:7585: $? = 0
configure:7585: result: yes
configure:7585: checking for inttypes.h
configure:7585: arm-elf-gcc -c -Os -ffunction-sections -I/home/phd/osmocom-bb-master/src/target/firmware/include -nostartfiles -nodefaultlibs  conftest.c >&5
configure:7585: $? = 0
configure:7585: result: yes
configure:7585: checking for stdint.h
configure:7585: arm-elf-gcc -c -Os -ffunction-sections -I/home/phd/osmocom-bb-master/src/target/firmware/include -nostartfiles -nodefaultlibs  conftest.c >&5
configure:7585: $? = 0
configure:7585: result: yes
configure:7585: checking for unistd.h
configure:7585: arm-elf-gcc -c -Os -ffunction-sections -I/home/phd/osmocom-bb-master/src/target/firmware/include -nostartfiles -nodefaultlibs  conftest.c >&5
configure:7585: $? = 0
configure:7585: result: yes
configure:7599: checking for dlfcn.h
configure:7599: arm-elf-gcc -c -Os -ffunction-sections -I/home/phd/osmocom-bb-master/src/target/firmware/include -nostartfiles -nodefaultlibs  conftest.c >&5
conftest.c:55:19: fatal error: dlfcn.h: No such file or directory
compilation terminated.
configure:7599: $? = 1
configure: failed program was:
| /* confdefs.h */
| #define PACKAGE_NAME "libosmocore"
| #define PACKAGE_TARNAME "libosmocore"
| #define PACKAGE_VERSION "UNKNOWN"
| #define PACKAGE_STRING "libosmocore UNKNOWN"
| #define PACKAGE_BUGREPORT "openbsc@lists.osmocom.org"
| #define PACKAGE_URL ""
| #define PACKAGE "libosmocore"
| #define VERSION "UNKNOWN"
| #define STDC_HEADERS 1
| #define HAVE_SYS_TYPES_H 1
| #define HAVE_SYS_STAT_H 1
| #define HAVE_STDLIB_H 1
| #define HAVE_STRING_H 1
| #define HAVE_MEMORY_H 1
| #define HAVE_STRINGS_H 1
| #define HAVE_INTTYPES_H 1
| #define HAVE_STDINT_H 1
| #define HAVE_UNISTD_H 1
| /* end confdefs.h.  */
| #include <stdio.h>
| #ifdef HAVE_SYS_TYPES_H
| # include <sys/types.h>
| #endif
| #ifdef HAVE_SYS_STAT_H
| # include <sys/stat.h>
| #endif
| #ifdef STDC_HEADERS
| # include <stdlib.h>
| # include <stddef.h>
| #else
| # ifdef HAVE_STDLIB_H
| #  include <stdlib.h>
| # endif
| #endif
| #ifdef HAVE_STRING_H
| # if !defined STDC_HEADERS && defined HAVE_MEMORY_H
| #  include <memory.h>
| # endif
| # include <string.h>
| #endif
| #ifdef HAVE_STRINGS_H
| # include <strings.h>
| #endif
| #ifdef HAVE_INTTYPES_H
| # include <inttypes.h>
| #endif
| #ifdef HAVE_STDINT_H
| # include <stdint.h>
| #endif
| #ifdef HAVE_UNISTD_H
| # include <unistd.h>
| #endif
| 
| #include <dlfcn.h>
configure:7599: result: no
configure:7804: checking for objdir
configure:7819: result: .libs
configure:8090: checking if arm-elf-gcc supports -fno-rtti -fno-exceptions
configure:8108: arm-elf-gcc -c -Os -ffunction-sections -I/home/phd/osmocom-bb-master/src/target/firmware/include -nostartfiles -nodefaultlibs  -fno-rtti -fno-exceptions conftest.c >&5
cc1: warning: command line option "-fno-rtti" is valid for C++/ObjC++ but not for C
configure:8112: $? = 0
configure:8125: result: no
configure:8452: checking for arm-elf-gcc option to produce PIC
configure:8459: result: -fPIC -DPIC
configure:8467: checking if arm-elf-gcc PIC flag -fPIC -DPIC works
configure:8485: arm-elf-gcc -c -Os -ffunction-sections -I/home/phd/osmocom-bb-master/src/target/firmware/include -nostartfiles -nodefaultlibs  -fPIC -DPIC -DPIC conftest.c >&5
configure:8489: $? = 0
configure:8502: result: yes
configure:8531: checking if arm-elf-gcc static flag -static works
/home/phd/toolchain/install/lib/gcc/arm-elf/4.5.2/../../../../arm-elf/bin/ld: warning: cannot find entry symbol _start; defaulting to 0000000000008000
configure:8559: result: yes
configure:8574: checking if arm-elf-gcc supports -c -o file.o
configure:8595: arm-elf-gcc -c -Os -ffunction-sections -I/home/phd/osmocom-bb-master/src/target/firmware/include -nostartfiles -nodefaultlibs  -o out/conftest2.o conftest.c >&5
configure:8599: $? = 0
configure:8621: result: yes
configure:8629: checking if arm-elf-gcc supports -c -o file.o
configure:8676: result: yes
configure:8709: checking whether the arm-elf-gcc linker (/home/phd/toolchain/install/arm-elf/bin/ld) supports shared libraries
configure:9866: result: yes
configure:10106: checking dynamic linker characteristics
configure:10840: result: no
configure:10947: checking how to hardcode library paths into programs
configure:10972: result: immediate
configure:11512: checking whether stripping libraries is possible
configure:11517: result: yes
configure:11552: checking if libtool supports shared libraries
configure:11554: result: no
configure:11557: checking whether to build shared libraries
configure:11578: result: no
configure:11581: checking whether to build static libraries
configure:11585: result: yes
configure:11636: checking for ANSI C header files
configure:11740: result: yes
configure:11751: checking execinfo.h usability
configure:11751: arm-elf-gcc -c -Os -ffunction-sections -I/home/phd/osmocom-bb-master/src/target/firmware/include -nostartfiles -nodefaultlibs  conftest.c >&5
conftest.c:56:22: fatal error: execinfo.h: No such file or directory
compilation terminated.
configure:11751: $? = 1
configure: failed program was:
| /* confdefs.h */
| #define PACKAGE_NAME "libosmocore"
| #define PACKAGE_TARNAME "libosmocore"
| #define PACKAGE_VERSION "UNKNOWN"
| #define PACKAGE_STRING "libosmocore UNKNOWN"
| #define PACKAGE_BUGREPORT "openbsc@lists.osmocom.org"
| #define PACKAGE_URL ""
| #define PACKAGE "libosmocore"
| #define VERSION "UNKNOWN"
| #define STDC_HEADERS 1
| #define HAVE_SYS_TYPES_H 1
| #define HAVE_SYS_STAT_H 1
| #define HAVE_STDLIB_H 1
| #define HAVE_STRING_H 1
| #define HAVE_MEMORY_H 1
| #define HAVE_STRINGS_H 1
| #define HAVE_INTTYPES_H 1
| #define HAVE_STDINT_H 1
| #define HAVE_UNISTD_H 1
| #define LT_OBJDIR ".libs/"
| #define STDC_HEADERS 1
| /* end confdefs.h.  */
| #include <stdio.h>
| #ifdef HAVE_SYS_TYPES_H
| # include <sys/types.h>
| #endif
| #ifdef HAVE_SYS_STAT_H
| # include <sys/stat.h>
| #endif
| #ifdef STDC_HEADERS
| # include <stdlib.h>
| # include <stddef.h>
| #else
| # ifdef HAVE_STDLIB_H
| #  include <stdlib.h>
| # endif
| #endif
| #ifdef HAVE_STRING_H
| # if !defined STDC_HEADERS && defined HAVE_MEMORY_H
| #  include <memory.h>
| # endif
| # include <string.h>
| #endif
| #ifdef HAVE_STRINGS_H
| # include <strings.h>
| #endif
| #ifdef HAVE_INTTYPES_H
| # include <inttypes.h>
| #endif
| #ifdef HAVE_STDINT_H
| # include <stdint.h>
| #endif
| #ifdef HAVE_UNISTD_H
| # include <unistd.h>
| #endif
| #include <execinfo.h>
configure:11751: result: no
configure:11751: checking execinfo.h presence
configure:11751: arm-elf-gcc -E  conftest.c
conftest.c:23:22: fatal error: execinfo.h: No such file or directory
compilation terminated.
configure:11751: $? = 1
configure: failed program was:
| /* confdefs.h */
| #define PACKAGE_NAME "libosmocore"
| #define PACKAGE_TARNAME "libosmocore"
| #define PACKAGE_VERSION "UNKNOWN"
| #define PACKAGE_STRING "libosmocore UNKNOWN"
| #define PACKAGE_BUGREPORT "openbsc@lists.osmocom.org"
| #define PACKAGE_URL ""
| #define PACKAGE "libosmocore"
| #define VERSION "UNKNOWN"
| #define STDC_HEADERS 1
| #define HAVE_SYS_TYPES_H 1
| #define HAVE_SYS_STAT_H 1
| #define HAVE_STDLIB_H 1
| #define HAVE_STRING_H 1
| #define HAVE_MEMORY_H 1
| #define HAVE_STRINGS_H 1
| #define HAVE_INTTYPES_H 1
| #define HAVE_STDINT_H 1
| #define HAVE_UNISTD_H 1
| #define LT_OBJDIR ".libs/"
| #define STDC_HEADERS 1
| /* end confdefs.h.  */
| #include <execinfo.h>
configure:11751: result: no
configure:11751: checking for execinfo.h
configure:11751: result: no
configure:11751: checking for sys/select.h
configure:11751: result: no
configure:11751: checking for sys/socket.h
configure:11751: result: no
configure:11751: checking syslog.h usability
configure:11751: arm-elf-gcc -c -Os -ffunction-sections -I/home/phd/osmocom-bb-master/src/target/firmware/include -nostartfiles -nodefaultlibs  conftest.c >&5
conftest.c:56:20: fatal error: syslog.h: No such file or directory
compilation terminated.
configure:11751: $? = 1
configure: failed program was:
| /* confdefs.h */
| #define PACKAGE_NAME "libosmocore"
| #define PACKAGE_TARNAME "libosmocore"
| #define PACKAGE_VERSION "UNKNOWN"
| #define PACKAGE_STRING "libosmocore UNKNOWN"
| #define PACKAGE_BUGREPORT "openbsc@lists.osmocom.org"
| #define PACKAGE_URL ""
| #define PACKAGE "libosmocore"
| #define VERSION "UNKNOWN"
| #define STDC_HEADERS 1
| #define HAVE_SYS_TYPES_H 1
| #define HAVE_SYS_STAT_H 1
| #define HAVE_STDLIB_H 1
| #define HAVE_STRING_H 1
| #define HAVE_MEMORY_H 1
| #define HAVE_STRINGS_H 1
| #define HAVE_INTTYPES_H 1
| #define HAVE_STDINT_H 1
| #define HAVE_UNISTD_H 1
| #define LT_OBJDIR ".libs/"
| #define STDC_HEADERS 1
| /* end confdefs.h.  */
| #include <stdio.h>
| #ifdef HAVE_SYS_TYPES_H
| # include <sys/types.h>
| #endif
| #ifdef HAVE_SYS_STAT_H
| # include <sys/stat.h>
| #endif
| #ifdef STDC_HEADERS
| # include <stdlib.h>
| # include <stddef.h>
| #else
| # ifdef HAVE_STDLIB_H
| #  include <stdlib.h>
| # endif
| #endif
| #ifdef HAVE_STRING_H
| # if !defined STDC_HEADERS && defined HAVE_MEMORY_H
| #  include <memory.h>
| # endif
| # include <string.h>
| #endif
| #ifdef HAVE_STRINGS_H
| # include <strings.h>
| #endif
| #ifdef HAVE_INTTYPES_H
| # include <inttypes.h>
| #endif
| #ifdef HAVE_STDINT_H
| # include <stdint.h>
| #endif
| #ifdef HAVE_UNISTD_H
| # include <unistd.h>
| #endif
| #include <syslog.h>
configure:11751: result: no
configure:11751: checking syslog.h presence
configure:11751: arm-elf-gcc -E  conftest.c
conftest.c:23:20: fatal error: syslog.h: No such file or directory
compilation terminated.
configure:11751: $? = 1
configure: failed program was:
| /* confdefs.h */
| #define PACKAGE_NAME "libosmocore"
| #define PACKAGE_TARNAME "libosmocore"
| #define PACKAGE_VERSION "UNKNOWN"
| #define PACKAGE_STRING "libosmocore UNKNOWN"
| #define PACKAGE_BUGREPORT "openbsc@lists.osmocom.org"
| #define PACKAGE_URL ""
| #define PACKAGE "libosmocore"
| #define VERSION "UNKNOWN"
| #define STDC_HEADERS 1
| #define HAVE_SYS_TYPES_H 1
| #define HAVE_SYS_STAT_H 1
| #define HAVE_STDLIB_H 1
| #define HAVE_STRING_H 1
| #define HAVE_MEMORY_H 1
| #define HAVE_STRINGS_H 1
| #define HAVE_INTTYPES_H 1
| #define HAVE_STDINT_H 1
| #define HAVE_UNISTD_H 1
| #define LT_OBJDIR ".libs/"
| #define STDC_HEADERS 1
| /* end confdefs.h.  */
| #include <syslog.h>
configure:11751: result: no
configure:11751: checking for syslog.h
configure:11751: result: no
configure:11751: checking ctype.h usability
configure:11751: arm-elf-gcc -c -Os -ffunction-sections -I/home/phd/osmocom-bb-master/src/target/firmware/include -nostartfiles -nodefaultlibs  conftest.c >&5
configure:11751: $? = 0
configure:11751: result: yes
configure:11751: checking ctype.h presence
configure:11751: arm-elf-gcc -E  conftest.c
configure:11751: $? = 0
configure:11751: result: yes
configure:11751: checking for ctype.h
configure:11751: result: yes
configure:11762: checking for size_t
configure:11762: arm-elf-gcc -c -Os -ffunction-sections -I/home/phd/osmocom-bb-master/src/target/firmware/include -nostartfiles -nodefaultlibs  conftest.c >&5
configure:11762: $? = 0
configure:11762: arm-elf-gcc -c -Os -ffunction-sections -I/home/phd/osmocom-bb-master/src/target/firmware/include -nostartfiles -nodefaultlibs  conftest.c >&5
conftest.c: In function 'main':
conftest.c:60:21: error: expected expression before ')' token
configure:11762: $? = 1
configure: failed program was:
| /* confdefs.h */
| #define PACKAGE_NAME "libosmocore"
| #define PACKAGE_TARNAME "libosmocore"
| #define PACKAGE_VERSION "UNKNOWN"
| #define PACKAGE_STRING "libosmocore UNKNOWN"
| #define PACKAGE_BUGREPORT "openbsc@lists.osmocom.org"
| #define PACKAGE_URL ""
| #define PACKAGE "libosmocore"
| #define VERSION "UNKNOWN"
| #define STDC_HEADERS 1
| #define HAVE_SYS_TYPES_H 1
| #define HAVE_SYS_STAT_H 1
| #define HAVE_STDLIB_H 1
| #define HAVE_STRING_H 1
| #define HAVE_MEMORY_H 1
| #define HAVE_STRINGS_H 1
| #define HAVE_INTTYPES_H 1
| #define HAVE_STDINT_H 1
| #define HAVE_UNISTD_H 1
| #define LT_OBJDIR ".libs/"
| #define STDC_HEADERS 1
| #define HAVE_CTYPE_H 1
| /* end confdefs.h.  */
| #include <stdio.h>
| #ifdef HAVE_SYS_TYPES_H
| # include <sys/types.h>
| #endif
| #ifdef HAVE_SYS_STAT_H
| # include <sys/stat.h>
| #endif
| #ifdef STDC_HEADERS
| # include <stdlib.h>
| # include <stddef.h>
| #else
| # ifdef HAVE_STDLIB_H
| #  include <stdlib.h>
| # endif
| #endif
| #ifdef HAVE_STRING_H
| # if !defined STDC_HEADERS && defined HAVE_MEMORY_H
| #  include <memory.h>
| # endif
| # include <string.h>
| #endif
| #ifdef HAVE_STRINGS_H
| # include <strings.h>
| #endif
| #ifdef HAVE_INTTYPES_H
| # include <inttypes.h>
| #endif
| #ifdef HAVE_STDINT_H
| # include <stdint.h>
| #endif
| #ifdef HAVE_UNISTD_H
| # include <unistd.h>
| #endif
| int
| main ()
| {
| if (sizeof ((size_t)))
| 	    return 0;
|   ;
|   return 0;
| }
configure:11762: result: yes
configure:11775: checking for working alloca.h
configure:11792: arm-elf-gcc -o conftest -Os -ffunction-sections -I/home/phd/osmocom-bb-master/src/target/firmware/include -nostartfiles -nodefaultlibs   conftest.c  >&5
/home/phd/toolchain/install/lib/gcc/arm-elf/4.5.2/../../../../arm-elf/bin/ld: warning: cannot find entry symbol _start; defaulting to 0000000000008000
configure:11792: $? = 0
configure:11800: result: yes
configure:11808: checking for alloca
configure:11845: arm-elf-gcc -o conftest -Os -ffunction-sections -I/home/phd/osmocom-bb-master/src/target/firmware/include -nostartfiles -nodefaultlibs   conftest.c  >&5
/home/phd/toolchain/install/lib/gcc/arm-elf/4.5.2/../../../../arm-elf/bin/ld: warning: cannot find entry symbol _start; defaulting to 0000000000008000
configure:11845: $? = 0
configure:11853: result: yes
configure:11959: checking for library containing dlopen
configure:11990: arm-elf-gcc -o conftest -Os -ffunction-sections -I/home/phd/osmocom-bb-master/src/target/firmware/include -nostartfiles -nodefaultlibs   conftest.c  >&5
/home/phd/toolchain/install/lib/gcc/arm-elf/4.5.2/../../../../arm-elf/bin/ld: warning: cannot find entry symbol _start; defaulting to 0000000000008000
/tmp/ccojvvXl.o: In function `main':
conftest.c:(.text.main+0x4): undefined reference to `dlopen'
collect2: ld returned 1 exit status
configure:11990: $? = 1
configure: failed program was:
| /* confdefs.h */
| #define PACKAGE_NAME "libosmocore"
| #define PACKAGE_TARNAME "libosmocore"
| #define PACKAGE_VERSION "UNKNOWN"
| #define PACKAGE_STRING "libosmocore UNKNOWN"
| #define PACKAGE_BUGREPORT "openbsc@lists.osmocom.org"
| #define PACKAGE_URL ""
| #define PACKAGE "libosmocore"
| #define VERSION "UNKNOWN"
| #define STDC_HEADERS 1
| #define HAVE_SYS_TYPES_H 1
| #define HAVE_SYS_STAT_H 1
| #define HAVE_STDLIB_H 1
| #define HAVE_STRING_H 1
| #define HAVE_MEMORY_H 1
| #define HAVE_STRINGS_H 1
| #define HAVE_INTTYPES_H 1
| #define HAVE_STDINT_H 1
| #define HAVE_UNISTD_H 1
| #define LT_OBJDIR ".libs/"
| #define STDC_HEADERS 1
| #define HAVE_CTYPE_H 1
| #define HAVE_ALLOCA_H 1
| #define HAVE_ALLOCA 1
| /* end confdefs.h.  */
| 
| /* Override any GCC internal prototype to avoid an error.
|    Use char because int might match the return type of a GCC
|    builtin and then its argument prototype would still apply.  */
| #ifdef __cplusplus
| extern "C"
| #endif
| char dlopen ();
| int
| main ()
| {
| return dlopen ();
|   ;
|   return 0;
| }
configure:11990: arm-elf-gcc -o conftest -Os -ffunction-sections -I/home/phd/osmocom-bb-master/src/target/firmware/include -nostartfiles -nodefaultlibs   conftest.c -ldl   >&5
/home/phd/toolchain/install/lib/gcc/arm-elf/4.5.2/../../../../arm-elf/bin/ld: cannot find -ldl
collect2: ld returned 1 exit status
configure:11990: $? = 1
configure: failed program was:
| /* confdefs.h */
| #define PACKAGE_NAME "libosmocore"
| #define PACKAGE_TARNAME "libosmocore"
| #define PACKAGE_VERSION "UNKNOWN"
| #define PACKAGE_STRING "libosmocore UNKNOWN"
| #define PACKAGE_BUGREPORT "openbsc@lists.osmocom.org"
| #define PACKAGE_URL ""
| #define PACKAGE "libosmocore"
| #define VERSION "UNKNOWN"
| #define STDC_HEADERS 1
| #define HAVE_SYS_TYPES_H 1
| #define HAVE_SYS_STAT_H 1
| #define HAVE_STDLIB_H 1
| #define HAVE_STRING_H 1
| #define HAVE_MEMORY_H 1
| #define HAVE_STRINGS_H 1
| #define HAVE_INTTYPES_H 1
| #define HAVE_STDINT_H 1
| #define HAVE_UNISTD_H 1
| #define LT_OBJDIR ".libs/"
| #define STDC_HEADERS 1
| #define HAVE_CTYPE_H 1
| #define HAVE_ALLOCA_H 1
| #define HAVE_ALLOCA 1
| /* end confdefs.h.  */
| 
| /* Override any GCC internal prototype to avoid an error.
|    Use char because int might match the return type of a GCC
|    builtin and then its argument prototype would still apply.  */
| #ifdef __cplusplus
| extern "C"
| #endif
| char dlopen ();
| int
| main ()
| {
| return dlopen ();
|   ;
|   return 0;
| }
configure:11990: arm-elf-gcc -o conftest -Os -ffunction-sections -I/home/phd/osmocom-bb-master/src/target/firmware/include -nostartfiles -nodefaultlibs   conftest.c -ldld   >&5
/home/phd/toolchain/install/lib/gcc/arm-elf/4.5.2/../../../../arm-elf/bin/ld: cannot find -ldld
collect2: ld returned 1 exit status
configure:11990: $? = 1
configure: failed program was:
| /* confdefs.h */
| #define PACKAGE_NAME "libosmocore"
| #define PACKAGE_TARNAME "libosmocore"
| #define PACKAGE_VERSION "UNKNOWN"
| #define PACKAGE_STRING "libosmocore UNKNOWN"
| #define PACKAGE_BUGREPORT "openbsc@lists.osmocom.org"
| #define PACKAGE_URL ""
| #define PACKAGE "libosmocore"
| #define VERSION "UNKNOWN"
| #define STDC_HEADERS 1
| #define HAVE_SYS_TYPES_H 1
| #define HAVE_SYS_STAT_H 1
| #define HAVE_STDLIB_H 1
| #define HAVE_STRING_H 1
| #define HAVE_MEMORY_H 1
| #define HAVE_STRINGS_H 1
| #define HAVE_INTTYPES_H 1
| #define HAVE_STDINT_H 1
| #define HAVE_UNISTD_H 1
| #define LT_OBJDIR ".libs/"
| #define STDC_HEADERS 1
| #define HAVE_CTYPE_H 1
| #define HAVE_ALLOCA_H 1
| #define HAVE_ALLOCA 1
| /* end confdefs.h.  */
| 
| /* Override any GCC internal prototype to avoid an error.
|    Use char because int might match the return type of a GCC
|    builtin and then its argument prototype would still apply.  */
| #ifdef __cplusplus
| extern "C"
| #endif
| char dlopen ();
| int
| main ()
| {
| return dlopen ();
|   ;
|   return 0;
| }
configure:12007: result: no
configure:12019: checking for doxygen
configure:12037: found /usr/bin/doxygen
configure:12050: result: /usr/bin/doxygen
configure:12070: checking if arm-elf-gcc supports -fvisibility=hidden
configure:12076: arm-elf-gcc -c -Os -ffunction-sections -I/home/phd/osmocom-bb-master/src/target/firmware/include -nostartfiles -nodefaultlibs -fvisibility=hidden   conftest.c >&5
configure:12076: $? = 0
configure:12077: result: yes
configure:12091: checking whether struct tm has tm_gmtoff member
configure:12115: arm-elf-gcc -o conftest -Os -ffunction-sections -I/home/phd/osmocom-bb-master/src/target/firmware/include -nostartfiles -nodefaultlibs   conftest.c  >&5
conftest.c: In function 'main':
conftest.c:36:21: error: 'struct tm' has no member named 'tm_gmtoff'
configure:12115: $? = 1
configure: failed program was:
| /* confdefs.h */
| #define PACKAGE_NAME "libosmocore"
| #define PACKAGE_TARNAME "libosmocore"
| #define PACKAGE_VERSION "UNKNOWN"
| #define PACKAGE_STRING "libosmocore UNKNOWN"
| #define PACKAGE_BUGREPORT "openbsc@lists.osmocom.org"
| #define PACKAGE_URL ""
| #define PACKAGE "libosmocore"
| #define VERSION "UNKNOWN"
| #define STDC_HEADERS 1
| #define HAVE_SYS_TYPES_H 1
| #define HAVE_SYS_STAT_H 1
| #define HAVE_STDLIB_H 1
| #define HAVE_STRING_H 1
| #define HAVE_MEMORY_H 1
| #define HAVE_STRINGS_H 1
| #define HAVE_INTTYPES_H 1
| #define HAVE_STDINT_H 1
| #define HAVE_UNISTD_H 1
| #define LT_OBJDIR ".libs/"
| #define STDC_HEADERS 1
| #define HAVE_CTYPE_H 1
| #define HAVE_ALLOCA_H 1
| #define HAVE_ALLOCA 1
| /* end confdefs.h.  */
| 
| 
|         #include <time.h>
| 
| int
| main ()
| {
| 
|         time_t t = time(NULL);
|         struct tm* lt = localtime(&t);
|         int off = lt->tm_gmtoff;
| 
|   ;
|   return 0;
| }
| 
configure:12125: result: no
configure:12461: checking that generated files are newer than configure
configure:12467: result: done
configure:12550: creating ./config.status

## ---------------------- ##
## Running config.status. ##
## ---------------------- ##

This file was extended by libosmocore config.status UNKNOWN, which was
generated by GNU Autoconf 2.69.  Invocation command line was

  CONFIG_FILES    = 
  CONFIG_HEADERS  = 
  CONFIG_LINKS    = 
  CONFIG_COMMANDS = 
  $ ./config.status 

on ubuntu

config.status:1124: creating libosmocore.pc
config.status:1124: creating libosmocodec.pc
config.status:1124: creating libosmovty.pc
config.status:1124: creating libosmogsm.pc
config.status:1124: creating libosmogb.pc
config.status:1124: creating include/Makefile
config.status:1124: creating src/Makefile
config.status:1124: creating src/vty/Makefile
config.status:1124: creating src/codec/Makefile
config.status:1124: creating src/gsm/Makefile
config.status:1124: creating src/gb/Makefile
config.status:1124: creating tests/Makefile
config.status:1124: creating utils/Makefile
config.status:1124: creating Doxyfile.core
config.status:1124: creating Doxyfile.gsm
config.status:1124: creating Doxyfile.vty
config.status:1124: creating Doxyfile.codec
config.status:1124: creating Makefile
config.status:1124: creating config.h
config.status:1290: config.h is unchanged
config.status:1338: executing tests/atconfig commands
config.status:1338: executing depfiles commands
config.status:1338: executing libtool commands
configure:14812: WARNING: unrecognized options: --disable-tests, --disable-tests

## ---------------- ##
## Cache variables. ##
## ---------------- ##

ac_cv_build=x86_64-unknown-linux-gnu
ac_cv_c_compiler_gnu=yes
ac_cv_env_CC_set=
ac_cv_env_CC_value=
ac_cv_env_CFLAGS_set=set
ac_cv_env_CFLAGS_value='-Os -ffunction-sections -I/home/phd/osmocom-bb-master/src/target/firmware/include -nostartfiles -nodefaultlibs'
ac_cv_env_CPPFLAGS_set=
ac_cv_env_CPPFLAGS_value=
ac_cv_env_CPP_set=
ac_cv_env_CPP_value=
ac_cv_env_LDFLAGS_set=
ac_cv_env_LDFLAGS_value=
ac_cv_env_LIBS_set=
ac_cv_env_LIBS_value=
ac_cv_env_build_alias_set=
ac_cv_env_build_alias_value=
ac_cv_env_host_alias_set=set
ac_cv_env_host_alias_value=arm-elf
ac_cv_env_target_alias_set=
ac_cv_env_target_alias_value=
ac_cv_func_alloca_works=yes
ac_cv_header_ctype_h=yes
ac_cv_header_dlfcn_h=no
ac_cv_header_execinfo_h=no
ac_cv_header_inttypes_h=yes
ac_cv_header_memory_h=yes
ac_cv_header_stdc=yes
ac_cv_header_stdint_h=yes
ac_cv_header_stdlib_h=yes
ac_cv_header_string_h=yes
ac_cv_header_strings_h=yes
ac_cv_header_sys_select_h=no
ac_cv_header_sys_socket_h=no
ac_cv_header_sys_stat_h=yes
ac_cv_header_sys_types_h=yes
ac_cv_header_syslog_h=no
ac_cv_header_unistd_h=yes
ac_cv_host=arm-unknown-elf
ac_cv_objext=o
ac_cv_path_DOXYGEN=/usr/bin/doxygen
ac_cv_path_EGREP='/bin/grep -E'
ac_cv_path_FGREP='/bin/grep -F'
ac_cv_path_GREP=/bin/grep
ac_cv_path_SED=/bin/sed
ac_cv_path_install='/usr/bin/install -c'
ac_cv_path_mkdir=/bin/mkdir
ac_cv_prog_AR=arm-elf-ar
ac_cv_prog_AWK=mawk
ac_cv_prog_CC=arm-elf-gcc
ac_cv_prog_CPP='arm-elf-gcc -E'
ac_cv_prog_OBJDUMP=arm-elf-objdump
ac_cv_prog_RANLIB=arm-elf-ranlib
ac_cv_prog_STRIP=arm-elf-strip
ac_cv_prog_ac_ct_MANIFEST_TOOL=mt
ac_cv_prog_cc_c89=
ac_cv_prog_cc_g=yes
ac_cv_prog_make_make_set=yes
ac_cv_search_dlopen=no
ac_cv_type_size_t=yes
ac_cv_working_alloca_h=yes
am_cv_CC_dependencies_compiler_type=gcc3
am_cv_make_support_nested_variables=yes
am_cv_prog_cc_c_o=yes
lt_cv_ar_at_file=@
lt_cv_deplibs_check_method=unknown
lt_cv_file_magic_cmd='$MAGIC_CMD'
lt_cv_file_magic_test_file=
lt_cv_ld_reload_flag=-r
lt_cv_nm_interface='BSD nm'
lt_cv_objdir=.libs
lt_cv_path_LD=/home/phd/toolchain/install/arm-elf/bin/ld
lt_cv_path_NM='/home/phd/toolchain/install/bin/arm-elf-nm -B'
lt_cv_path_mainfest_tool=no
lt_cv_prog_compiler_c_o=yes
lt_cv_prog_compiler_pic='-fPIC -DPIC'
lt_cv_prog_compiler_pic_works=yes
lt_cv_prog_compiler_rtti_exceptions=no
lt_cv_prog_compiler_static_works=yes
lt_cv_prog_gnu_ld=yes
lt_cv_sharedlib_from_linklib_cmd='printf %s\n'
lt_cv_sys_global_symbol_pipe='sed -n -e '\''s/^.*[	 ]\([ABCDGIRSTW][ABCDGIRSTW]*\)[	 ][	 ]*\([_A-Za-z][_A-Za-z0-9]*\)$/\1 \2 \2/p'\'' | sed '\''/ __gnu_lto/d'\'''
lt_cv_sys_global_symbol_to_c_name_address='sed -n -e '\''s/^: \([^ ]*\)[ ]*$/  {\"\1\", (void *) 0},/p'\'' -e '\''s/^[ABCDGIRSTW]* \([^ ]*\) \([^ ]*\)$/  {"\2", (void *) \&\2},/p'\'''
lt_cv_sys_global_symbol_to_c_name_address_lib_prefix='sed -n -e '\''s/^: \([^ ]*\)[ ]*$/  {\"\1\", (void *) 0},/p'\'' -e '\''s/^[ABCDGIRSTW]* \([^ ]*\) \(lib[^ ]*\)$/  {"\2", (void *) \&\2},/p'\'' -e '\''s/^[ABCDGIRSTW]* \([^ ]*\) \([^ ]*\)$/  {"lib\2", (void *) \&\2},/p'\'''
lt_cv_sys_global_symbol_to_cdecl='sed -n -e '\''s/^T .* \(.*\)$/extern int \1();/p'\'' -e '\''s/^[ABCDGIRSTW]* .* \(.*\)$/extern char \1;/p'\'''
lt_cv_sys_max_cmd_len=3458764513820540925
lt_cv_to_host_file_cmd=func_convert_file_noop
lt_cv_to_tool_file_cmd=func_convert_file_noop
osmo_cv_tm_includes_tm_gmtoff=no

## ----------------- ##
## Output variables. ##
## ----------------- ##

ACLOCAL='${SHELL} /home/phd/osmocom-bb-master/src/shared/libosmocore/missing aclocal-1.14'
ALLOCA=''
AMDEPBACKSLASH='\'
AMDEP_FALSE='#'
AMDEP_TRUE=''
AMTAR='$${TAR-tar}'
AM_BACKSLASH='\'
AM_DEFAULT_V='$(AM_DEFAULT_VERBOSITY)'
AM_DEFAULT_VERBOSITY='0'
AM_V='$(V)'
AR='arm-elf-ar'
AUTOCONF='${SHELL} /home/phd/osmocom-bb-master/src/shared/libosmocore/missing autoconf'
AUTOHEADER='${SHELL} /home/phd/osmocom-bb-master/src/shared/libosmocore/missing autoheader'
AUTOMAKE='${SHELL} /home/phd/osmocom-bb-master/src/shared/libosmocore/missing automake-1.14'
AWK='mawk'
CC='arm-elf-gcc'
CCDEPMODE='depmode=gcc3'
CFLAGS='-Os -ffunction-sections -I/home/phd/osmocom-bb-master/src/target/firmware/include -nostartfiles -nodefaultlibs'
CPP='arm-elf-gcc -E'
CPPFLAGS=''
CYGPATH_W='echo'
DEFS='-DHAVE_CONFIG_H'
DEPDIR='.deps'
DLLTOOL='false'
DOXYGEN='/usr/bin/doxygen'
DSYMUTIL=''
DUMPBIN=''
ECHO_C=''
ECHO_N='-n'
ECHO_T=''
EGREP='/bin/grep -E'
ENABLE_GB_FALSE=''
ENABLE_GB_TRUE='#'
ENABLE_MSGFILE_FALSE=''
ENABLE_MSGFILE_TRUE='#'
ENABLE_PLUGIN_FALSE=''
ENABLE_PLUGIN_TRUE='#'
ENABLE_SERIAL_FALSE=''
ENABLE_SERIAL_TRUE='#'
ENABLE_TALLOC_FALSE=''
ENABLE_TALLOC_TRUE='#'
ENABLE_UTILITIES_FALSE=''
ENABLE_UTILITIES_TRUE='#'
ENABLE_VTY_FALSE=''
ENABLE_VTY_TRUE='#'
EXEEXT=''
FGREP='/bin/grep -F'
GREP='/bin/grep'
HAVE_DOXYGEN_FALSE='#'
HAVE_DOXYGEN_TRUE=''
INSTALL_DATA='${INSTALL} -m 644'
INSTALL_PROGRAM='${INSTALL}'
INSTALL_SCRIPT='${INSTALL}'
INSTALL_STRIP_PROGRAM='$(install_sh) -c -s'
LD='/home/phd/toolchain/install/arm-elf/bin/ld'
LDFLAGS=''
LIBOBJS=''
LIBRARY_DL=''
LIBS=''
LIBTOOL='$(SHELL) $(top_builddir)/libtool'
LIPO=''
LN_S='ln -s'
LTLDFLAGS_OSMOGB='-Wl,--version-script=$(srcdir)/libosmogb.map'
LTLDFLAGS_OSMOGSM='-Wl,--version-script=$(srcdir)/libosmogsm.map'
LTLIBOBJS=''
MAKEINFO='${SHELL} /home/phd/osmocom-bb-master/src/shared/libosmocore/missing makeinfo'
MANIFEST_TOOL=':'
MKDIR_P='/bin/mkdir -p'
NM='/home/phd/toolchain/install/bin/arm-elf-nm -B'
NMEDIT=''
OBJDUMP='arm-elf-objdump'
OBJEXT='o'
OTOOL64=''
OTOOL=''
PACKAGE='libosmocore'
PACKAGE_BUGREPORT='openbsc@lists.osmocom.org'
PACKAGE_NAME='libosmocore'
PACKAGE_STRING='libosmocore UNKNOWN'
PACKAGE_TARNAME='libosmocore'
PACKAGE_URL=''
PACKAGE_VERSION='UNKNOWN'
PATH_SEPARATOR=':'
RANLIB='arm-elf-ranlib'
SED='/bin/sed'
SET_MAKE=''
SHELL='/bin/bash'
STRIP='arm-elf-strip'
SYMBOL_VISIBILITY='-fvisibility=hidden'
VERSION='UNKNOWN'
ac_ct_AR=''
ac_ct_CC=''
ac_ct_DUMPBIN=''
am__EXEEXT_FALSE=''
am__EXEEXT_TRUE='#'
am__fastdepCC_FALSE='#'
am__fastdepCC_TRUE=''
am__include='include'
am__isrc=' -I$(srcdir)'
am__leading_dot='.'
am__nodep='_no'
am__quote=''
am__tar='$${TAR-tar} chof - "$$tardir"'
am__untar='$${TAR-tar} xf -'
bindir='${exec_prefix}/bin'
build='x86_64-unknown-linux-gnu'
build_alias=''
build_cpu='x86_64'
build_os='linux-gnu'
build_vendor='unknown'
datadir='${datarootdir}'
datarootdir='${prefix}/share'
docdir='${datarootdir}/doc/${PACKAGE_TARNAME}'
dvidir='${docdir}'
exec_prefix='${prefix}'
host='arm-unknown-elf'
host_alias='arm-elf'
host_cpu='arm'
host_os='elf'
host_vendor='unknown'
htmldir='${docdir}'
includedir='${prefix}/include'
infodir='${datarootdir}/info'
install_sh='${SHELL} /home/phd/osmocom-bb-master/src/shared/libosmocore/install-sh'
libdir='${exec_prefix}/lib'
libexecdir='${exec_prefix}/libexec'
localedir='${datarootdir}/locale'
localstatedir='${prefix}/var'
mandir='${datarootdir}/man'
mkdir_p='$(MKDIR_P)'
oldincludedir='/usr/include'
pdfdir='${docdir}'
prefix='/usr/local'
program_transform_name='s,x,x,'
psdir='${docdir}'
sbindir='${exec_prefix}/sbin'
sharedstatedir='${prefix}/com'
sysconfdir='${prefix}/etc'
target_alias=''

## ----------- ##
## confdefs.h. ##
## ----------- ##

/* confdefs.h */
#define PACKAGE_NAME "libosmocore"
#define PACKAGE_TARNAME "libosmocore"
#define PACKAGE_VERSION "UNKNOWN"
#define PACKAGE_STRING "libosmocore UNKNOWN"
#define PACKAGE_BUGREPORT "openbsc@lists.osmocom.org"
#define PACKAGE_URL ""
#define PACKAGE "libosmocore"
#define VERSION "UNKNOWN"
#define STDC_HEADERS 1
#define HAVE_SYS_TYPES_H 1
#define HAVE_SYS_STAT_H 1
#define HAVE_STDLIB_H 1
#define HAVE_STRING_H 1
#define HAVE_MEMORY_H 1
#define HAVE_STRINGS_H 1
#define HAVE_INTTYPES_H 1
#define HAVE_STDINT_H 1
#define HAVE_UNISTD_H 1
#define LT_OBJDIR ".libs/"
#define STDC_HEADERS 1
#define HAVE_CTYPE_H 1
#define HAVE_ALLOCA_H 1
#define HAVE_ALLOCA 1
#define BSC_FD_CHECK 1
#define EMBEDDED 1
#define PANIC_INFLOOP 1

configure: exit 0

## ---------------------- ##
## Running config.status. ##
## ---------------------- ##

This file was extended by libosmocore config.status UNKNOWN, which was
generated by GNU Autoconf 2.69.  Invocation command line was

  CONFIG_FILES    = 
  CONFIG_HEADERS  = 
  CONFIG_LINKS    = 
  CONFIG_COMMANDS = 
  $ ./config.status Doxyfile.core

on ubuntu

config.status:1124: creating Doxyfile.core
