   1              		.file	"main.c"
   9              	.Ltext0:
  10              		.cfi_sections	.debug_frame
  11              		.section	.text.main,"ax",%progbits
  12              		.align	2
  13              		.global	main
  15              	main:
  16              	.LFB1:
  17              		.file 1 "apps/chainload/main.c"
   1:apps/chainload/main.c **** /* Compal ramloader -> Calypso romloader Chainloading application */
   2:apps/chainload/main.c **** 
   3:apps/chainload/main.c **** /* (C) 2010 by Steve Markgraf <steve@steve-m.de>
   4:apps/chainload/main.c ****  *
   5:apps/chainload/main.c ****  * All Rights Reserved
   6:apps/chainload/main.c ****  *
   7:apps/chainload/main.c ****  * This program is free software; you can redistribute it and/or modify
   8:apps/chainload/main.c ****  * it under the terms of the GNU General Public License as published by
   9:apps/chainload/main.c ****  * the Free Software Foundation; either version 2 of the License, or
  10:apps/chainload/main.c ****  * (at your option) any later version.
  11:apps/chainload/main.c ****  *
  12:apps/chainload/main.c ****  * This program is distributed in the hope that it will be useful,
  13:apps/chainload/main.c ****  * but WITHOUT ANY WARRANTY; without even the implied warranty of
  14:apps/chainload/main.c ****  * MERCHANTABILITY or FITNESS FOR A PARTICULAR PURPOSE.  See the
  15:apps/chainload/main.c ****  * GNU General Public License for more details.
  16:apps/chainload/main.c ****  *
  17:apps/chainload/main.c ****  * You should have received a copy of the GNU General Public License along
  18:apps/chainload/main.c ****  * with this program; if not, write to the Free Software Foundation, Inc.,
  19:apps/chainload/main.c ****  * 51 Franklin Street, Fifth Floor, Boston, MA 02110-1301 USA.
  20:apps/chainload/main.c ****  *
  21:apps/chainload/main.c ****  */
  22:apps/chainload/main.c **** 
  23:apps/chainload/main.c **** #include <stdint.h>
  24:apps/chainload/main.c **** #include <stdio.h>
  25:apps/chainload/main.c **** #include <string.h>
  26:apps/chainload/main.c **** 
  27:apps/chainload/main.c **** #include <debug.h>
  28:apps/chainload/main.c **** #include <memory.h>
  29:apps/chainload/main.c **** #include <delay.h>
  30:apps/chainload/main.c **** 
  31:apps/chainload/main.c **** #include <calypso/clock.h>
  32:apps/chainload/main.c **** 
  33:apps/chainload/main.c **** /* Main Program */
  34:apps/chainload/main.c **** 
  35:apps/chainload/main.c **** static void device_enter_loader(unsigned char bootrom) {
  36:apps/chainload/main.c **** 	calypso_bootrom(bootrom);
  37:apps/chainload/main.c **** 	void (*entry)( void ) = (void (*)(void))0;
  38:apps/chainload/main.c **** 	entry();
  39:apps/chainload/main.c **** }
  40:apps/chainload/main.c **** 
  41:apps/chainload/main.c **** int main(void)
  42:apps/chainload/main.c **** {
  18              		.loc 1 42 0
  19              		.cfi_startproc
  20              		@ args = 0, pretend = 0, frame = 0
  21              		@ frame_needed = 0, uses_anonymous_args = 0
  22 0000 04E02DE5 		str	lr, [sp, #-4]!
  23              	.LCFI0:
  24              		.cfi_def_cfa_offset 4
  43:apps/chainload/main.c **** 	/* Always disable wdt (some platforms enable it on boot) */
  44:apps/chainload/main.c **** 	wdog_enable(0);
  25              		.loc 1 44 0
  26 0004 0000A0E3 		mov	r0, #0
  27              		.cfi_offset 14, -4
  28 0008 FEFFFFEB 		bl	wdog_enable
  45:apps/chainload/main.c **** 
  46:apps/chainload/main.c **** 	/* enable Calypso romloader mapping and jump there */
  47:apps/chainload/main.c **** 	delay_ms(200);
  29              		.loc 1 47 0
  30 000c C800A0E3 		mov	r0, #200
  31 0010 FEFFFFEB 		bl	delay_ms
  32              	.LVL0:
  33              	.LBB4:
  34              	.LBB5:
  36:apps/chainload/main.c **** 	calypso_bootrom(bootrom);
  35              		.loc 1 36 0
  36 0014 0100A0E3 		mov	r0, #1
  37 0018 FEFFFFEB 		bl	calypso_bootrom
  38              	.LVL1:
  38:apps/chainload/main.c **** 	entry();
  39              		.loc 1 38 0
  40 001c 0030A0E3 		mov	r3, #0
  41 0020 0FE0A0E1 		mov	lr, pc
  42 0024 13FF2FE1 		bx	r3
  43              	.L2:
  44 0028 FEFFFFEA 		b	.L2
  45              	.LBE5:
  46              	.LBE4:
  47              		.cfi_endproc
  48              	.LFE1:
  50              		.text
  51              	.Letext0:
DEFINED SYMBOLS
                            *ABS*:0000000000000000 main.c
     /tmp/ccBBB0SC.s:12     .text.main:0000000000000000 $a
     /tmp/ccBBB0SC.s:15     .text.main:0000000000000000 main
                     .debug_frame:0000000000000010 $d

UNDEFINED SYMBOLS
wdog_enable
delay_ms
calypso_bootrom
