This file contains any messages produced by compilers while
running configure, to aid debugging if configure makes a mistake.

It was created by libosmocore configure UNKNOWN, which was
generated by GNU Autoconf 2.69.  Invocation command line was

  $ ../configure --host=arm-elf --enable-embedded --disable-shared --disable-tests ac_cv_header_sys_select_h=no --disable-tests ac_cv_header_sys_socket_h=no CFLAGS=-Os -ffunction-sections -I/home/phd/osmocom-bb/src/target/firmware/include -nostartfiles -nodefaultlibs

## --------- ##
## Platform. ##
## --------- ##

hostname = ubuntu
uname -m = x86_64
uname -r = 3.13.0-24-generic
uname -s = Linux
uname -v = #47-Ubuntu SMP Fri May 2 23:30:00 UTC 2014

/usr/bin/uname -p = unknown
/bin/uname -X     = unknown

/bin/arch              = unknown
/usr/bin/arch -k       = unknown
/usr/convex/getsysinfo = unknown
/usr/bin/hostinfo      = unknown
/bin/machine           = unknown
/usr/bin/oslevel       = unknown
/bin/universe          = unknown

PATH: /usr/local/sbin
PATH: /usr/local/bin
PATH: /usr/sbin
PATH: /usr/bin
PATH: /sbin
PATH: /bin
PATH: /usr/games
PATH: /usr/local/games
PATH: /home/phd/toolchain/install/bin


## ----------- ##
## Core tests. ##
## ----------- ##

configure:2347: checking for a BSD-compatible install
configure:2415: result: /usr/bin/install -c
configure:2426: checking whether build environment is sane
configure:2481: result: yes
configure:2540: checking for arm-elf-strip
configure:2556: found /home/phd/toolchain/install/bin/arm-elf-strip
configure:2567: result: arm-elf-strip
configure:2632: checking for a thread-safe mkdir -p
configure:2671: result: /bin/mkdir -p
configure:2678: checking for gawk
configure:2708: result: no
configure:2678: checking for mawk
configure:2694: found /usr/bin/mawk
configure:2705: result: mawk
configure:2716: checking whether make sets $(MAKE)
configure:2738: result: yes
configure:2767: checking whether make supports nested variables
configure:2784: result: yes
configure:2921: checking whether make supports nested variables
configure:2938: result: yes
configure:2950: checking whether make sets $(MAKE)
configure:2972: result: yes
configure:2989: checking for arm-elf-gcc
configure:3005: found /home/phd/toolchain/install/bin/arm-elf-gcc
configure:3016: result: arm-elf-gcc
configure:3285: checking for C compiler version
configure:3294: arm-elf-gcc --version >&5
arm-elf-gcc (GCC) 4.5.2
Copyright (C) 2010 Free Software Foundation, Inc.
This is free software; see the source for copying conditions.  There is NO
warranty; not even for MERCHANTABILITY or FITNESS FOR A PARTICULAR PURPOSE.

configure:3305: $? = 0
configure:3294: arm-elf-gcc -v >&5
Using built-in specs.
COLLECT_GCC=arm-elf-gcc
COLLECT_LTO_WRAPPER=/home/phd/toolchain/install/libexec/gcc/arm-elf/4.5.2/lto-wrapper
Target: arm-elf
Configured with: /home/phd/toolchain/src/gcc-4.5.2/configure --target=arm-elf --prefix=/home/phd/toolchain/install --enable-interwork --enable-multilib --with-float=soft --disable-werror --enable-languages=c,c++ --with-newlib --with-headers=/home/phd/toolchain/src/newlib-1.19.0/newlib/libc/include --with-system-zlib --disable-shared : (reconfigured) /home/phd/toolchain/src/gcc-4.5.2/configure --target=arm-elf --prefix=/home/phd/toolchain/install --enable-interwork --enable-multilib --with-float=soft --disable-werror --enable-languages=c,c++ --with-newlib --with-headers=/home/phd/toolchain/src/newlib-1.19.0/newlib/libc/include --with-system-zlib --disable-shared : (reconfigured) /home/phd/toolchain/src/gcc-4.5.2/configure --target=arm-elf --prefix=/home/phd/toolchain/install --enable-interwork --enable-multilib --with-float=soft --disable-werror --enable-languages=c,c++ --with-newlib --with-headers=/home/phd/toolchain/src/newlib-1.19.0/newlib/libc/include --with-system-zlib --disable-shared
Thread model: single
gcc version 4.5.2 (GCC) 
configure:3305: $? = 0
configure:3294: arm-elf-gcc -V >&5
arm-elf-gcc: '-V' option must have argument
configure:3305: $? = 1
configure:3294: arm-elf-gcc -qversion >&5
arm-elf-gcc: unrecognized option '-qversion'
arm-elf-gcc: no input files
configure:3305: $? = 1
configure:3325: checking whether the C compiler works
configure:3347: arm-elf-gcc -Os -ffunction-sections -I/home/phd/osmocom-bb/src/target/firmware/include -nostartfiles -nodefaultlibs   conftest.c  >&5
/home/phd/toolchain/install/lib/gcc/arm-elf/4.5.2/../../../../arm-elf/bin/ld: warning: cannot find entry symbol _start; defaulting to 0000000000008000
configure:3351: $? = 0
configure:3399: result: yes
configure:3402: checking for C compiler default output file name
configure:3404: result: a.out
configure:3410: checking for suffix of executables
configure:3417: arm-elf-gcc -o conftest -Os -ffunction-sections -I/home/phd/osmocom-bb/src/target/firmware/include -nostartfiles -nodefaultlibs   conftest.c  >&5
/home/phd/toolchain/install/lib/gcc/arm-elf/4.5.2/../../../../arm-elf/bin/ld: warning: cannot find entry symbol _start; defaulting to 0000000000008000
configure:3421: $? = 0
configure:3443: result: 
configure:3465: checking whether we are cross compiling
configure:3473: arm-elf-gcc -o conftest -Os -ffunction-sections -I/home/phd/osmocom-bb/src/target/firmware/include -nostartfiles -nodefaultlibs   conftest.c  >&5
conftest.c: In function 'main':
conftest.c:15:11: warning: initialization makes pointer from integer without a cast
/home/phd/toolchain/install/lib/gcc/arm-elf/4.5.2/../../../../arm-elf/bin/ld: warning: cannot find entry symbol _start; defaulting to 0000000000008000
/tmp/ccveDsXA.o: In function `main':
conftest.c:(.text.main+0xc): undefined reference to `fopen'
conftest.c:(.text.main+0x14): undefined reference to `ferror'
conftest.c:(.text.main+0x24): undefined reference to `fclose'
collect2: ld returned 1 exit status
configure:3477: $? = 1
configure:3484: ./conftest
../configure: line 3486: ./conftest: No such file or directory
configure:3488: $? = 127
configure:3503: result: yes
configure:3508: checking for suffix of object files
configure:3530: arm-elf-gcc -c -Os -ffunction-sections -I/home/phd/osmocom-bb/src/target/firmware/include -nostartfiles -nodefaultlibs  conftest.c >&5
configure:3534: $? = 0
configure:3555: result: o
configure:3559: checking whether we are using the GNU C compiler
configure:3578: arm-elf-gcc -c -Os -ffunction-sections -I/home/phd/osmocom-bb/src/target/firmware/include -nostartfiles -nodefaultlibs  conftest.c >&5
configure:3578: $? = 0
configure:3587: result: yes
configure:3596: checking whether arm-elf-gcc accepts -g
configure:3616: arm-elf-gcc -c -g  conftest.c >&5
configure:3616: $? = 0
configure:3657: result: yes
configure:3674: checking for arm-elf-gcc option to accept ISO C89
configure:3737: arm-elf-gcc  -c -Os -ffunction-sections -I/home/phd/osmocom-bb/src/target/firmware/include -nostartfiles -nodefaultlibs  conftest.c >&5
configure:3737: $? = 0
configure:3750: result: none needed
configure:3775: checking whether arm-elf-gcc understands -c and -o together
configure:3797: arm-elf-gcc -c conftest.c -o conftest2.o
configure:3800: $? = 0
configure:3797: arm-elf-gcc -c conftest.c -o conftest2.o
configure:3800: $? = 0
configure:3812: result: yes
configure:3840: checking for style of include used by make
configure:3868: result: GNU
configure:3894: checking dependency style of arm-elf-gcc
configure:4005: result: gcc3
configure:4050: checking build system type
configure:4064: result: x86_64-unknown-linux-gnu
configure:4084: checking host system type
configure:4097: result: arm-unknown-elf
configure:4138: checking how to print strings
configure:4165: result: printf
configure:4186: checking for a sed that does not truncate output
configure:4250: result: /bin/sed
configure:4268: checking for grep that handles long lines and -e
configure:4326: result: /bin/grep
configure:4331: checking for egrep
configure:4393: result: /bin/grep -E
configure:4398: checking for fgrep
configure:4460: result: /bin/grep -F
configure:4495: checking for ld used by arm-elf-gcc
configure:4562: result: /home/phd/toolchain/install/arm-elf/bin/ld
configure:4569: checking if the linker (/home/phd/toolchain/install/arm-elf/bin/ld) is GNU ld
configure:4584: result: yes
configure:4596: checking for BSD- or MS-compatible name lister (nm)
configure:4645: result: /home/phd/toolchain/install/bin/arm-elf-nm -B
configure:4775: checking the name lister (/home/phd/toolchain/install/bin/arm-elf-nm -B) interface
configure:4782: arm-elf-gcc -c -Os -ffunction-sections -I/home/phd/osmocom-bb/src/target/firmware/include -nostartfiles -nodefaultlibs  conftest.c >&5
configure:4785: /home/phd/toolchain/install/bin/arm-elf-nm -B "conftest.o"
configure:4788: output
00000000 B some_variable
configure:4795: result: BSD nm
configure:4798: checking whether ln -s works
configure:4802: result: yes
configure:4810: checking the maximum length of command line arguments
configure:4941: result: 3458764513820540925
configure:4958: checking whether the shell understands some XSI constructs
configure:4968: result: yes
configure:4972: checking whether the shell understands "+="
configure:4978: result: yes
configure:5013: checking how to convert x86_64-unknown-linux-gnu file names to arm-unknown-elf format
configure:5053: result: func_convert_file_noop
configure:5060: checking how to convert x86_64-unknown-linux-gnu file names to toolchain format
configure:5080: result: func_convert_file_noop
configure:5087: checking for /home/phd/toolchain/install/arm-elf/bin/ld option to reload object files
configure:5094: result: -r
configure:5128: checking for arm-elf-objdump
configure:5144: found /home/phd/toolchain/install/bin/arm-elf-objdump
configure:5155: result: arm-elf-objdump
configure:5227: checking how to recognize dependent libraries
configure:5425: result: unknown
configure:5470: checking for arm-elf-dlltool
configure:5500: result: no
configure:5510: checking for dlltool
configure:5540: result: no
configure:5570: checking how to associate runtime and link libraries
configure:5597: result: printf %s\n
configure:5614: checking for arm-elf-ar
configure:5630: found /home/phd/toolchain/install/bin/arm-elf-ar
configure:5641: result: arm-elf-ar
configure:5722: checking for archiver @FILE support
configure:5739: arm-elf-gcc -c -Os -ffunction-sections -I/home/phd/osmocom-bb/src/target/firmware/include -nostartfiles -nodefaultlibs  conftest.c >&5
configure:5739: $? = 0
configure:5742: arm-elf-ar cru libconftest.a @conftest.lst >&5
configure:5745: $? = 0
configure:5750: arm-elf-ar cru libconftest.a @conftest.lst >&5
arm-elf-ar: conftest.o: No such file or directory
configure:5753: $? = 1
configure:5765: result: @
configure:5783: checking for arm-elf-strip
configure:5810: result: arm-elf-strip
configure:5882: checking for arm-elf-ranlib
configure:5898: found /home/phd/toolchain/install/bin/arm-elf-ranlib
configure:5909: result: arm-elf-ranlib
configure:6051: checking command to parse /home/phd/toolchain/install/bin/arm-elf-nm -B output from arm-elf-gcc object
configure:6171: arm-elf-gcc -c -Os -ffunction-sections -I/home/phd/osmocom-bb/src/target/firmware/include -nostartfiles -nodefaultlibs  conftest.c >&5
configure:6174: $? = 0
configure:6178: /home/phd/toolchain/install/bin/arm-elf-nm -B conftest.o \| sed -n -e 's/^.*[ ]\([ABCDGIRSTW][ABCDGIRSTW]*\)[ ][ ]*\([_A-Za-z][_A-Za-z0-9]*\)$/\1 \2 \2/p' | sed '/ __gnu_lto/d' \> conftest.nm
configure:6181: $? = 0
configure:6247: arm-elf-gcc -o conftest -Os -ffunction-sections -I/home/phd/osmocom-bb/src/target/firmware/include -nostartfiles -nodefaultlibs   conftest.c conftstm.o >&5
/home/phd/toolchain/install/lib/gcc/arm-elf/4.5.2/../../../../arm-elf/bin/ld: warning: cannot find entry symbol _start; defaulting to 0000000000008000
configure:6250: $? = 0
configure:6288: result: ok
configure:6325: checking for sysroot
configure:6355: result: no
configure:6584: checking for arm-elf-mt
configure:6614: result: no
configure:6624: checking for mt
configure:6640: found /bin/mt
configure:6651: result: mt
configure:6663: WARNING: using cross tools not prefixed with host triplet
configure:6674: checking if mt is a manifest tool
configure:6680: mt '-?'
configure:6688: result: no
configure:7330: checking how to run the C preprocessor
configure:7361: arm-elf-gcc -E  conftest.c
configure:7361: $? = 0
configure:7375: arm-elf-gcc -E  conftest.c
conftest.c:11:28: fatal error: ac_nonexistent.h: No such file or directory
compilation terminated.
configure:7375: $? = 1
configure: failed program was:
| /* confdefs.h */
| #define PACKAGE_NAME "libosmocore"
| #define PACKAGE_TARNAME "libosmocore"
| #define PACKAGE_VERSION "UNKNOWN"
| #define PACKAGE_STRING "libosmocore UNKNOWN"
| #define PACKAGE_BUGREPORT "openbsc-devel@lists.openbsc.org"
| #define PACKAGE_URL ""
| #define PACKAGE "libosmocore"
| #define VERSION "UNKNOWN"
| /* end confdefs.h.  */
| #include <ac_nonexistent.h>
configure:7400: result: arm-elf-gcc -E
configure:7420: arm-elf-gcc -E  conftest.c
configure:7420: $? = 0
configure:7434: arm-elf-gcc -E  conftest.c
conftest.c:11:28: fatal error: ac_nonexistent.h: No such file or directory
compilation terminated.
configure:7434: $? = 1
configure: failed program was:
| /* confdefs.h */
| #define PACKAGE_NAME "libosmocore"
| #define PACKAGE_TARNAME "libosmocore"
| #define PACKAGE_VERSION "UNKNOWN"
| #define PACKAGE_STRING "libosmocore UNKNOWN"
| #define PACKAGE_BUGREPORT "openbsc-devel@lists.openbsc.org"
| #define PACKAGE_URL ""
| #define PACKAGE "libosmocore"
| #define VERSION "UNKNOWN"
| /* end confdefs.h.  */
| #include <ac_nonexistent.h>
configure:7463: checking for ANSI C header files
configure:7483: arm-elf-gcc -c -Os -ffunction-sections -I/home/phd/osmocom-bb/src/target/firmware/include -nostartfiles -nodefaultlibs  conftest.c >&5
configure:7483: $? = 0
configure:7567: result: yes
configure:7580: checking for sys/types.h
configure:7580: arm-elf-gcc -c -Os -ffunction-sections -I/home/phd/osmocom-bb/src/target/firmware/include -nostartfiles -nodefaultlibs  conftest.c >&5
configure:7580: $? = 0
configure:7580: result: yes
configure:7580: checking for sys/stat.h
configure:7580: arm-elf-gcc -c -Os -ffunction-sections -I/home/phd/osmocom-bb/src/target/firmware/include -nostartfiles -nodefaultlibs  conftest.c >&5
configure:7580: $? = 0
configure:7580: result: yes
configure:7580: checking for stdlib.h
configure:7580: arm-elf-gcc -c -Os -ffunction-sections -I/home/phd/osmocom-bb/src/target/firmware/include -nostartfiles -nodefaultlibs  conftest.c >&5
configure:7580: $? = 0
configure:7580: result: yes
configure:7580: checking for string.h
configure:7580: arm-elf-gcc -c -Os -ffunction-sections -I/home/phd/osmocom-bb/src/target/firmware/include -nostartfiles -nodefaultlibs  conftest.c >&5
configure:7580: $? = 0
configure:7580: result: yes
configure:7580: checking for memory.h
configure:7580: arm-elf-gcc -c -Os -ffunction-sections -I/home/phd/osmocom-bb/src/target/firmware/include -nostartfiles -nodefaultlibs  conftest.c >&5
configure:7580: $? = 0
configure:7580: result: yes
configure:7580: checking for strings.h
configure:7580: arm-elf-gcc -c -Os -ffunction-sections -I/home/phd/osmocom-bb/src/target/firmware/include -nostartfiles -nodefaultlibs  conftest.c >&5
configure:7580: $? = 0
configure:7580: result: yes
configure:7580: checking for inttypes.h
configure:7580: arm-elf-gcc -c -Os -ffunction-sections -I/home/phd/osmocom-bb/src/target/firmware/include -nostartfiles -nodefaultlibs  conftest.c >&5
configure:7580: $? = 0
configure:7580: result: yes
configure:7580: checking for stdint.h
configure:7580: arm-elf-gcc -c -Os -ffunction-sections -I/home/phd/osmocom-bb/src/target/firmware/include -nostartfiles -nodefaultlibs  conftest.c >&5
configure:7580: $? = 0
configure:7580: result: yes
configure:7580: checking for unistd.h
configure:7580: arm-elf-gcc -c -Os -ffunction-sections -I/home/phd/osmocom-bb/src/target/firmware/include -nostartfiles -nodefaultlibs  conftest.c >&5
configure:7580: $? = 0
configure:7580: result: yes
configure:7594: checking for dlfcn.h
configure:7594: arm-elf-gcc -c -Os -ffunction-sections -I/home/phd/osmocom-bb/src/target/firmware/include -nostartfiles -nodefaultlibs  conftest.c >&5
conftest.c:55:19: fatal error: dlfcn.h: No such file or directory
compilation terminated.
configure:7594: $? = 1
configure: failed program was:
| /* confdefs.h */
| #define PACKAGE_NAME "libosmocore"
| #define PACKAGE_TARNAME "libosmocore"
| #define PACKAGE_VERSION "UNKNOWN"
| #define PACKAGE_STRING "libosmocore UNKNOWN"
| #define PACKAGE_BUGREPORT "openbsc-devel@lists.openbsc.org"
| #define PACKAGE_URL ""
| #define PACKAGE "libosmocore"
| #define VERSION "UNKNOWN"
| #define STDC_HEADERS 1
| #define HAVE_SYS_TYPES_H 1
| #define HAVE_SYS_STAT_H 1
| #define HAVE_STDLIB_H 1
| #define HAVE_STRING_H 1
| #define HAVE_MEMORY_H 1
| #define HAVE_STRINGS_H 1
| #define HAVE_INTTYPES_H 1
| #define HAVE_STDINT_H 1
| #define HAVE_UNISTD_H 1
| /* end confdefs.h.  */
| #include <stdio.h>
| #ifdef HAVE_SYS_TYPES_H
| # include <sys/types.h>
| #endif
| #ifdef HAVE_SYS_STAT_H
| # include <sys/stat.h>
| #endif
| #ifdef STDC_HEADERS
| # include <stdlib.h>
| # include <stddef.h>
| #else
| # ifdef HAVE_STDLIB_H
| #  include <stdlib.h>
| # endif
| #endif
| #ifdef HAVE_STRING_H
| # if !defined STDC_HEADERS && defined HAVE_MEMORY_H
| #  include <memory.h>
| # endif
| # include <string.h>
| #endif
| #ifdef HAVE_STRINGS_H
| # include <strings.h>
| #endif
| #ifdef HAVE_INTTYPES_H
| # include <inttypes.h>
| #endif
| #ifdef HAVE_STDINT_H
| # include <stdint.h>
| #endif
| #ifdef HAVE_UNISTD_H
| # include <unistd.h>
| #endif
| 
| #include <dlfcn.h>
configure:7594: result: no
configure:7800: checking for objdir
configure:7815: result: .libs
configure:8086: checking if arm-elf-gcc supports -fno-rtti -fno-exceptions
configure:8104: arm-elf-gcc -c -Os -ffunction-sections -I/home/phd/osmocom-bb/src/target/firmware/include -nostartfiles -nodefaultlibs  -fno-rtti -fno-exceptions conftest.c >&5
cc1: warning: command line option "-fno-rtti" is valid for C++/ObjC++ but not for C
configure:8108: $? = 0
configure:8121: result: no
configure:8448: checking for arm-elf-gcc option to produce PIC
configure:8455: result: -fPIC -DPIC
configure:8463: checking if arm-elf-gcc PIC flag -fPIC -DPIC works
configure:8481: arm-elf-gcc -c -Os -ffunction-sections -I/home/phd/osmocom-bb/src/target/firmware/include -nostartfiles -nodefaultlibs  -fPIC -DPIC -DPIC conftest.c >&5
configure:8485: $? = 0
configure:8498: result: yes
configure:8527: checking if arm-elf-gcc static flag -static works
/home/phd/toolchain/install/lib/gcc/arm-elf/4.5.2/../../../../arm-elf/bin/ld: warning: cannot find entry symbol _start; defaulting to 0000000000008000
configure:8555: result: yes
configure:8570: checking if arm-elf-gcc supports -c -o file.o
configure:8591: arm-elf-gcc -c -Os -ffunction-sections -I/home/phd/osmocom-bb/src/target/firmware/include -nostartfiles -nodefaultlibs  -o out/conftest2.o conftest.c >&5
configure:8595: $? = 0
configure:8617: result: yes
configure:8625: checking if arm-elf-gcc supports -c -o file.o
configure:8672: result: yes
configure:8705: checking whether the arm-elf-gcc linker (/home/phd/toolchain/install/arm-elf/bin/ld) supports shared libraries
configure:9862: result: yes
configure:10102: checking dynamic linker characteristics
configure:10836: result: no
configure:10943: checking how to hardcode library paths into programs
configure:10968: result: immediate
configure:11508: checking whether stripping libraries is possible
configure:11513: result: yes
configure:11548: checking if libtool supports shared libraries
configure:11550: result: no
configure:11553: checking whether to build shared libraries
configure:11574: result: no
configure:11577: checking whether to build static libraries
configure:11581: result: yes
configure:11622: checking for ANSI C header files
configure:11726: result: yes
configure:11737: checking execinfo.h usability
configure:11737: arm-elf-gcc -c -Os -ffunction-sections -I/home/phd/osmocom-bb/src/target/firmware/include -nostartfiles -nodefaultlibs  conftest.c >&5
conftest.c:56:22: fatal error: execinfo.h: No such file or directory
compilation terminated.
configure:11737: $? = 1
configure: failed program was:
| /* confdefs.h */
| #define PACKAGE_NAME "libosmocore"
| #define PACKAGE_TARNAME "libosmocore"
| #define PACKAGE_VERSION "UNKNOWN"
| #define PACKAGE_STRING "libosmocore UNKNOWN"
| #define PACKAGE_BUGREPORT "openbsc-devel@lists.openbsc.org"
| #define PACKAGE_URL ""
| #define PACKAGE "libosmocore"
| #define VERSION "UNKNOWN"
| #define STDC_HEADERS 1
| #define HAVE_SYS_TYPES_H 1
| #define HAVE_SYS_STAT_H 1
| #define HAVE_STDLIB_H 1
| #define HAVE_STRING_H 1
| #define HAVE_MEMORY_H 1
| #define HAVE_STRINGS_H 1
| #define HAVE_INTTYPES_H 1
| #define HAVE_STDINT_H 1
| #define HAVE_UNISTD_H 1
| #define LT_OBJDIR ".libs/"
| #define STDC_HEADERS 1
| /* end confdefs.h.  */
| #include <stdio.h>
| #ifdef HAVE_SYS_TYPES_H
| # include <sys/types.h>
| #endif
| #ifdef HAVE_SYS_STAT_H
| # include <sys/stat.h>
| #endif
| #ifdef STDC_HEADERS
| # include <stdlib.h>
| # include <stddef.h>
| #else
| # ifdef HAVE_STDLIB_H
| #  include <stdlib.h>
| # endif
| #endif
| #ifdef HAVE_STRING_H
| # if !defined STDC_HEADERS && defined HAVE_MEMORY_H
| #  include <memory.h>
| # endif
| # include <string.h>
| #endif
| #ifdef HAVE_STRINGS_H
| # include <strings.h>
| #endif
| #ifdef HAVE_INTTYPES_H
| # include <inttypes.h>
| #endif
| #ifdef HAVE_STDINT_H
| # include <stdint.h>
| #endif
| #ifdef HAVE_UNISTD_H
| # include <unistd.h>
| #endif
| #include <execinfo.h>
configure:11737: result: no
configure:11737: checking execinfo.h presence
configure:11737: arm-elf-gcc -E  conftest.c
conftest.c:23:22: fatal error: execinfo.h: No such file or directory
compilation terminated.
configure:11737: $? = 1
configure: failed program was:
| /* confdefs.h */
| #define PACKAGE_NAME "libosmocore"
| #define PACKAGE_TARNAME "libosmocore"
| #define PACKAGE_VERSION "UNKNOWN"
| #define PACKAGE_STRING "libosmocore UNKNOWN"
| #define PACKAGE_BUGREPORT "openbsc-devel@lists.openbsc.org"
| #define PACKAGE_URL ""
| #define PACKAGE "libosmocore"
| #define VERSION "UNKNOWN"
| #define STDC_HEADERS 1
| #define HAVE_SYS_TYPES_H 1
| #define HAVE_SYS_STAT_H 1
| #define HAVE_STDLIB_H 1
| #define HAVE_STRING_H 1
| #define HAVE_MEMORY_H 1
| #define HAVE_STRINGS_H 1
| #define HAVE_INTTYPES_H 1
| #define HAVE_STDINT_H 1
| #define HAVE_UNISTD_H 1
| #define LT_OBJDIR ".libs/"
| #define STDC_HEADERS 1
| /* end confdefs.h.  */
| #include <execinfo.h>
configure:11737: result: no
configure:11737: checking for execinfo.h
configure:11737: result: no
configure:11737: checking for sys/select.h
configure:11737: result: no
configure:11737: checking for sys/socket.h
configure:11737: result: no
configure:11737: checking syslog.h usability
configure:11737: arm-elf-gcc -c -Os -ffunction-sections -I/home/phd/osmocom-bb/src/target/firmware/include -nostartfiles -nodefaultlibs  conftest.c >&5
conftest.c:56:20: fatal error: syslog.h: No such file or directory
compilation terminated.
configure:11737: $? = 1
configure: failed program was:
| /* confdefs.h */
| #define PACKAGE_NAME "libosmocore"
| #define PACKAGE_TARNAME "libosmocore"
| #define PACKAGE_VERSION "UNKNOWN"
| #define PACKAGE_STRING "libosmocore UNKNOWN"
| #define PACKAGE_BUGREPORT "openbsc-devel@lists.openbsc.org"
| #define PACKAGE_URL ""
| #define PACKAGE "libosmocore"
| #define VERSION "UNKNOWN"
| #define STDC_HEADERS 1
| #define HAVE_SYS_TYPES_H 1
| #define HAVE_SYS_STAT_H 1
| #define HAVE_STDLIB_H 1
| #define HAVE_STRING_H 1
| #define HAVE_MEMORY_H 1
| #define HAVE_STRINGS_H 1
| #define HAVE_INTTYPES_H 1
| #define HAVE_STDINT_H 1
| #define HAVE_UNISTD_H 1
| #define LT_OBJDIR ".libs/"
| #define STDC_HEADERS 1
| /* end confdefs.h.  */
| #include <stdio.h>
| #ifdef HAVE_SYS_TYPES_H
| # include <sys/types.h>
| #endif
| #ifdef HAVE_SYS_STAT_H
| # include <sys/stat.h>
| #endif
| #ifdef STDC_HEADERS
| # include <stdlib.h>
| # include <stddef.h>
| #else
| # ifdef HAVE_STDLIB_H
| #  include <stdlib.h>
| # endif
| #endif
| #ifdef HAVE_STRING_H
| # if !defined STDC_HEADERS && defined HAVE_MEMORY_H
| #  include <memory.h>
| # endif
| # include <string.h>
| #endif
| #ifdef HAVE_STRINGS_H
| # include <strings.h>
| #endif
| #ifdef HAVE_INTTYPES_H
| # include <inttypes.h>
| #endif
| #ifdef HAVE_STDINT_H
| # include <stdint.h>
| #endif
| #ifdef HAVE_UNISTD_H
| # include <unistd.h>
| #endif
| #include <syslog.h>
configure:11737: result: no
configure:11737: checking syslog.h presence
configure:11737: arm-elf-gcc -E  conftest.c
conftest.c:23:20: fatal error: syslog.h: No such file or directory
compilation terminated.
configure:11737: $? = 1
configure: failed program was:
| /* confdefs.h */
| #define PACKAGE_NAME "libosmocore"
| #define PACKAGE_TARNAME "libosmocore"
| #define PACKAGE_VERSION "UNKNOWN"
| #define PACKAGE_STRING "libosmocore UNKNOWN"
| #define PACKAGE_BUGREPORT "openbsc-devel@lists.openbsc.org"
| #define PACKAGE_URL ""
| #define PACKAGE "libosmocore"
| #define VERSION "UNKNOWN"
| #define STDC_HEADERS 1
| #define HAVE_SYS_TYPES_H 1
| #define HAVE_SYS_STAT_H 1
| #define HAVE_STDLIB_H 1
| #define HAVE_STRING_H 1
| #define HAVE_MEMORY_H 1
| #define HAVE_STRINGS_H 1
| #define HAVE_INTTYPES_H 1
| #define HAVE_STDINT_H 1
| #define HAVE_UNISTD_H 1
| #define LT_OBJDIR ".libs/"
| #define STDC_HEADERS 1
| /* end confdefs.h.  */
| #include <syslog.h>
configure:11737: result: no
configure:11737: checking for syslog.h
configure:11737: result: no
configure:11737: checking ctype.h usability
configure:11737: arm-elf-gcc -c -Os -ffunction-sections -I/home/phd/osmocom-bb/src/target/firmware/include -nostartfiles -nodefaultlibs  conftest.c >&5
configure:11737: $? = 0
configure:11737: result: yes
configure:11737: checking ctype.h presence
configure:11737: arm-elf-gcc -E  conftest.c
configure:11737: $? = 0
configure:11737: result: yes
configure:11737: checking for ctype.h
configure:11737: result: yes
configure:11748: checking for size_t
configure:11748: arm-elf-gcc -c -Os -ffunction-sections -I/home/phd/osmocom-bb/src/target/firmware/include -nostartfiles -nodefaultlibs  conftest.c >&5
configure:11748: $? = 0
configure:11748: arm-elf-gcc -c -Os -ffunction-sections -I/home/phd/osmocom-bb/src/target/firmware/include -nostartfiles -nodefaultlibs  conftest.c >&5
conftest.c: In function 'main':
conftest.c:60:21: error: expected expression before ')' token
configure:11748: $? = 1
configure: failed program was:
| /* confdefs.h */
| #define PACKAGE_NAME "libosmocore"
| #define PACKAGE_TARNAME "libosmocore"
| #define PACKAGE_VERSION "UNKNOWN"
| #define PACKAGE_STRING "libosmocore UNKNOWN"
| #define PACKAGE_BUGREPORT "openbsc-devel@lists.openbsc.org"
| #define PACKAGE_URL ""
| #define PACKAGE "libosmocore"
| #define VERSION "UNKNOWN"
| #define STDC_HEADERS 1
| #define HAVE_SYS_TYPES_H 1
| #define HAVE_SYS_STAT_H 1
| #define HAVE_STDLIB_H 1
| #define HAVE_STRING_H 1
| #define HAVE_MEMORY_H 1
| #define HAVE_STRINGS_H 1
| #define HAVE_INTTYPES_H 1
| #define HAVE_STDINT_H 1
| #define HAVE_UNISTD_H 1
| #define LT_OBJDIR ".libs/"
| #define STDC_HEADERS 1
| #define HAVE_CTYPE_H 1
| /* end confdefs.h.  */
| #include <stdio.h>
| #ifdef HAVE_SYS_TYPES_H
| # include <sys/types.h>
| #endif
| #ifdef HAVE_SYS_STAT_H
| # include <sys/stat.h>
| #endif
| #ifdef STDC_HEADERS
| # include <stdlib.h>
| # include <stddef.h>
| #else
| # ifdef HAVE_STDLIB_H
| #  include <stdlib.h>
| # endif
| #endif
| #ifdef HAVE_STRING_H
| # if !defined STDC_HEADERS && defined HAVE_MEMORY_H
| #  include <memory.h>
| # endif
| # include <string.h>
| #endif
| #ifdef HAVE_STRINGS_H
| # include <strings.h>
| #endif
| #ifdef HAVE_INTTYPES_H
| # include <inttypes.h>
| #endif
| #ifdef HAVE_STDINT_H
| # include <stdint.h>
| #endif
| #ifdef HAVE_UNISTD_H
| # include <unistd.h>
| #endif
| int
| main ()
| {
| if (sizeof ((size_t)))
| 	    return 0;
|   ;
|   return 0;
| }
configure:11748: result: yes
configure:11761: checking for working alloca.h
configure:11778: arm-elf-gcc -o conftest -Os -ffunction-sections -I/home/phd/osmocom-bb/src/target/firmware/include -nostartfiles -nodefaultlibs   conftest.c  >&5
/home/phd/toolchain/install/lib/gcc/arm-elf/4.5.2/../../../../arm-elf/bin/ld: warning: cannot find entry symbol _start; defaulting to 0000000000008000
configure:11778: $? = 0
configure:11786: result: yes
configure:11794: checking for alloca
configure:11831: arm-elf-gcc -o conftest -Os -ffunction-sections -I/home/phd/osmocom-bb/src/target/firmware/include -nostartfiles -nodefaultlibs   conftest.c  >&5
/home/phd/toolchain/install/lib/gcc/arm-elf/4.5.2/../../../../arm-elf/bin/ld: warning: cannot find entry symbol _start; defaulting to 0000000000008000
configure:11831: $? = 0
configure:11839: result: yes
configure:11945: checking for library containing dlopen
configure:11976: arm-elf-gcc -o conftest -Os -ffunction-sections -I/home/phd/osmocom-bb/src/target/firmware/include -nostartfiles -nodefaultlibs   conftest.c  >&5
/home/phd/toolchain/install/lib/gcc/arm-elf/4.5.2/../../../../arm-elf/bin/ld: warning: cannot find entry symbol _start; defaulting to 0000000000008000
/tmp/ccjCbmkM.o: In function `main':
conftest.c:(.text.main+0x4): undefined reference to `dlopen'
collect2: ld returned 1 exit status
configure:11976: $? = 1
configure: failed program was:
| /* confdefs.h */
| #define PACKAGE_NAME "libosmocore"
| #define PACKAGE_TARNAME "libosmocore"
| #define PACKAGE_VERSION "UNKNOWN"
| #define PACKAGE_STRING "libosmocore UNKNOWN"
| #define PACKAGE_BUGREPORT "openbsc-devel@lists.openbsc.org"
| #define PACKAGE_URL ""
| #define PACKAGE "libosmocore"
| #define VERSION "UNKNOWN"
| #define STDC_HEADERS 1
| #define HAVE_SYS_TYPES_H 1
| #define HAVE_SYS_STAT_H 1
| #define HAVE_STDLIB_H 1
| #define HAVE_STRING_H 1
| #define HAVE_MEMORY_H 1
| #define HAVE_STRINGS_H 1
| #define HAVE_INTTYPES_H 1
| #define HAVE_STDINT_H 1
| #define HAVE_UNISTD_H 1
| #define LT_OBJDIR ".libs/"
| #define STDC_HEADERS 1
| #define HAVE_CTYPE_H 1
| #define HAVE_ALLOCA_H 1
| #define HAVE_ALLOCA 1
| /* end confdefs.h.  */
| 
| /* Override any GCC internal prototype to avoid an error.
|    Use char because int might match the return type of a GCC
|    builtin and then its argument prototype would still apply.  */
| #ifdef __cplusplus
| extern "C"
| #endif
| char dlopen ();
| int
| main ()
| {
| return dlopen ();
|   ;
|   return 0;
| }
configure:11976: arm-elf-gcc -o conftest -Os -ffunction-sections -I/home/phd/osmocom-bb/src/target/firmware/include -nostartfiles -nodefaultlibs   conftest.c -ldl   >&5
/home/phd/toolchain/install/lib/gcc/arm-elf/4.5.2/../../../../arm-elf/bin/ld: cannot find -ldl
collect2: ld returned 1 exit status
configure:11976: $? = 1
configure: failed program was:
| /* confdefs.h */
| #define PACKAGE_NAME "libosmocore"
| #define PACKAGE_TARNAME "libosmocore"
| #define PACKAGE_VERSION "UNKNOWN"
| #define PACKAGE_STRING "libosmocore UNKNOWN"
| #define PACKAGE_BUGREPORT "openbsc-devel@lists.openbsc.org"
| #define PACKAGE_URL ""
| #define PACKAGE "libosmocore"
| #define VERSION "UNKNOWN"
| #define STDC_HEADERS 1
| #define HAVE_SYS_TYPES_H 1
| #define HAVE_SYS_STAT_H 1
| #define HAVE_STDLIB_H 1
| #define HAVE_STRING_H 1
| #define HAVE_MEMORY_H 1
| #define HAVE_STRINGS_H 1
| #define HAVE_INTTYPES_H 1
| #define HAVE_STDINT_H 1
| #define HAVE_UNISTD_H 1
| #define LT_OBJDIR ".libs/"
| #define STDC_HEADERS 1
| #define HAVE_CTYPE_H 1
| #define HAVE_ALLOCA_H 1
| #define HAVE_ALLOCA 1
| /* end confdefs.h.  */
| 
| /* Override any GCC internal prototype to avoid an error.
|    Use char because int might match the return type of a GCC
|    builtin and then its argument prototype would still apply.  */
| #ifdef __cplusplus
| extern "C"
| #endif
| char dlopen ();
| int
| main ()
| {
| return dlopen ();
|   ;
|   return 0;
| }
configure:11976: arm-elf-gcc -o conftest -Os -ffunction-sections -I/home/phd/osmocom-bb/src/target/firmware/include -nostartfiles -nodefaultlibs   conftest.c -ldld   >&5
/home/phd/toolchain/install/lib/gcc/arm-elf/4.5.2/../../../../arm-elf/bin/ld: cannot find -ldld
collect2: ld returned 1 exit status
configure:11976: $? = 1
configure: failed program was:
| /* confdefs.h */
| #define PACKAGE_NAME "libosmocore"
| #define PACKAGE_TARNAME "libosmocore"
| #define PACKAGE_VERSION "UNKNOWN"
| #define PACKAGE_STRING "libosmocore UNKNOWN"
| #define PACKAGE_BUGREPORT "openbsc-devel@lists.openbsc.org"
| #define PACKAGE_URL ""
| #define PACKAGE "libosmocore"
| #define VERSION "UNKNOWN"
| #define STDC_HEADERS 1
| #define HAVE_SYS_TYPES_H 1
| #define HAVE_SYS_STAT_H 1
| #define HAVE_STDLIB_H 1
| #define HAVE_STRING_H 1
| #define HAVE_MEMORY_H 1
| #define HAVE_STRINGS_H 1
| #define HAVE_INTTYPES_H 1
| #define HAVE_STDINT_H 1
| #define HAVE_UNISTD_H 1
| #define LT_OBJDIR ".libs/"
| #define STDC_HEADERS 1
| #define HAVE_CTYPE_H 1
| #define HAVE_ALLOCA_H 1
| #define HAVE_ALLOCA 1
| /* end confdefs.h.  */
| 
| /* Override any GCC internal prototype to avoid an error.
|    Use char because int might match the return type of a GCC
|    builtin and then its argument prototype would still apply.  */
| #ifdef __cplusplus
| extern "C"
| #endif
| char dlopen ();
| int
| main ()
| {
| return dlopen ();
|   ;
|   return 0;
| }
configure:11993: result: no
configure:12005: checking for doxygen
configure:12023: found /usr/bin/doxygen
configure:12036: result: /usr/bin/doxygen
configure:12056: checking if arm-elf-gcc supports -fvisibility=hidden
configure:12062: arm-elf-gcc -c -Os -ffunction-sections -I/home/phd/osmocom-bb/src/target/firmware/include -nostartfiles -nodefaultlibs -fvisibility=hidden   conftest.c >&5
configure:12062: $? = 0
configure:12063: result: yes
configure:12400: checking that generated files are newer than configure
configure:12406: result: done
configure:12489: creating ./config.status

## ---------------------- ##
## Running config.status. ##
## ---------------------- ##

This file was extended by libosmocore config.status UNKNOWN, which was
generated by GNU Autoconf 2.69.  Invocation command line was

  CONFIG_FILES    = 
  CONFIG_HEADERS  = 
  CONFIG_LINKS    = 
  CONFIG_COMMANDS = 
  $ ./config.status 

on ubuntu

config.status:1131: creating libosmocore.pc
config.status:1131: creating libosmocodec.pc
config.status:1131: creating libosmovty.pc
config.status:1131: creating libosmogsm.pc
config.status:1131: creating include/osmocom/Makefile
config.status:1131: creating include/osmocom/vty/Makefile
config.status:1131: creating include/osmocom/codec/Makefile
config.status:1131: creating include/osmocom/crypt/Makefile
config.status:1131: creating include/osmocom/gsm/Makefile
config.status:1131: creating include/osmocom/gsm/protocol/Makefile
config.status:1131: creating include/osmocom/core/Makefile
config.status:1131: creating include/Makefile
config.status:1131: creating src/Makefile
config.status:1131: creating src/vty/Makefile
config.status:1131: creating src/codec/Makefile
config.status:1131: creating src/gsm/Makefile
config.status:1131: creating tests/Makefile
config.status:1131: creating tests/timer/Makefile
config.status:1131: creating tests/sms/Makefile
config.status:1131: creating tests/msgfile/Makefile
config.status:1131: creating tests/ussd/Makefile
config.status:1131: creating tests/smscb/Makefile
config.status:1131: creating tests/bits/Makefile
config.status:1131: creating utils/Makefile
config.status:1131: creating Doxyfile.core
config.status:1131: creating Doxyfile.gsm
config.status:1131: creating Doxyfile.vty
config.status:1131: creating Doxyfile.codec
config.status:1131: creating Makefile
config.status:1131: creating config.h
config.status:1345: executing depfiles commands
config.status:1345: executing libtool commands

## ---------------- ##
## Cache variables. ##
## ---------------- ##

ac_cv_build=x86_64-unknown-linux-gnu
ac_cv_c_compiler_gnu=yes
ac_cv_env_CC_set=
ac_cv_env_CC_value=
ac_cv_env_CFLAGS_set=set
ac_cv_env_CFLAGS_value='-Os -ffunction-sections -I/home/phd/osmocom-bb/src/target/firmware/include -nostartfiles -nodefaultlibs'
ac_cv_env_CPPFLAGS_set=
ac_cv_env_CPPFLAGS_value=
ac_cv_env_CPP_set=
ac_cv_env_CPP_value=
ac_cv_env_LDFLAGS_set=
ac_cv_env_LDFLAGS_value=
ac_cv_env_LIBS_set=
ac_cv_env_LIBS_value=
ac_cv_env_build_alias_set=
ac_cv_env_build_alias_value=
ac_cv_env_host_alias_set=set
ac_cv_env_host_alias_value=arm-elf
ac_cv_env_target_alias_set=
ac_cv_env_target_alias_value=
ac_cv_func_alloca_works=yes
ac_cv_header_ctype_h=yes
ac_cv_header_dlfcn_h=no
ac_cv_header_execinfo_h=no
ac_cv_header_inttypes_h=yes
ac_cv_header_memory_h=yes
ac_cv_header_stdc=yes
ac_cv_header_stdint_h=yes
ac_cv_header_stdlib_h=yes
ac_cv_header_string_h=yes
ac_cv_header_strings_h=yes
ac_cv_header_sys_select_h=no
ac_cv_header_sys_socket_h=no
ac_cv_header_sys_stat_h=yes
ac_cv_header_sys_types_h=yes
ac_cv_header_syslog_h=no
ac_cv_header_unistd_h=yes
ac_cv_host=arm-unknown-elf
ac_cv_objext=o
ac_cv_path_DOXYGEN=/usr/bin/doxygen
ac_cv_path_EGREP='/bin/grep -E'
ac_cv_path_FGREP='/bin/grep -F'
ac_cv_path_GREP=/bin/grep
ac_cv_path_SED=/bin/sed
ac_cv_path_install='/usr/bin/install -c'
ac_cv_path_mkdir=/bin/mkdir
ac_cv_prog_AR=arm-elf-ar
ac_cv_prog_AWK=mawk
ac_cv_prog_CC=arm-elf-gcc
ac_cv_prog_CPP='arm-elf-gcc -E'
ac_cv_prog_OBJDUMP=arm-elf-objdump
ac_cv_prog_RANLIB=arm-elf-ranlib
ac_cv_prog_STRIP=arm-elf-strip
ac_cv_prog_ac_ct_MANIFEST_TOOL=mt
ac_cv_prog_cc_c89=
ac_cv_prog_cc_g=yes
ac_cv_prog_make_make_set=yes
ac_cv_search_dlopen=no
ac_cv_type_size_t=yes
ac_cv_working_alloca_h=yes
am_cv_CC_dependencies_compiler_type=gcc3
am_cv_make_support_nested_variables=yes
am_cv_prog_cc_c_o=yes
lt_cv_ar_at_file=@
lt_cv_deplibs_check_method=unknown
lt_cv_file_magic_cmd='$MAGIC_CMD'
lt_cv_file_magic_test_file=
lt_cv_ld_reload_flag=-r
lt_cv_nm_interface='BSD nm'
lt_cv_objdir=.libs
lt_cv_path_LD=/home/phd/toolchain/install/arm-elf/bin/ld
lt_cv_path_NM='/home/phd/toolchain/install/bin/arm-elf-nm -B'
lt_cv_path_mainfest_tool=no
lt_cv_prog_compiler_c_o=yes
lt_cv_prog_compiler_pic='-fPIC -DPIC'
lt_cv_prog_compiler_pic_works=yes
lt_cv_prog_compiler_rtti_exceptions=no
lt_cv_prog_compiler_static_works=yes
lt_cv_prog_gnu_ld=yes
lt_cv_sharedlib_from_linklib_cmd='printf %s\n'
lt_cv_sys_global_symbol_pipe='sed -n -e '\''s/^.*[	 ]\([ABCDGIRSTW][ABCDGIRSTW]*\)[	 ][	 ]*\([_A-Za-z][_A-Za-z0-9]*\)$/\1 \2 \2/p'\'' | sed '\''/ __gnu_lto/d'\'''
lt_cv_sys_global_symbol_to_c_name_address='sed -n -e '\''s/^: \([^ ]*\)[ ]*$/  {\"\1\", (void *) 0},/p'\'' -e '\''s/^[ABCDGIRSTW]* \([^ ]*\) \([^ ]*\)$/  {"\2", (void *) \&\2},/p'\'''
lt_cv_sys_global_symbol_to_c_name_address_lib_prefix='sed -n -e '\''s/^: \([^ ]*\)[ ]*$/  {\"\1\", (void *) 0},/p'\'' -e '\''s/^[ABCDGIRSTW]* \([^ ]*\) \(lib[^ ]*\)$/  {"\2", (void *) \&\2},/p'\'' -e '\''s/^[ABCDGIRSTW]* \([^ ]*\) \([^ ]*\)$/  {"lib\2", (void *) \&\2},/p'\'''
lt_cv_sys_global_symbol_to_cdecl='sed -n -e '\''s/^T .* \(.*\)$/extern int \1();/p'\'' -e '\''s/^[ABCDGIRSTW]* .* \(.*\)$/extern char \1;/p'\'''
lt_cv_sys_max_cmd_len=3458764513820540925
lt_cv_to_host_file_cmd=func_convert_file_noop
lt_cv_to_tool_file_cmd=func_convert_file_noop

## ----------------- ##
## Output variables. ##
## ----------------- ##

ACLOCAL='${SHELL} /home/phd/osmocom-bb/src/shared/libosmocore/missing aclocal-1.14'
ALLOCA=''
AMDEPBACKSLASH='\'
AMDEP_FALSE='#'
AMDEP_TRUE=''
AMTAR='$${TAR-tar}'
AM_BACKSLASH='\'
AM_DEFAULT_V='$(AM_DEFAULT_VERBOSITY)'
AM_DEFAULT_VERBOSITY='0'
AM_V='$(V)'
AR='arm-elf-ar'
AUTOCONF='${SHELL} /home/phd/osmocom-bb/src/shared/libosmocore/missing autoconf'
AUTOHEADER='${SHELL} /home/phd/osmocom-bb/src/shared/libosmocore/missing autoheader'
AUTOMAKE='${SHELL} /home/phd/osmocom-bb/src/shared/libosmocore/missing automake-1.14'
AWK='mawk'
CC='arm-elf-gcc'
CCDEPMODE='depmode=gcc3'
CFLAGS='-Os -ffunction-sections -I/home/phd/osmocom-bb/src/target/firmware/include -nostartfiles -nodefaultlibs'
CPP='arm-elf-gcc -E'
CPPFLAGS=''
CYGPATH_W='echo'
DEFS='-DHAVE_CONFIG_H'
DEPDIR='.deps'
DLLTOOL='false'
DOXYGEN='/usr/bin/doxygen'
DSYMUTIL=''
DUMPBIN=''
ECHO_C=''
ECHO_N='-n'
ECHO_T=''
EGREP='/bin/grep -E'
ENABLE_MSGFILE_FALSE=''
ENABLE_MSGFILE_TRUE='#'
ENABLE_PLUGIN_FALSE=''
ENABLE_PLUGIN_TRUE='#'
ENABLE_SERIAL_FALSE=''
ENABLE_SERIAL_TRUE='#'
ENABLE_TALLOC_FALSE=''
ENABLE_TALLOC_TRUE='#'
ENABLE_TESTS_FALSE=''
ENABLE_TESTS_TRUE='#'
ENABLE_UTILITIES_FALSE=''
ENABLE_UTILITIES_TRUE='#'
ENABLE_VTY_FALSE=''
ENABLE_VTY_TRUE='#'
EXEEXT=''
FGREP='/bin/grep -F'
GREP='/bin/grep'
HAVE_DOXYGEN_FALSE='#'
HAVE_DOXYGEN_TRUE=''
INSTALL_DATA='${INSTALL} -m 644'
INSTALL_PROGRAM='${INSTALL}'
INSTALL_SCRIPT='${INSTALL}'
INSTALL_STRIP_PROGRAM='$(install_sh) -c -s'
LD='/home/phd/toolchain/install/arm-elf/bin/ld'
LDFLAGS=''
LIBOBJS=''
LIBRARY_DL=''
LIBS=''
LIBTOOL='$(SHELL) $(top_builddir)/libtool'
LIPO=''
LN_S='ln -s'
LTLIBOBJS=''
MAKEINFO='${SHELL} /home/phd/osmocom-bb/src/shared/libosmocore/missing makeinfo'
MANIFEST_TOOL=':'
MKDIR_P='/bin/mkdir -p'
NM='/home/phd/toolchain/install/bin/arm-elf-nm -B'
NMEDIT=''
OBJDUMP='arm-elf-objdump'
OBJEXT='o'
OTOOL64=''
OTOOL=''
PACKAGE='libosmocore'
PACKAGE_BUGREPORT='openbsc-devel@lists.openbsc.org'
PACKAGE_NAME='libosmocore'
PACKAGE_STRING='libosmocore UNKNOWN'
PACKAGE_TARNAME='libosmocore'
PACKAGE_URL=''
PACKAGE_VERSION='UNKNOWN'
PATH_SEPARATOR=':'
RANLIB='arm-elf-ranlib'
SED='/bin/sed'
SET_MAKE=''
SHELL='/bin/bash'
STRIP='arm-elf-strip'
SYMBOL_VISIBILITY='-fvisibility=hidden'
VERSION='UNKNOWN'
ac_ct_AR=''
ac_ct_CC=''
ac_ct_DUMPBIN=''
am__EXEEXT_FALSE=''
am__EXEEXT_TRUE='#'
am__fastdepCC_FALSE='#'
am__fastdepCC_TRUE=''
am__include='include'
am__isrc=' -I$(srcdir)'
am__leading_dot='.'
am__nodep='_no'
am__quote=''
am__tar='$${TAR-tar} chof - "$$tardir"'
am__untar='$${TAR-tar} xf -'
bindir='${exec_prefix}/bin'
build='x86_64-unknown-linux-gnu'
build_alias=''
build_cpu='x86_64'
build_os='linux-gnu'
build_vendor='unknown'
datadir='${datarootdir}'
datarootdir='${prefix}/share'
docdir='${datarootdir}/doc/${PACKAGE_TARNAME}'
dvidir='${docdir}'
exec_prefix='${prefix}'
host='arm-unknown-elf'
host_alias='arm-elf'
host_cpu='arm'
host_os='elf'
host_vendor='unknown'
htmldir='${docdir}'
includedir='${prefix}/include'
infodir='${datarootdir}/info'
install_sh='${SHELL} /home/phd/osmocom-bb/src/shared/libosmocore/install-sh'
libdir='${exec_prefix}/lib'
libexecdir='${exec_prefix}/libexec'
localedir='${datarootdir}/locale'
localstatedir='${prefix}/var'
mandir='${datarootdir}/man'
mkdir_p='$(MKDIR_P)'
oldincludedir='/usr/include'
pdfdir='${docdir}'
prefix='/usr/local'
program_transform_name='s,x,x,'
psdir='${docdir}'
sbindir='${exec_prefix}/sbin'
sharedstatedir='${prefix}/com'
sysconfdir='${prefix}/etc'
target_alias=''

## ----------- ##
## confdefs.h. ##
## ----------- ##

/* confdefs.h */
#define PACKAGE_NAME "libosmocore"
#define PACKAGE_TARNAME "libosmocore"
#define PACKAGE_VERSION "UNKNOWN"
#define PACKAGE_STRING "libosmocore UNKNOWN"
#define PACKAGE_BUGREPORT "openbsc-devel@lists.openbsc.org"
#define PACKAGE_URL ""
#define PACKAGE "libosmocore"
#define VERSION "UNKNOWN"
#define STDC_HEADERS 1
#define HAVE_SYS_TYPES_H 1
#define HAVE_SYS_STAT_H 1
#define HAVE_STDLIB_H 1
#define HAVE_STRING_H 1
#define HAVE_MEMORY_H 1
#define HAVE_STRINGS_H 1
#define HAVE_INTTYPES_H 1
#define HAVE_STDINT_H 1
#define HAVE_UNISTD_H 1
#define LT_OBJDIR ".libs/"
#define STDC_HEADERS 1
#define HAVE_CTYPE_H 1
#define HAVE_ALLOCA_H 1
#define HAVE_ALLOCA 1
#define BSC_FD_CHECK 1
#define EMBEDDED 1
#define PANIC_INFLOOP 1

configure: exit 0

## ---------------------- ##
## Running config.status. ##
## ---------------------- ##

This file was extended by libosmocore config.status UNKNOWN, which was
generated by GNU Autoconf 2.69.  Invocation command line was

  CONFIG_FILES    = 
  CONFIG_HEADERS  = 
  CONFIG_LINKS    = 
  CONFIG_COMMANDS = 
  $ ./config.status Doxyfile.core

on ubuntu

config.status:1131: creating Doxyfile.core
