This file contains any messages produced by compilers while
running configure, to aid debugging if configure makes a mistake.

It was created by configure, which was
generated by GNU Autoconf 2.69.  Invocation command line was

  $ ./configure 

## --------- ##
## Platform. ##
## --------- ##

hostname = ubuntu
uname -m = x86_64
uname -r = 3.13.0-24-generic
uname -s = Linux
uname -v = #47-Ubuntu SMP Fri May 2 23:30:00 UTC 2014

/usr/bin/uname -p = unknown
/bin/uname -X     = unknown

/bin/arch              = unknown
/usr/bin/arch -k       = unknown
/usr/convex/getsysinfo = unknown
/usr/bin/hostinfo      = unknown
/bin/machine           = unknown
/usr/bin/oslevel       = unknown
/bin/universe          = unknown

PATH: /usr/local/sbin
PATH: /usr/local/bin
PATH: /usr/sbin
PATH: /usr/bin
PATH: /sbin
PATH: /bin
PATH: /usr/games
PATH: /usr/local/games
PATH: /home/phd/toolchain/install/bin


## ----------- ##
## Core tests. ##
## ----------- ##

configure:2002: checking for a BSD-compatible install
configure:2070: result: /usr/bin/install -c
configure:2081: checking whether build environment is sane
configure:2136: result: yes
configure:2287: checking for a thread-safe mkdir -p
configure:2326: result: /bin/mkdir -p
configure:2333: checking for gawk
configure:2363: result: no
configure:2333: checking for mawk
configure:2349: found /usr/bin/mawk
configure:2360: result: mawk
configure:2371: checking whether make sets $(MAKE)
configure:2393: result: yes
configure:2422: checking whether make supports nested variables
configure:2439: result: yes
configure:2577: checking whether make supports nested variables
configure:2594: result: yes
configure:2606: checking whether make sets $(MAKE)
configure:2628: result: yes
configure:2685: checking for gcc
configure:2701: found /usr/bin/gcc
configure:2712: result: gcc
configure:2941: checking for C compiler version
configure:2950: gcc --version >&5
gcc (Ubuntu 4.8.2-19ubuntu1) 4.8.2
Copyright (C) 2013 Free Software Foundation, Inc.
This is free software; see the source for copying conditions.  There is NO
warranty; not even for MERCHANTABILITY or FITNESS FOR A PARTICULAR PURPOSE.

configure:2961: $? = 0
configure:2950: gcc -v >&5
Using built-in specs.
COLLECT_GCC=gcc
COLLECT_LTO_WRAPPER=/usr/lib/gcc/x86_64-linux-gnu/4.8/lto-wrapper
Target: x86_64-linux-gnu
Configured with: ../src/configure -v --with-pkgversion='Ubuntu 4.8.2-19ubuntu1' --with-bugurl=file:///usr/share/doc/gcc-4.8/README.Bugs --enable-languages=c,c++,java,go,d,fortran,objc,obj-c++ --prefix=/usr --program-suffix=-4.8 --enable-shared --enable-linker-build-id --libexecdir=/usr/lib --without-included-gettext --enable-threads=posix --with-gxx-include-dir=/usr/include/c++/4.8 --libdir=/usr/lib --enable-nls --with-sysroot=/ --enable-clocale=gnu --enable-libstdcxx-debug --enable-libstdcxx-time=yes --enable-gnu-unique-object --disable-libmudflap --enable-plugin --with-system-zlib --disable-browser-plugin --enable-java-awt=gtk --enable-gtk-cairo --with-java-home=/usr/lib/jvm/java-1.5.0-gcj-4.8-amd64/jre --enable-java-home --with-jvm-root-dir=/usr/lib/jvm/java-1.5.0-gcj-4.8-amd64 --with-jvm-jar-dir=/usr/lib/jvm-exports/java-1.5.0-gcj-4.8-amd64 --with-arch-directory=amd64 --with-ecj-jar=/usr/share/java/eclipse-ecj.jar --enable-objc-gc --enable-multiarch --disable-werror --with-arch-32=i686 --with-abi=m64 --with-multilib-list=m32,m64,mx32 --with-tune=generic --enable-checking=release --build=x86_64-linux-gnu --host=x86_64-linux-gnu --target=x86_64-linux-gnu
Thread model: posix
gcc version 4.8.2 (Ubuntu 4.8.2-19ubuntu1) 
configure:2961: $? = 0
configure:2950: gcc -V >&5
gcc: error: unrecognized command line option '-V'
gcc: fatal error: no input files
compilation terminated.
configure:2961: $? = 4
configure:2950: gcc -qversion >&5
gcc: error: unrecognized command line option '-qversion'
gcc: fatal error: no input files
compilation terminated.
configure:2961: $? = 4
configure:2981: checking whether the C compiler works
configure:3003: gcc    conftest.c  >&5
configure:3007: $? = 0
configure:3055: result: yes
configure:3058: checking for C compiler default output file name
configure:3060: result: a.out
configure:3066: checking for suffix of executables
configure:3073: gcc -o conftest    conftest.c  >&5
configure:3077: $? = 0
configure:3099: result: 
configure:3121: checking whether we are cross compiling
configure:3129: gcc -o conftest    conftest.c  >&5
configure:3133: $? = 0
configure:3140: ./conftest
configure:3144: $? = 0
configure:3159: result: no
configure:3164: checking for suffix of object files
configure:3186: gcc -c   conftest.c >&5
configure:3190: $? = 0
configure:3211: result: o
configure:3215: checking whether we are using the GNU C compiler
configure:3234: gcc -c   conftest.c >&5
configure:3234: $? = 0
configure:3243: result: yes
configure:3252: checking whether gcc accepts -g
configure:3272: gcc -c -g  conftest.c >&5
configure:3272: $? = 0
configure:3313: result: yes
configure:3330: checking for gcc option to accept ISO C89
configure:3393: gcc  -c -g -O2  conftest.c >&5
configure:3393: $? = 0
configure:3406: result: none needed
configure:3431: checking whether gcc understands -c and -o together
configure:3453: gcc -c conftest.c -o conftest2.o
configure:3456: $? = 0
configure:3453: gcc -c conftest.c -o conftest2.o
configure:3456: $? = 0
configure:3468: result: yes
configure:3496: checking for style of include used by make
configure:3524: result: GNU
configure:3550: checking dependency style of gcc
configure:3661: result: gcc3
configure:3720: checking for ranlib
configure:3736: found /usr/bin/ranlib
configure:3747: result: ranlib
configure:3824: checking for pkg-config
configure:3842: found /usr/bin/pkg-config
configure:3854: result: /usr/bin/pkg-config
configure:3879: checking pkg-config is at least version 0.9.0
configure:3882: result: yes
configure:3892: checking for LIBOSMOCORE
configure:3977: result: yes
configure:3983: checking for LIBOSMOVTY
configure:4068: result: yes
configure:4074: checking for LIBOSMOGSM
configure:4159: result: yes
configure:4165: checking for LIBOSMOCODEC
configure:4250: result: yes
configure:4255: checking for gps_waiting in -lgps
configure:4280: gcc -o conftest -g -O2   conftest.c -lgps   >&5
/usr/bin/ld: cannot find -lgps
collect2: error: ld returned 1 exit status
configure:4280: $? = 1
configure: failed program was:
| /* confdefs.h */
| #define PACKAGE_NAME ""
| #define PACKAGE_TARNAME ""
| #define PACKAGE_VERSION ""
| #define PACKAGE_STRING ""
| #define PACKAGE_BUGREPORT ""
| #define PACKAGE_URL ""
| #define PACKAGE "layer23"
| #define VERSION "0.0.0"
| /* end confdefs.h.  */
| 
| /* Override any GCC internal prototype to avoid an error.
|    Use char because int might match the return type of a GCC
|    builtin and then its argument prototype would still apply.  */
| #ifdef __cplusplus
| extern "C"
| #endif
| char gps_waiting ();
| int
| main ()
| {
| return gps_waiting ();
|   ;
|   return 0;
| }
configure:4289: result: no
configure:4301: checking how to run the C preprocessor
configure:4332: gcc -E  conftest.c
configure:4332: $? = 0
configure:4346: gcc -E  conftest.c
conftest.c:11:28: fatal error: ac_nonexistent.h: No such file or directory
 #include <ac_nonexistent.h>
                            ^
compilation terminated.
configure:4346: $? = 1
configure: failed program was:
| /* confdefs.h */
| #define PACKAGE_NAME ""
| #define PACKAGE_TARNAME ""
| #define PACKAGE_VERSION ""
| #define PACKAGE_STRING ""
| #define PACKAGE_BUGREPORT ""
| #define PACKAGE_URL ""
| #define PACKAGE "layer23"
| #define VERSION "0.0.0"
| /* end confdefs.h.  */
| #include <ac_nonexistent.h>
configure:4371: result: gcc -E
configure:4391: gcc -E  conftest.c
configure:4391: $? = 0
configure:4405: gcc -E  conftest.c
conftest.c:11:28: fatal error: ac_nonexistent.h: No such file or directory
 #include <ac_nonexistent.h>
                            ^
compilation terminated.
configure:4405: $? = 1
configure: failed program was:
| /* confdefs.h */
| #define PACKAGE_NAME ""
| #define PACKAGE_TARNAME ""
| #define PACKAGE_VERSION ""
| #define PACKAGE_STRING ""
| #define PACKAGE_BUGREPORT ""
| #define PACKAGE_URL ""
| #define PACKAGE "layer23"
| #define VERSION "0.0.0"
| /* end confdefs.h.  */
| #include <ac_nonexistent.h>
configure:4434: checking for grep that handles long lines and -e
configure:4492: result: /bin/grep
configure:4497: checking for egrep
configure:4559: result: /bin/grep -E
configure:4564: checking for ANSI C header files
configure:4584: gcc -c -g -O2  conftest.c >&5
configure:4584: $? = 0
configure:4657: gcc -o conftest -g -O2   conftest.c  >&5
configure:4657: $? = 0
configure:4657: ./conftest
configure:4657: $? = 0
configure:4668: result: yes
configure:4825: checking that generated files are newer than configure
configure:4831: result: done
configure:4854: creating ./config.status

## ---------------------- ##
## Running config.status. ##
## ---------------------- ##

This file was extended by config.status, which was
generated by GNU Autoconf 2.69.  Invocation command line was

  CONFIG_FILES    = 
  CONFIG_HEADERS  = 
  CONFIG_LINKS    = 
  CONFIG_COMMANDS = 
  $ ./config.status 

on ubuntu

config.status:797: creating src/Makefile
config.status:797: creating src/common/Makefile
config.status:797: creating src/misc/Makefile
config.status:797: creating src/mobile/Makefile
config.status:797: creating include/Makefile
config.status:797: creating include/osmocom/Makefile
config.status:797: creating include/osmocom/bb/Makefile
config.status:797: creating include/osmocom/bb/common/Makefile
config.status:797: creating include/osmocom/bb/misc/Makefile
config.status:797: creating include/osmocom/bb/mobile/Makefile
config.status:797: creating Makefile
config.status:969: executing depfiles commands

## ---------------- ##
## Cache variables. ##
## ---------------- ##

ac_cv_c_compiler_gnu=yes
ac_cv_env_CC_set=
ac_cv_env_CC_value=
ac_cv_env_CFLAGS_set=
ac_cv_env_CFLAGS_value=
ac_cv_env_CPPFLAGS_set=
ac_cv_env_CPPFLAGS_value=
ac_cv_env_CPP_set=
ac_cv_env_CPP_value=
ac_cv_env_LDFLAGS_set=
ac_cv_env_LDFLAGS_value=
ac_cv_env_LIBOSMOCODEC_CFLAGS_set=set
ac_cv_env_LIBOSMOCODEC_CFLAGS_value=-I/home/phd/osmocom-bb/src/shared/libosmocore/include
ac_cv_env_LIBOSMOCODEC_LIBS_set=set
ac_cv_env_LIBOSMOCODEC_LIBS_value=/home/phd/osmocom-bb/src/shared/libosmocore/build-host/src/codec/.libs/libosmocodec.a
ac_cv_env_LIBOSMOCORE_CFLAGS_set=set
ac_cv_env_LIBOSMOCORE_CFLAGS_value=-I/home/phd/osmocom-bb/src/shared/libosmocore/include
ac_cv_env_LIBOSMOCORE_LIBS_set=set
ac_cv_env_LIBOSMOCORE_LIBS_value=/home/phd/osmocom-bb/src/shared/libosmocore/build-host/src/.libs/libosmocore.a
ac_cv_env_LIBOSMOGSM_CFLAGS_set=set
ac_cv_env_LIBOSMOGSM_CFLAGS_value=-I/home/phd/osmocom-bb/src/shared/libosmocore/include
ac_cv_env_LIBOSMOGSM_LIBS_set=set
ac_cv_env_LIBOSMOGSM_LIBS_value=/home/phd/osmocom-bb/src/shared/libosmocore/build-host/src/gsm/.libs/libosmogsm.a
ac_cv_env_LIBOSMOVTY_CFLAGS_set=set
ac_cv_env_LIBOSMOVTY_CFLAGS_value=-I/home/phd/osmocom-bb/src/shared/libosmocore/include
ac_cv_env_LIBOSMOVTY_LIBS_set=set
ac_cv_env_LIBOSMOVTY_LIBS_value=/home/phd/osmocom-bb/src/shared/libosmocore/build-host/src/vty/.libs/libosmovty.a
ac_cv_env_LIBS_set=
ac_cv_env_LIBS_value=
ac_cv_env_PKG_CONFIG_LIBDIR_set=
ac_cv_env_PKG_CONFIG_LIBDIR_value=
ac_cv_env_PKG_CONFIG_PATH_set=
ac_cv_env_PKG_CONFIG_PATH_value=
ac_cv_env_PKG_CONFIG_set=
ac_cv_env_PKG_CONFIG_value=
ac_cv_env_build_alias_set=
ac_cv_env_build_alias_value=
ac_cv_env_host_alias_set=
ac_cv_env_host_alias_value=
ac_cv_env_target_alias_set=
ac_cv_env_target_alias_value=
ac_cv_header_stdc=yes
ac_cv_lib_gps_gps_waiting=no
ac_cv_objext=o
ac_cv_path_EGREP='/bin/grep -E'
ac_cv_path_GREP=/bin/grep
ac_cv_path_ac_pt_PKG_CONFIG=/usr/bin/pkg-config
ac_cv_path_install='/usr/bin/install -c'
ac_cv_path_mkdir=/bin/mkdir
ac_cv_prog_AWK=mawk
ac_cv_prog_CPP='gcc -E'
ac_cv_prog_ac_ct_CC=gcc
ac_cv_prog_ac_ct_RANLIB=ranlib
ac_cv_prog_cc_c89=
ac_cv_prog_cc_g=yes
ac_cv_prog_make_make_set=yes
am_cv_CC_dependencies_compiler_type=gcc3
am_cv_make_support_nested_variables=yes
am_cv_prog_cc_c_o=yes
pkg_cv_LIBOSMOCODEC_CFLAGS=-I/home/phd/osmocom-bb/src/shared/libosmocore/include
pkg_cv_LIBOSMOCODEC_LIBS=/home/phd/osmocom-bb/src/shared/libosmocore/build-host/src/codec/.libs/libosmocodec.a
pkg_cv_LIBOSMOCORE_CFLAGS=-I/home/phd/osmocom-bb/src/shared/libosmocore/include
pkg_cv_LIBOSMOCORE_LIBS=/home/phd/osmocom-bb/src/shared/libosmocore/build-host/src/.libs/libosmocore.a
pkg_cv_LIBOSMOGSM_CFLAGS=-I/home/phd/osmocom-bb/src/shared/libosmocore/include
pkg_cv_LIBOSMOGSM_LIBS=/home/phd/osmocom-bb/src/shared/libosmocore/build-host/src/gsm/.libs/libosmogsm.a
pkg_cv_LIBOSMOVTY_CFLAGS=-I/home/phd/osmocom-bb/src/shared/libosmocore/include
pkg_cv_LIBOSMOVTY_LIBS=/home/phd/osmocom-bb/src/shared/libosmocore/build-host/src/vty/.libs/libosmovty.a

## ----------------- ##
## Output variables. ##
## ----------------- ##

ACLOCAL='${SHELL} /home/phd/osmocom-bb/src/host/layer23/missing aclocal-1.14'
AMDEPBACKSLASH='\'
AMDEP_FALSE='#'
AMDEP_TRUE=''
AMTAR='$${TAR-tar}'
AM_BACKSLASH='\'
AM_DEFAULT_V='$(AM_DEFAULT_VERBOSITY)'
AM_DEFAULT_VERBOSITY='0'
AM_V='$(V)'
AUTOCONF='${SHELL} /home/phd/osmocom-bb/src/host/layer23/missing autoconf'
AUTOHEADER='${SHELL} /home/phd/osmocom-bb/src/host/layer23/missing autoheader'
AUTOMAKE='${SHELL} /home/phd/osmocom-bb/src/host/layer23/missing automake-1.14'
AWK='mawk'
CC='gcc'
CCDEPMODE='depmode=gcc3'
CFLAGS='-g -O2'
CPP='gcc -E'
CPPFLAGS=''
CYGPATH_W='echo'
DEFS='-DPACKAGE_NAME=\"\" -DPACKAGE_TARNAME=\"\" -DPACKAGE_VERSION=\"\" -DPACKAGE_STRING=\"\" -DPACKAGE_BUGREPORT=\"\" -DPACKAGE_URL=\"\" -DPACKAGE=\"layer23\" -DVERSION=\"0.0.0\" -DSTDC_HEADERS=1'
DEPDIR='.deps'
ECHO_C=''
ECHO_N='-n'
ECHO_T=''
EGREP='/bin/grep -E'
EXEEXT=''
GREP='/bin/grep'
INSTALL_DATA='${INSTALL} -m 644'
INSTALL_PROGRAM='${INSTALL}'
INSTALL_SCRIPT='${INSTALL}'
INSTALL_STRIP_PROGRAM='$(install_sh) -c -s'
LDFLAGS=''
LIBOBJS=''
LIBOSMOCODEC_CFLAGS='-I/home/phd/osmocom-bb/src/shared/libosmocore/include'
LIBOSMOCODEC_LIBS='/home/phd/osmocom-bb/src/shared/libosmocore/build-host/src/codec/.libs/libosmocodec.a'
LIBOSMOCORE_CFLAGS='-I/home/phd/osmocom-bb/src/shared/libosmocore/include'
LIBOSMOCORE_LIBS='/home/phd/osmocom-bb/src/shared/libosmocore/build-host/src/.libs/libosmocore.a'
LIBOSMOGSM_CFLAGS='-I/home/phd/osmocom-bb/src/shared/libosmocore/include'
LIBOSMOGSM_LIBS='/home/phd/osmocom-bb/src/shared/libosmocore/build-host/src/gsm/.libs/libosmogsm.a'
LIBOSMOVTY_CFLAGS='-I/home/phd/osmocom-bb/src/shared/libosmocore/include'
LIBOSMOVTY_LIBS='/home/phd/osmocom-bb/src/shared/libosmocore/build-host/src/vty/.libs/libosmovty.a'
LIBS=''
LTLIBOBJS=''
MAKEINFO='${SHELL} /home/phd/osmocom-bb/src/host/layer23/missing makeinfo'
MKDIR_P='/bin/mkdir -p'
OBJEXT='o'
PACKAGE='layer23'
PACKAGE_BUGREPORT=''
PACKAGE_NAME=''
PACKAGE_STRING=''
PACKAGE_TARNAME=''
PACKAGE_URL=''
PACKAGE_VERSION=''
PATH_SEPARATOR=':'
PKG_CONFIG='/usr/bin/pkg-config'
PKG_CONFIG_LIBDIR=''
PKG_CONFIG_PATH=''
RANLIB='ranlib'
SET_MAKE=''
SHELL='/bin/bash'
STRIP=''
VERSION='0.0.0'
ac_ct_CC='gcc'
am__EXEEXT_FALSE=''
am__EXEEXT_TRUE='#'
am__fastdepCC_FALSE='#'
am__fastdepCC_TRUE=''
am__include='include'
am__isrc=''
am__leading_dot='.'
am__nodep='_no'
am__quote=''
am__tar='$${TAR-tar} chof - "$$tardir"'
am__untar='$${TAR-tar} xf -'
bindir='${exec_prefix}/bin'
build_alias=''
datadir='${datarootdir}'
datarootdir='${prefix}/share'
docdir='${datarootdir}/doc/${PACKAGE}'
dvidir='${docdir}'
exec_prefix='${prefix}'
host_alias=''
htmldir='${docdir}'
includedir='${prefix}/include'
infodir='${datarootdir}/info'
install_sh='${SHELL} /home/phd/osmocom-bb/src/host/layer23/install-sh'
libdir='${exec_prefix}/lib'
libexecdir='${exec_prefix}/libexec'
localedir='${datarootdir}/locale'
localstatedir='${prefix}/var'
mandir='${datarootdir}/man'
mkdir_p='$(MKDIR_P)'
oldincludedir='/usr/include'
pdfdir='${docdir}'
prefix='/usr/local'
program_transform_name='s,x,x,'
psdir='${docdir}'
sbindir='${exec_prefix}/sbin'
sharedstatedir='${prefix}/com'
sysconfdir='${prefix}/etc'
target_alias=''

## ----------- ##
## confdefs.h. ##
## ----------- ##

/* confdefs.h */
#define PACKAGE_NAME ""
#define PACKAGE_TARNAME ""
#define PACKAGE_VERSION ""
#define PACKAGE_STRING ""
#define PACKAGE_BUGREPORT ""
#define PACKAGE_URL ""
#define PACKAGE "layer23"
#define VERSION "0.0.0"
#define STDC_HEADERS 1

configure: exit 0
